2021-04-01 20:43:13|   0.0|  0.0|INFORM|FME 2020.2.0.0 (20201027 - Build 20787 - WIN64)
2021-04-01 20:43:13|   0.0|  0.0|INFORM|FME_HOME is 'C:\Program Files\FME\'
2021-04-01 20:43:13|   0.0|  0.0|INFORM|FME ESRI Edition (node locked-crc)
2021-04-01 20:43:13|   0.0|  0.0|INFORM|Serial Number: CY27-P78W-20C5
2021-04-01 20:43:13|   0.0|  0.0|INFORM|Permanent License.
2021-04-01 20:43:15|   0.0|  0.0|INFORM|Machine host name is: IP-C61386BF
2021-04-01 20:43:15|   0.0|  0.0|INFORM|START - ProcessID: 11704, peak process memory usage: 37272 kB, current process memory usage: 37204 kB
2021-04-01 20:43:15|   0.0|  0.0|INFORM|FME Configuration: Command line arguments are `C:\Program Files\FME\fme.exe' `D:/Users/rwhite/Documents/texas-wells/wells-service/fmw\wb-xlate-1617327768398_11432' `LOG_STANDARDOUT' `YES' `LogCountServerName' `{73c9b3dc-e2d7-4da4-8848-732b99a369b2}'
2021-04-01 20:43:15|   0.0|  0.0|INFORM|FME Configuration: Connection Storage: 'D:\Users\rwhite\AppData\Roaming\Safe Software\FME\'
2021-04-01 20:43:18|   0.7|  0.7|INFORM|Shared folders for formats are : C:\Program Files\FME\datasources;D:\Users\rwhite\Documents\FME\Formats
2021-04-01 20:43:18|   0.7|  0.0|INFORM|Shared folders for transformers are : D:\Users\rwhite\AppData\Roaming\Safe Software\FME\Packages\20787-win64\transformers;C:\Program Files\FME\transformers
2021-04-01 20:43:18|   0.7|  0.0|INFORM|Shared folders for coordinate systems are : D:\Users\rwhite\Documents\FME\CoordinateSystems
2021-04-01 20:43:18|   0.7|  0.0|INFORM|Shared folders for coordinate system exceptions are : D:\Users\rwhite\Documents\FME\CoordinateSystemExceptions
2021-04-01 20:43:18|   0.7|  0.0|INFORM|Shared folders for coordinate system grid overrides are : D:\Users\rwhite\Documents\FME\CoordinateSystemGridOverrides
2021-04-01 20:43:18|   0.7|  0.0|INFORM|Shared folders for CS-MAP transformation exceptions are : D:\Users\rwhite\Documents\FME\CsmapTransformationExceptions
2021-04-01 20:43:18|   0.7|  0.0|INFORM|Shared folders for transformer categories are : D:\Users\rwhite\Documents\FME\TransformerCategories
2021-04-01 20:43:18|   0.7|  0.0|INFORM|FME Configuration: Reader Keyword is `MULTI_READER'
2021-04-01 20:43:18|   0.7|  0.0|INFORM|FME Configuration: Writer Keyword is `MULTI_WRITER'
2021-04-01 20:43:18|   0.7|  0.0|INFORM|FME Configuration: Writer Group Definition Keyword is `MULTI_WRITER_DEF'
2021-04-01 20:43:18|   0.7|  0.0|INFORM|FME Configuration: Reader type is `MULTI_READER'
2021-04-01 20:43:18|   0.7|  0.0|INFORM|FME Configuration: Writer type is `MULTI_WRITER'
2021-04-01 20:43:18|   0.7|  0.0|INFORM|FME Configuration: No destination coordinate system set
2021-04-01 20:43:18|   0.8|  0.0|INFORM|FME Configuration: Current working folder is `D:\Users\rwhite\Documents\texas-wells\wells-service\fmw'
2021-04-01 20:43:18|   0.8|  0.0|INFORM|FME Configuration: Temporary folder is `D:\Users\rwhite\AppData\Local\Temp\1\wbrun_1617327723706_11432\fmetmp_1617327773754_11432', set from environment variable `FME_TEMP'
2021-04-01 20:43:18|   0.8|  0.0|INFORM|FME Configuration: FME_HOME is `C:\Program Files\FME\'
2021-04-01 20:43:18|   0.8|  0.0|INFORM|FME Configuration: FME_BASE is 'no'
2021-04-01 20:43:18|   0.8|  0.0|INFORM|FME Configuration: FME_MF_DIR is 'D:\Users\rwhite\Documents\texas-wells\wells-service\fmw/'
2021-04-01 20:43:18|   0.8|  0.0|INFORM|FME Configuration: FME_MF_NAME is 'permits_water.fmw'
2021-04-01 20:43:18|   0.8|  0.0|INFORM|FME Configuration: FME_PRODUCT_NAME is 'FME(R) 2020.2.0.0'
2021-04-01 20:43:18|   0.8|  0.0|INFORM|System Status: 270.28 GB of disk space available in the FME temporary folder (D:\Users\rwhite\AppData\Local\Temp\1\wbrun_1617327723706_11432\fmetmp_1617327773754_11432)
2021-04-01 20:43:18|   0.8|  0.0|INFORM|System Status: 15.82 GB of physical memory available
2021-04-01 20:43:18|   0.8|  0.0|INFORM|System Status: 63.26 GB of virtual memory available
2021-04-01 20:43:18|   0.8|  0.0|INFORM|Operating System: Microsoft Windows Server 10 Server 4.0 64-bit  (Build 14393)
2021-04-01 20:43:18|   0.8|  0.0|INFORM|FME Platform: WIN64
2021-04-01 20:43:18|   0.8|  0.0|INFORM|Locale: en_US
2021-04-01 20:43:18|   0.8|  0.0|INFORM|System Encoding: windows-1252
2021-04-01 20:43:18|   0.8|  0.0|INFORM|FME Configuration: Start freeing memory when the process exceeds 47.45 GB
2021-04-01 20:43:18|   0.8|  0.0|INFORM|FME Configuration: Stop freeing memory when the process is below 35.59 GB
2021-04-01 20:43:18|   0.8|  0.1|INFORM|Creating writer for format: 
2021-04-01 20:43:18|   0.8|  0.0|INFORM|Creating reader for format: 
2021-04-01 20:43:18|   0.8|  0.0|INFORM|MULTI_READER(MULTI_READER): Will fail with first member reader failure
2021-04-01 20:43:18|   0.8|  0.0|INFORM|Using Multi Reader with keyword `MULTI_READER' to read multiple datasets
2021-04-01 20:43:18|   0.8|  0.0|INFORM|Using MultiWriter with keyword `MULTI_WRITER' to output data (ID_ATTRIBUTE is `multi_writer_id')
2021-04-01 20:43:18|   0.8|  0.0|INFORM|Writer output will be ordered by value of multi_writer_id
2021-04-01 20:43:18|   0.8|  0.0|INFORM|Loaded module 'QueryFactory' from file 'C:\Program Files\FME\plugins/QueryFactory.dll'
2021-04-01 20:43:18|   0.8|  0.0|INFORM|FME API version of module 'QueryFactory' matches current internal version (3.8 20200115)
2021-04-01 20:43:18|   0.8|  0.0|INFORM|Loaded module 'LogCount_func' from file 'C:\Program Files\FME\plugins/LogCount_func.dll'
2021-04-01 20:43:18|   0.8|  0.0|INFORM|FME API version of module 'LogCount_func' matches current internal version (3.8 20200115)
2021-04-01 20:43:18|   0.8|  0.0|INFORM|FME API version of module 'QueryFactory' matches current internal version (3.8 20200115)
2021-04-01 20:43:18|   0.8|  0.0|INFORM|Loaded module 'FeatureJoinerFactory' from file 'C:\Program Files\FME\plugins/FeatureJoinerFactory.dll'
2021-04-01 20:43:18|   0.8|  0.0|INFORM|FME API version of module 'FeatureJoinerFactory' matches current internal version (3.8 20200115)
2021-04-01 20:43:18|   0.8|  0.0|INFORM|Emptying factory pipeline
2021-04-01 20:43:18|   0.9|  0.1|INFORM|FME Configuration: Using connection values from 'pg.whitestar.com' for R_1
2021-04-01 20:43:18|   0.9|  0.0|INFORM|Creating reader for format: PostgreSQL
2021-04-01 20:43:18|   1.0|  0.0|INFORM|Trying to find a DYNAMIC plugin for reader named `POSTGRES'
2021-04-01 20:43:19|   1.0|  0.0|INFORM|Loaded module 'POSTGRES' from file 'C:\Program Files\FME\plugins/POSTGIS.dll'
2021-04-01 20:43:19|   1.0|  0.0|INFORM|FME API version of module 'POSTGRES' matches current internal version (3.8 20200115)
2021-04-01 20:43:19|   1.0|  0.0|INFORM|Performing query against POSTGRES dataset `pg.whitestar.com'
2021-04-01 20:43:19|   1.0|  0.0|INFORM|Opening POSTGRES reader for dataset 'postgis20'
2021-04-01 20:43:20|   1.0|  0.0|INFORM|PostGIS client encoding: 'UTF8'
2021-04-01 20:43:20|   1.0|  0.0|INFORM|PostgreSQL 11.10 on x86_64-pc-linux-gnu, compiled by gcc (GCC) 4.8.5 20150623 (Red Hat 4.8.5-11), 64-bit
2021-04-01 20:43:20|   1.0|  0.0|INFORM|POSTGRES reader: Building features into bulk mode features
2021-04-01 20:43:20|   1.0|  0.0|INFORM|Executing custom data query: 'select distinct
wb_api as api,
wb_fresh_water_cntr as fresh_cntr,
wb_twdb_date as twdb_date,
wb_surace_casing_deter_code as csg_dtr_cd,
wb_uqwp_from as uqwp_from,
wb_uqwp_to as uqwp_to
from wb11_test'
2021-04-01 20:43:25|   3.2|  2.2|INFORM|POSTGRES reader: Read 90000 features
2021-04-01 20:43:30|   6.7|  3.5|INFORM|POSTGRES reader: Read 220000 features
2021-04-01 20:43:35|  10.6|  3.9|INFORM|POSTGRES reader: Read 360000 features
2021-04-01 20:43:40|  14.5|  3.9|INFORM|POSTGRES reader: Read 500000 features
2021-04-01 20:43:43|  17.8|  3.3|STATS |SQLCreator_2_Creator (CreationFactory): Created 1 features
2021-04-01 20:43:43|  17.8|  0.0|INFORM|Successfully closed POSTGRES database reader
2021-04-01 20:43:44|  17.8|  0.0|INFORM|Successfully closed POSTGRES database reader
2021-04-01 20:43:44|  17.8|  0.0|STATS |SQLCreator_2_RESULT Feature Counter -1 17 (TeeFactory): Cloned 615587 input feature(s) into 615587 output feature(s)
2021-04-01 20:43:44|  17.8|  0.0|STATS |SQLCreator_2_RESULT Brancher -1 17 (BranchingFactory): Branched 615587 input features -- 7 features routed to the target factory, and 0 features routed to the fallback factory.
2021-04-01 20:43:44|  17.8|  0.0|STATS |SQLCreator_2_<REJECTED> Feature Counter -1 2147614734 (TeeFactory): Cloned 0 input feature(s) into 0 output feature(s)
2021-04-01 20:43:44|  17.9|  0.1|INFORM|FME Configuration: Using connection values from 'pg.whitestar.com' for R_2
2021-04-01 20:43:44|  17.9|  0.0|INFORM|Creating reader for format: PostGIS
2021-04-01 20:43:45|  18.0|  0.0|INFORM|Trying to find a DYNAMIC plugin for reader named `POSTGIS'
2021-04-01 20:43:45|  18.0|  0.0|INFORM|FME Configuration: Source coordinate system for reader R_2[POSTGIS] set to `LL27'
2021-04-01 20:43:45|  18.0|  0.0|INFORM|Coordinate System `LL27' parameters: CS_NAME=`LL27' DESC_NM=`NAD27 datum, Latitude-Longitude; Degrees' DT_NAME=`NAD27' EPSG_QD=`-1' GROUP=`LL' MAP_SCL=`1' MAX_LAT=`85.16666666666667' MAX_LNG=`-45.733333333333334' MIN_LAT=`5.983333333333333' MIN_LNG=`-194.35' PROJ=`LL' QUAD=`1' SCL_RED=`1' SOURCE=`Mentor Software' UNIT=`DEGREE'
2021-04-01 20:43:45|  18.0|  0.0|INFORM|FME API version of module 'POSTGIS' matches current internal version (3.8 20200115)
2021-04-01 20:43:45|  18.0|  0.0|INFORM|Performing query against POSTGIS dataset `pg.whitestar.com'
2021-04-01 20:43:45|  18.0|  0.0|INFORM|Opening POSTGIS reader for dataset 'postgis20'
2021-04-01 20:43:45|  18.0|  0.0|INFORM|PostGIS client encoding: 'UTF8'
2021-04-01 20:43:45|  18.0|  0.0|INFORM|PostgreSQL 11.10 on x86_64-pc-linux-gnu, compiled by gcc (GCC) 4.8.5 20150623 (Red Hat 4.8.5-11), 64-bit
2021-04-01 20:43:45|  18.0|  0.0|INFORM|2.5 USE_GEOS=1 USE_PROJ=1 USE_STATS=1
2021-04-01 20:43:45|  18.0|  0.0|INFORM|POSTGIS reader: Building features into bulk mode features
2021-04-01 20:43:45|  18.0|  0.0|INFORM|Executing custom data query: 'select *
from tx_header_pre_cum_test
where length(api) = 8'
2021-04-01 20:43:45|  18.1|  0.2|WARN  |NOT changing coordinate system of reader identified by keyword `R_2' from `LL27' to `EPSG:4267' -- mapping file setting of `LL27' overrides coordinate system `EPSG:4267' read from file
2021-04-01 20:43:53|  24.4|  6.3|INFORM|POSTGIS reader: Read 20000 features
2021-04-01 20:43:58|  27.7|  3.2|INFORM|POSTGIS reader: Read 30000 features
2021-04-01 20:44:03|  30.8|  3.1|INFORM|POSTGIS reader: Read 40000 features
2021-04-01 20:44:13|  37.2|  6.4|INFORM|POSTGIS reader: Read 60000 features
2021-04-01 20:44:21|  43.6|  6.4|INFORM|POSTGIS reader: Read 80000 features
2021-04-01 20:44:28|  46.6|  2.9|INFORM|POSTGIS reader: Read 90000 features
2021-04-01 20:44:36|  52.9|  6.3|INFORM|POSTGIS reader: Read 110000 features
2021-04-01 20:44:44|  59.1|  6.2|INFORM|POSTGIS reader: Read 130000 features
2021-04-01 20:44:56|  65.0|  6.0|INFORM|POSTGIS reader: Read 150000 features
2021-04-01 20:45:04|  70.9|  5.9|INFORM|POSTGIS reader: Read 170000 features
2021-04-01 20:45:15|  77.2|  6.3|INFORM|POSTGIS reader: Read 190000 features
2021-04-01 20:45:24|  83.8|  6.6|INFORM|POSTGIS reader: Read 210000 features
2021-04-01 20:45:34|  90.3|  6.5|INFORM|POSTGIS reader: Read 230000 features
2021-04-01 20:45:39|  93.8|  3.5|INFORM|POSTGIS reader: Read 240000 features
2021-04-01 20:45:47| 101.1|  7.3|INFORM|POSTGIS reader: Read 260000 features
2021-04-01 20:45:53| 104.4|  3.3|INFORM|POSTGIS reader: Read 270000 features
2021-04-01 20:45:58| 107.8|  3.3|INFORM|POSTGIS reader: Read 280000 features
2021-04-01 20:46:04| 110.7|  3.0|INFORM|POSTGIS reader: Read 290000 features
2021-04-01 20:46:09| 113.8|  3.0|INFORM|POSTGIS reader: Read 300000 features
2021-04-01 20:46:14| 117.0|  3.3|INFORM|POSTGIS reader: Read 310000 features
2021-04-01 20:46:19| 120.5|  3.5|INFORM|POSTGIS reader: Read 320000 features
2021-04-01 20:46:25| 123.6|  3.1|INFORM|POSTGIS reader: Read 330000 features
2021-04-01 20:46:30| 126.8|  3.2|INFORM|POSTGIS reader: Read 340000 features
2021-04-01 20:46:37| 133.0|  6.2|INFORM|POSTGIS reader: Read 360000 features
2021-04-01 20:46:44| 139.9|  7.0|INFORM|POSTGIS reader: Read 380000 features
2021-04-01 20:46:54| 146.7|  6.8|INFORM|POSTGIS reader: Read 400000 features
2021-04-01 20:47:01| 153.1|  6.4|INFORM|POSTGIS reader: Read 420000 features
2021-04-01 20:47:11| 159.1|  6.0|INFORM|POSTGIS reader: Read 440000 features
2021-04-01 20:47:18| 165.4|  6.3|INFORM|POSTGIS reader: Read 460000 features
2021-04-01 20:47:25| 171.5|  6.0|INFORM|POSTGIS reader: Read 480000 features
2021-04-01 20:47:30| 175.2|  3.7|INFORM|POSTGIS reader: Read 490000 features
2021-04-01 20:47:40| 181.7|  6.5|INFORM|POSTGIS reader: Read 510000 features
2021-04-01 20:47:45| 185.3|  3.6|INFORM|POSTGIS reader: Read 520000 features
2021-04-01 20:47:55| 192.0|  6.7|INFORM|POSTGIS reader: Read 540000 features
2021-04-01 20:48:01| 195.2|  3.2|INFORM|POSTGIS reader: Read 550000 features
2021-04-01 20:48:09| 201.4|  6.2|INFORM|POSTGIS reader: Read 570000 features
2021-04-01 20:48:17| 207.6|  6.2|INFORM|POSTGIS reader: Read 590000 features
2021-04-01 20:48:25| 213.8|  6.3|INFORM|POSTGIS reader: Read 610000 features
2021-04-01 20:48:31| 217.2|  3.3|INFORM|POSTGIS reader: Read 620000 features
2021-04-01 20:48:39| 222.9|  5.8|INFORM|POSTGIS reader: Read 640000 features
2021-04-01 20:48:51| 229.9|  6.9|INFORM|POSTGIS reader: Read 660000 features
2021-04-01 20:48:59| 233.2|  3.3|INFORM|POSTGIS reader: Read 670000 features
2021-04-01 20:49:07| 239.1|  5.9|INFORM|POSTGIS reader: Read 690000 features
2021-04-01 20:49:12| 242.1|  3.0|INFORM|POSTGIS reader: Read 700000 features
2021-04-01 20:49:19| 245.0|  2.9|INFORM|POSTGIS reader: Read 710000 features
2021-04-01 20:49:26| 247.7|  2.7|INFORM|POSTGIS reader: Read 720000 features
2021-04-01 20:49:32| 253.6|  5.9|INFORM|POSTGIS reader: Read 740000 features
2021-04-01 20:49:38| 259.4|  5.8|INFORM|POSTGIS reader: Read 760000 features
2021-04-01 20:49:45| 265.3|  5.9|INFORM|POSTGIS reader: Read 780000 features
2021-04-01 20:49:51| 271.0|  5.7|INFORM|POSTGIS reader: Read 800000 features
2021-04-01 20:49:57| 276.8|  5.8|INFORM|POSTGIS reader: Read 820000 features
2021-04-01 20:50:07| 282.7|  5.9|INFORM|POSTGIS reader: Read 840000 features
2021-04-01 20:50:13| 288.4|  5.6|INFORM|POSTGIS reader: Read 860000 features
2021-04-01 20:50:20| 294.1|  5.7|INFORM|POSTGIS reader: Read 880000 features
2021-04-01 20:50:26| 299.9|  5.8|INFORM|POSTGIS reader: Read 900000 features
2021-04-01 20:50:33| 305.7|  5.8|INFORM|POSTGIS reader: Read 920000 features
2021-04-01 20:50:39| 311.8|  6.0|INFORM|POSTGIS reader: Read 940000 features
2021-04-01 20:50:45| 317.3|  5.6|INFORM|POSTGIS reader: Read 960000 features
2021-04-01 20:50:49| 320.7|  3.4|STATS |SQLCreator_3_Creator (CreationFactory): Created 1 features
2021-04-01 20:50:49| 320.7|  0.0|INFORM|Successfully closed POSTGIS database reader
2021-04-01 20:50:49| 320.9|  0.1|INFORM|Successfully closed POSTGIS database reader
2021-04-01 20:50:49| 320.9|  0.0|STATS |SQLCreator_3_RESULT Feature Counter -1 18 (TeeFactory): Cloned 971071 input feature(s) into 971071 output feature(s)
2021-04-01 20:50:49| 320.9|  0.0|STATS |SQLCreator_3_RESULT Brancher -1 18 (BranchingFactory): Branched 971071 input features -- 10 features routed to the target factory, and 0 features routed to the fallback factory.
2021-04-01 20:50:49| 320.9|  0.0|STATS |SQLCreator_3_<REJECTED> Feature Counter -1 2147614736 (TeeFactory): Cloned 0 input feature(s) into 0 output feature(s)
2021-04-01 20:50:49| 320.9|  0.0|STATS |_CREATOR_BRANCH_TARGET (TeeFactory): Cloned 1586658 input feature(s) into 1586658 output feature(s)
2021-04-01 20:50:54| 323.0|  2.1|INFORM|FeatureJoiner (FeatureJoinerFactory): Indexing features: Processed 370000 / 615587
2021-04-01 20:50:56| 324.4|  1.4|INFORM|FeatureJoiner (FeatureJoinerFactory): Indexing features: Processed 615587 / 615587
2021-04-01 20:51:02| 329.1|  4.8|INFORM|FeatureJoiner (FeatureJoinerFactory): Joining features: Processed 120000 / 971071
2021-04-01 20:51:11| 336.9|  7.7|INFORM|StringLengthCalculator_3(@Tcl2): Processed 100000 features
2021-04-01 20:51:11| 337.2|  0.3|INFORM|FeatureJoiner (FeatureJoinerFactory): Joining features: Processed 190000 / 971071
2021-04-01 20:51:16| 340.6|  3.4|INFORM|FeatureJoiner (FeatureJoinerFactory): Joining features: Processed 280000 / 971071
2021-04-01 20:51:24| 346.2|  5.5|INFORM|ResourceManager: Optimizing Memory Usage.  Please wait...
2021-04-01 20:51:26| 347.7|  1.5|INFORM|Tester_2 (TestFactory): Processed 75161 of 100000 features
2021-04-01 20:51:26| 348.3|  0.6|INFORM|Tester_2 (TestFactory): Processed 100000 of 100000 features
2021-04-01 20:51:26| 348.5|  0.2|INFORM|StringLengthCalculator_3(@Tcl2): Processed 100000 features
2021-04-01 20:51:27| 348.7|  0.2|INFORM|FeatureJoiner (FeatureJoinerFactory): Joining features: Processed 340000 / 971071
2021-04-01 20:51:32| 353.3|  4.6|INFORM|FeatureJoiner (FeatureJoinerFactory): Joining features: Processed 460000 / 971071
2021-04-01 20:51:36| 357.4|  4.1|INFORM|ResourceManager: Optimizing Memory Usage.  Please wait...
2021-04-01 20:51:37| 358.2|  0.8|WARN  |Failed to free sufficient memory to reach the process usage limit. To improve stability and performance please increase the memory available to FME. Available memory can be increased by adding physical RAM, increasing swap space, or closing other applications
2021-04-01 20:51:39| 360.1|  1.9|INFORM|StringLengthCalculator_3(@Tcl2): Processed 100000 features
2021-04-01 20:51:39| 360.4|  0.3|INFORM|FeatureJoiner (FeatureJoinerFactory): Joining features: Processed 500000 / 971071
2021-04-01 20:51:44| 364.1|  3.8|INFORM|FeatureJoiner (FeatureJoinerFactory): Joining features: Processed 600000 / 971071
2021-04-01 20:51:52| 371.4|  7.2|INFORM|StringLengthCalculator_3(@Tcl2): Processed 100000 features
2021-04-01 20:51:52| 371.8|  0.4|INFORM|FeatureJoiner (FeatureJoinerFactory): Joining features: Processed 650000 / 971071
2021-04-01 20:51:57| 375.3|  3.5|INFORM|FeatureJoiner (FeatureJoinerFactory): Joining features: Processed 730000 / 971071
2021-04-01 20:52:06| 383.6|  8.4|INFORM|StringLengthCalculator_3(@Tcl2): Processed 100000 features
2021-04-01 20:52:06| 383.9|  0.2|INFORM|FeatureJoiner (FeatureJoinerFactory): Joining features: Processed 790000 / 971071
2021-04-01 20:52:11| 388.1|  4.2|INFORM|FeatureJoiner (FeatureJoinerFactory): Joining features: Processed 880000 / 971071
2021-04-01 20:52:20| 396.2|  8.2|INFORM|StringLengthCalculator_3(@Tcl2): Processed 100000 features
2021-04-01 20:52:20| 396.4|  0.2|INFORM|FeatureJoiner (FeatureJoinerFactory): Joining features: Processed 950000 / 971071
2021-04-01 20:52:21| 397.1|  0.7|INFORM|FeatureJoiner (FeatureJoinerFactory): Joining features: Processed 971071 / 971071
2021-04-01 20:52:23| 399.1|  2.0|STATS |FeatureJoiner_JOINED Feature Counter -1 13 (TeeFactory): Cloned 614262 input feature(s) into 614262 output feature(s)
2021-04-01 20:52:23| 399.1|  0.0|STATS |FeatureJoiner_<REJECTED> Feature Counter -1 2147811343 (TeeFactory): Cloned 0 input feature(s) into 0 output feature(s)
2021-04-01 20:52:23| 399.1|  0.0|STATS |StringLengthCalculator_3 (TeeFactory): Cloned 614262 input feature(s) into 614262 output feature(s)
2021-04-01 20:52:23| 399.1|  0.0|STATS |StringLengthCalculator_3_OUTPUT Feature Counter -1 19 (TeeFactory): Cloned 614262 input feature(s) into 614262 output feature(s)
2021-04-01 20:52:23| 399.1|  0.0|STATS |Tester_2 (TestFactory): Tested 614262 input feature(s) -- 0 feature(s) passed and 614262 feature(s) failed
2021-04-01 20:52:23| 399.1|  0.0|STATS |Tester_2_PASSED Feature Counter -1 20 (TeeFactory): Cloned 0 input feature(s) into 0 output feature(s)
2021-04-01 20:52:23| 399.1|  0.0|STATS |Tester_2_FAILED Feature Counter -1 22 (TeeFactory): Cloned 614262 input feature(s) into 614262 output feature(s)
2021-04-01 20:52:23| 399.1|  0.0|STATS |StringPadder_3_CheckWidth (TestFactory): Tested 0 input feature(s) -- 0 feature(s) passed and 0 feature(s) failed
2021-04-01 20:52:23| 399.1|  0.0|STATS |StringPadder_3_StringPadder (TeeFactory): Cloned 0 input feature(s) into 0 output feature(s)
2021-04-01 20:52:23| 399.1|  0.0|STATS |StringPadder_3_<REJECTED> Feature Counter -1 23 (TeeFactory): Cloned 0 input feature(s) into 0 output feature(s)
2021-04-01 20:52:23| 399.1|  0.0|STATS |AttributeCreator_4_OUTPUT Feature Counter -1 21 (TeeFactory): Cloned 614262 input feature(s) into 614262 output feature(s)
2021-04-01 20:52:39| 413.5| 14.4|INFORM|Sorting: Loaded 160000 of 614262 features
2021-04-01 20:52:47| 420.9|  7.4|INFORM|Sorting: Loaded 320000 of 614262 features
2021-04-01 20:52:56| 428.5|  7.7|INFORM|Sorting: Loaded 480000 of 614262 features
2021-04-01 20:53:00| 431.9|  3.4|INFORM|Sorting: Loaded 614262 of 614262 features
2021-04-01 20:53:06| 437.3|  5.4|INFORM|Sorting: 1.63% complete
2021-04-01 20:53:12| 438.8|  1.5|INFORM|Sorting: 9.77% complete
2021-04-01 20:53:17| 440.0|  1.1|INFORM|Sorting: 14.65% complete
2021-04-01 20:53:24| 441.3|  1.3|INFORM|Sorting: 19.54% complete
2021-04-01 20:53:31| 442.6|  1.3|INFORM|Sorting: 24.42% complete
2021-04-01 20:53:36| 445.7|  3.1|INFORM|Sorting: 37.44% complete
2021-04-01 20:53:41| 449.7|  4.0|INFORM|Sorting: 53.72% complete
2021-04-01 20:53:46| 454.5|  4.9|INFORM|Sorting: 74.89% complete
2021-04-01 20:53:51| 459.6|  5.1|INFORM|Sorting: 96.05% complete
2021-04-01 20:53:59| 467.2|  7.6|INFORM|FME Configuration: Using connection values from 'pg.whitestar.com' for POSTGIS_1
2021-04-01 20:53:59| 467.2|  0.0|INFORM|Creating writer for format: PostGIS
2021-04-01 20:53:59| 467.2|  0.0|INFORM|Trying to find a DYNAMIC plugin for writer named `POSTGIS'
2021-04-01 20:53:59| 467.2|  0.0|INFORM|FME API version of module 'POSTGIS' matches current internal version (3.8 20200115)
2021-04-01 20:53:59| 467.2|  0.0|INFORM|FME Configuration: No destination coordinate system set
2021-04-01 20:53:59| 467.2|  0.0|INFORM|POSTGIS writer: Splitting bulk mode features into features
2021-04-01 20:53:59| 467.7|  0.5|INFORM|FME API version of module 'POSTGIS' matches current internal version (3.8 20200115)
2021-04-01 20:53:59| 467.7|  0.0|INFORM|Writer `POSTGIS_1' of type `POSTGIS' using group definition keyword `POSTGIS_1_DEF'
2021-04-01 20:53:59| 467.7|  0.0|INFORM|FME API version of module 'POSTGIS' matches current internal version (3.8 20200115)
2021-04-01 20:53:59| 467.7|  0.0|INFORM|Opening POSTGIS writer for dataset 'postgis20'...
2021-04-01 20:53:59| 467.7|  0.0|INFORM|PostGIS client encoding: 'UTF8'
2021-04-01 20:53:59| 467.7|  0.0|INFORM|PostgreSQL 11.10 on x86_64-pc-linux-gnu, compiled by gcc (GCC) 4.8.5 20150623 (Red Hat 4.8.5-11), 64-bit
2021-04-01 20:53:59| 467.7|  0.0|INFORM|2.5 USE_GEOS=1 USE_PROJ=1 USE_STATS=1
2021-04-01 20:53:59| 467.7|  0.0|INFORM|Testing for the existence of table 'public.tx_water_latest_build_test'...
2021-04-01 20:53:59| 467.7|  0.0|INFORM|Creating table 'public.tx_water_latest_build_test'...
2021-04-01 20:54:00| 468.6|  0.9|INFORM|POSTGIS Writer: Creating 'unquoted WKB' geometry processor for feature type 'public.tx_water_latest_build_test'
2021-04-01 20:54:00| 468.7|  0.0|INFORM|POSTGIS Writer: Creating 'streaming Bulk Copy' feature type processor for feature type 'public.tx_water_latest_build_test'
2021-04-01 20:54:01| 468.9|  0.3|INFORM|Committed transaction at feature '1000'
2021-04-01 20:54:01| 469.1|  0.2|INFORM|Committed transaction at feature '2000'
2021-04-01 20:54:01| 469.3|  0.2|INFORM|Committed transaction at feature '3000'
2021-04-01 20:54:01| 469.5|  0.2|INFORM|Committed transaction at feature '4000'
2021-04-01 20:54:02| 469.7|  0.2|INFORM|Committed transaction at feature '5000'
2021-04-01 20:54:02| 470.0|  0.3|INFORM|Committed transaction at feature '6000'
2021-04-01 20:54:02| 470.1|  0.2|INFORM|Committed transaction at feature '7000'
2021-04-01 20:54:02| 470.4|  0.2|INFORM|Committed transaction at feature '8000'
2021-04-01 20:54:03| 470.6|  0.2|INFORM|Committed transaction at feature '9000'
2021-04-01 20:54:03| 470.9|  0.3|INFORM|Committed transaction at feature '10000'
2021-04-01 20:54:03| 471.4|  0.5|INFORM|Committed transaction at feature '11000'
2021-04-01 20:54:04| 471.5|  0.1|INFORM|POSTGIS writer: 11289 of 614262 features written
2021-04-01 20:54:04| 471.6|  0.2|INFORM|Committed transaction at feature '12000'
2021-04-01 20:54:04| 472.0|  0.3|INFORM|Committed transaction at feature '13000'
2021-04-01 20:54:04| 472.3|  0.3|INFORM|Committed transaction at feature '14000'
2021-04-01 20:54:05| 472.5|  0.3|INFORM|Committed transaction at feature '15000'
2021-04-01 20:54:05| 472.8|  0.3|INFORM|Committed transaction at feature '16000'
2021-04-01 20:54:05| 473.1|  0.3|INFORM|Committed transaction at feature '17000'
2021-04-01 20:54:05| 473.3|  0.3|INFORM|Committed transaction at feature '18000'
2021-04-01 20:54:06| 473.6|  0.3|INFORM|Committed transaction at feature '19000'
2021-04-01 20:54:06| 473.9|  0.3|INFORM|Committed transaction at feature '20000'
2021-04-01 20:54:07| 474.4|  0.5|INFORM|Committed transaction at feature '21000'
2021-04-01 20:54:07| 474.6|  0.2|INFORM|Committed transaction at feature '22000'
2021-04-01 20:54:07| 474.9|  0.3|INFORM|Committed transaction at feature '23000'
2021-04-01 20:54:07| 475.1|  0.3|INFORM|Committed transaction at feature '24000'
2021-04-01 20:54:08| 475.4|  0.3|INFORM|Committed transaction at feature '25000'
2021-04-01 20:54:08| 475.7|  0.3|INFORM|Committed transaction at feature '26000'
2021-04-01 20:54:08| 475.9|  0.3|INFORM|Committed transaction at feature '27000'
2021-04-01 20:54:08| 476.2|  0.3|INFORM|Committed transaction at feature '28000'
2021-04-01 20:54:09| 476.2|  0.1|INFORM|POSTGIS writer: 28241 of 614262 features written
2021-04-01 20:54:09| 476.4|  0.2|INFORM|Committed transaction at feature '29000'
2021-04-01 20:54:09| 476.7|  0.2|INFORM|Committed transaction at feature '30000'
2021-04-01 20:54:09| 477.0|  0.4|INFORM|Committed transaction at feature '31000'
2021-04-01 20:54:10| 477.3|  0.3|INFORM|Committed transaction at feature '32000'
2021-04-01 20:54:10| 477.5|  0.3|INFORM|Committed transaction at feature '33000'
2021-04-01 20:54:10| 477.8|  0.3|INFORM|Committed transaction at feature '34000'
2021-04-01 20:54:10| 478.1|  0.3|INFORM|Committed transaction at feature '35000'
2021-04-01 20:54:11| 478.3|  0.3|INFORM|Committed transaction at feature '36000'
2021-04-01 20:54:11| 478.6|  0.3|INFORM|Committed transaction at feature '37000'
2021-04-01 20:54:11| 478.9|  0.3|INFORM|Committed transaction at feature '38000'
2021-04-01 20:54:12| 479.1|  0.3|INFORM|Committed transaction at feature '39000'
2021-04-01 20:54:12| 479.4|  0.3|INFORM|Committed transaction at feature '40000'
2021-04-01 20:54:12| 479.8|  0.4|INFORM|Committed transaction at feature '41000'
2021-04-01 20:54:13| 480.1|  0.3|INFORM|Committed transaction at feature '42000'
2021-04-01 20:54:13| 480.4|  0.3|INFORM|Committed transaction at feature '43000'
2021-04-01 20:54:13| 480.6|  0.3|INFORM|Committed transaction at feature '44000'
2021-04-01 20:54:13| 480.9|  0.3|INFORM|Committed transaction at feature '45000'
2021-04-01 20:54:14| 480.9|  0.0|INFORM|POSTGIS writer: 45036 of 614262 features written
2021-04-01 20:54:14| 481.2|  0.2|INFORM|Committed transaction at feature '46000'
2021-04-01 20:54:14| 481.5|  0.3|INFORM|Committed transaction at feature '47000'
2021-04-01 20:54:14| 481.7|  0.3|INFORM|Committed transaction at feature '48000'
2021-04-01 20:54:15| 482.0|  0.3|INFORM|Committed transaction at feature '49000'
2021-04-01 20:54:15| 482.3|  0.3|INFORM|Committed transaction at feature '50000'
2021-04-01 20:54:15| 482.7|  0.5|INFORM|Committed transaction at feature '51000'
2021-04-01 20:54:16| 483.0|  0.3|INFORM|Committed transaction at feature '52000'
2021-04-01 20:54:16| 483.3|  0.3|INFORM|Committed transaction at feature '53000'
2021-04-01 20:54:16| 483.5|  0.3|INFORM|Committed transaction at feature '54000'
2021-04-01 20:54:17| 483.8|  0.2|INFORM|Committed transaction at feature '55000'
2021-04-01 20:54:17| 484.0|  0.3|INFORM|Committed transaction at feature '56000'
2021-04-01 20:54:17| 484.3|  0.3|INFORM|Committed transaction at feature '57000'
2021-04-01 20:54:17| 484.6|  0.3|INFORM|Committed transaction at feature '58000'
2021-04-01 20:54:18| 484.8|  0.3|INFORM|Committed transaction at feature '59000'
2021-04-01 20:54:18| 485.1|  0.3|INFORM|Committed transaction at feature '60000'
2021-04-01 20:54:18| 485.5|  0.4|INFORM|Committed transaction at feature '61000'
2021-04-01 20:54:19| 485.6|  0.1|INFORM|POSTGIS writer: 61471 of 614262 features written
2021-04-01 20:54:19| 485.7|  0.1|INFORM|Committed transaction at feature '62000'
2021-04-01 20:54:19| 486.0|  0.3|INFORM|Committed transaction at feature '63000'
2021-04-01 20:54:19| 486.2|  0.2|INFORM|Committed transaction at feature '64000'
2021-04-01 20:54:19| 486.5|  0.3|INFORM|Committed transaction at feature '65000'
2021-04-01 20:54:20| 486.8|  0.3|INFORM|Committed transaction at feature '66000'
2021-04-01 20:54:20| 487.0|  0.3|INFORM|Committed transaction at feature '67000'
2021-04-01 20:54:20| 487.3|  0.3|INFORM|Committed transaction at feature '68000'
2021-04-01 20:54:21| 487.6|  0.3|INFORM|Committed transaction at feature '69000'
2021-04-01 20:54:21| 487.8|  0.2|INFORM|Committed transaction at feature '70000'
2021-04-01 20:54:21| 488.3|  0.4|INFORM|Committed transaction at feature '71000'
2021-04-01 20:54:22| 488.5|  0.3|INFORM|Committed transaction at feature '72000'
2021-04-01 20:54:22| 488.7|  0.2|INFORM|Committed transaction at feature '73000'
2021-04-01 20:54:22| 488.9|  0.2|INFORM|Committed transaction at feature '74000'
2021-04-01 20:54:22| 489.1|  0.2|INFORM|Committed transaction at feature '75000'
2021-04-01 20:54:23| 489.4|  0.3|INFORM|Committed transaction at feature '76000'
2021-04-01 20:54:23| 489.7|  0.3|INFORM|Committed transaction at feature '77000'
2021-04-01 20:54:23| 489.9|  0.3|INFORM|Committed transaction at feature '78000'
2021-04-01 20:54:24| 490.2|  0.3|INFORM|POSTGIS writer: 78997 of 614262 features written
2021-04-01 20:54:24| 490.2|  0.0|INFORM|Committed transaction at feature '79000'
2021-04-01 20:54:24| 490.4|  0.2|INFORM|Committed transaction at feature '80000'
2021-04-01 20:54:24| 490.8|  0.4|INFORM|Committed transaction at feature '81000'
2021-04-01 20:54:25| 491.1|  0.2|INFORM|Committed transaction at feature '82000'
2021-04-01 20:54:25| 491.3|  0.3|INFORM|Committed transaction at feature '83000'
2021-04-01 20:54:25| 491.6|  0.3|INFORM|Committed transaction at feature '84000'
2021-04-01 20:54:25| 491.8|  0.2|INFORM|Committed transaction at feature '85000'
2021-04-01 20:54:26| 491.9|  0.2|INFORM|Committed transaction at feature '86000'
2021-04-01 20:54:26| 492.2|  0.2|INFORM|Committed transaction at feature '87000'
2021-04-01 20:54:26| 492.4|  0.2|INFORM|Committed transaction at feature '88000'
2021-04-01 20:54:27| 492.6|  0.3|INFORM|Committed transaction at feature '89000'
2021-04-01 20:54:27| 492.9|  0.3|INFORM|Committed transaction at feature '90000'
2021-04-01 20:54:28| 493.4|  0.4|INFORM|Committed transaction at feature '91000'
2021-04-01 20:54:28| 493.6|  0.3|INFORM|Committed transaction at feature '92000'
2021-04-01 20:54:28| 493.8|  0.2|INFORM|Committed transaction at feature '93000'
2021-04-01 20:54:28| 494.0|  0.2|INFORM|Committed transaction at feature '94000'
2021-04-01 20:54:29| 494.3|  0.3|INFORM|POSTGIS writer: 94991 of 614262 features written
2021-04-01 20:54:29| 494.3|  0.0|INFORM|Committed transaction at feature '95000'
2021-04-01 20:54:29| 494.5|  0.2|INFORM|Committed transaction at feature '96000'
2021-04-01 20:54:29| 494.7|  0.3|INFORM|Committed transaction at feature '97000'
2021-04-01 20:54:29| 495.0|  0.3|INFORM|Committed transaction at feature '98000'
2021-04-01 20:54:30| 495.3|  0.3|INFORM|Committed transaction at feature '99000'
2021-04-01 20:54:30| 495.5|  0.3|INFORM|Committed transaction at feature '100000'
2021-04-01 20:54:30| 496.0|  0.5|INFORM|Committed transaction at feature '101000'
2021-04-01 20:54:31| 496.3|  0.3|INFORM|Committed transaction at feature '102000'
2021-04-01 20:54:31| 496.5|  0.2|INFORM|Committed transaction at feature '103000'
2021-04-01 20:54:31| 496.8|  0.3|INFORM|Committed transaction at feature '104000'
2021-04-01 20:54:31| 497.0|  0.3|INFORM|Committed transaction at feature '105000'
2021-04-01 20:54:32| 497.2|  0.2|INFORM|Committed transaction at feature '106000'
2021-04-01 20:54:32| 497.5|  0.2|INFORM|Committed transaction at feature '107000'
2021-04-01 20:54:32| 497.7|  0.3|INFORM|Committed transaction at feature '108000'
2021-04-01 20:54:32| 497.9|  0.2|INFORM|Committed transaction at feature '109000'
2021-04-01 20:54:33| 498.2|  0.2|INFORM|Committed transaction at feature '110000'
2021-04-01 20:54:33| 498.5|  0.4|INFORM|Committed transaction at feature '111000'
2021-04-01 20:54:33| 498.8|  0.2|INFORM|Committed transaction at feature '112000'
2021-04-01 20:54:34| 499.0|  0.2|INFORM|POSTGIS writer: 112800 of 614262 features written
2021-04-01 20:54:34| 499.0|  0.0|INFORM|Committed transaction at feature '113000'
2021-04-01 20:54:34| 499.2|  0.2|INFORM|Committed transaction at feature '114000'
2021-04-01 20:54:34| 499.5|  0.2|INFORM|Committed transaction at feature '115000'
2021-04-01 20:54:34| 499.7|  0.2|INFORM|Committed transaction at feature '116000'
2021-04-01 20:54:34| 499.9|  0.2|INFORM|Committed transaction at feature '117000'
2021-04-01 20:54:35| 500.1|  0.2|INFORM|Committed transaction at feature '118000'
2021-04-01 20:54:35| 500.3|  0.2|INFORM|Committed transaction at feature '119000'
2021-04-01 20:54:35| 500.5|  0.2|INFORM|Committed transaction at feature '120000'
2021-04-01 20:54:36| 500.9|  0.4|INFORM|Committed transaction at feature '121000'
2021-04-01 20:54:36| 501.2|  0.3|INFORM|Committed transaction at feature '122000'
2021-04-01 20:54:36| 501.4|  0.3|INFORM|Committed transaction at feature '123000'
2021-04-01 20:54:36| 501.7|  0.3|INFORM|Committed transaction at feature '124000'
2021-04-01 20:54:37| 501.9|  0.2|INFORM|Committed transaction at feature '125000'
2021-04-01 20:54:37| 502.1|  0.2|INFORM|Committed transaction at feature '126000'
2021-04-01 20:54:37| 502.3|  0.2|INFORM|Committed transaction at feature '127000'
2021-04-01 20:54:37| 502.6|  0.2|INFORM|Committed transaction at feature '128000'
2021-04-01 20:54:38| 502.8|  0.2|INFORM|Committed transaction at feature '129000'
2021-04-01 20:54:38| 503.0|  0.2|INFORM|Committed transaction at feature '130000'
2021-04-01 20:54:38| 503.4|  0.4|INFORM|Committed transaction at feature '131000'
2021-04-01 20:54:38| 503.6|  0.2|INFORM|Committed transaction at feature '132000'
2021-04-01 20:54:39| 503.7|  0.1|INFORM|POSTGIS writer: 132263 of 614262 features written
2021-04-01 20:54:39| 503.9|  0.2|INFORM|Committed transaction at feature '133000'
2021-04-01 20:54:39| 504.1|  0.2|INFORM|Committed transaction at feature '134000'
2021-04-01 20:54:39| 504.2|  0.2|INFORM|Committed transaction at feature '135000'
2021-04-01 20:54:39| 504.4|  0.2|INFORM|Committed transaction at feature '136000'
2021-04-01 20:54:39| 504.5|  0.2|INFORM|Committed transaction at feature '137000'
2021-04-01 20:54:40| 504.7|  0.2|INFORM|Committed transaction at feature '138000'
2021-04-01 20:54:40| 504.9|  0.2|INFORM|Committed transaction at feature '139000'
2021-04-01 20:54:40| 505.0|  0.1|INFORM|Committed transaction at feature '140000'
2021-04-01 20:54:40| 505.4|  0.4|INFORM|Committed transaction at feature '141000'
2021-04-01 20:54:41| 505.7|  0.2|INFORM|Committed transaction at feature '142000'
2021-04-01 20:54:41| 505.9|  0.3|INFORM|Committed transaction at feature '143000'
2021-04-01 20:54:41| 506.1|  0.2|INFORM|Committed transaction at feature '144000'
2021-04-01 20:54:41| 506.3|  0.2|INFORM|Committed transaction at feature '145000'
2021-04-01 20:54:42| 506.5|  0.2|INFORM|Committed transaction at feature '146000'
2021-04-01 20:54:42| 506.8|  0.3|INFORM|Committed transaction at feature '147000'
2021-04-01 20:54:42| 507.1|  0.3|INFORM|Committed transaction at feature '148000'
2021-04-01 20:54:42| 507.3|  0.2|INFORM|Committed transaction at feature '149000'
2021-04-01 20:54:43| 507.5|  0.2|INFORM|Committed transaction at feature '150000'
2021-04-01 20:54:43| 507.9|  0.4|INFORM|Committed transaction at feature '151000'
2021-04-01 20:54:43| 508.2|  0.2|INFORM|Committed transaction at feature '152000'
2021-04-01 20:54:44| 508.4|  0.2|INFORM|POSTGIS writer: 152954 of 614262 features written
2021-04-01 20:54:44| 508.4|  0.0|INFORM|Committed transaction at feature '153000'
2021-04-01 20:54:44| 508.6|  0.2|INFORM|Committed transaction at feature '154000'
2021-04-01 20:54:44| 508.9|  0.3|INFORM|Committed transaction at feature '155000'
2021-04-01 20:54:44| 509.1|  0.2|INFORM|Committed transaction at feature '156000'
2021-04-01 20:54:44| 509.3|  0.2|INFORM|Committed transaction at feature '157000'
2021-04-01 20:54:45| 509.5|  0.2|INFORM|Committed transaction at feature '158000'
2021-04-01 20:54:45| 509.7|  0.2|INFORM|Committed transaction at feature '159000'
2021-04-01 20:54:45| 510.0|  0.2|INFORM|Committed transaction at feature '160000'
2021-04-01 20:54:46| 510.3|  0.4|INFORM|Committed transaction at feature '161000'
2021-04-01 20:54:46| 510.6|  0.3|INFORM|Committed transaction at feature '162000'
2021-04-01 20:54:46| 510.8|  0.2|INFORM|Committed transaction at feature '163000'
2021-04-01 20:54:46| 511.0|  0.2|INFORM|Committed transaction at feature '164000'
2021-04-01 20:54:46| 511.3|  0.2|INFORM|Committed transaction at feature '165000'
2021-04-01 20:54:47| 511.4|  0.2|INFORM|Committed transaction at feature '166000'
2021-04-01 20:54:47| 511.6|  0.2|INFORM|Committed transaction at feature '167000'
2021-04-01 20:54:47| 511.8|  0.2|INFORM|Committed transaction at feature '168000'
2021-04-01 20:54:47| 512.0|  0.2|INFORM|Committed transaction at feature '169000'
2021-04-01 20:54:47| 512.2|  0.2|INFORM|Committed transaction at feature '170000'
2021-04-01 20:54:48| 512.5|  0.4|INFORM|Committed transaction at feature '171000'
2021-04-01 20:54:48| 512.8|  0.2|INFORM|Committed transaction at feature '172000'
2021-04-01 20:54:48| 513.0|  0.2|INFORM|Committed transaction at feature '173000'
2021-04-01 20:54:49| 513.2|  0.2|INFORM|POSTGIS writer: 173686 of 614262 features written
2021-04-01 20:54:49| 513.3|  0.1|INFORM|Committed transaction at feature '174000'
2021-04-01 20:54:49| 513.5|  0.3|INFORM|Committed transaction at feature '175000'
2021-04-01 20:54:49| 513.7|  0.2|INFORM|Committed transaction at feature '176000'
2021-04-01 20:54:49| 513.9|  0.2|INFORM|Committed transaction at feature '177000'
2021-04-01 20:54:50| 514.2|  0.3|INFORM|Committed transaction at feature '178000'
2021-04-01 20:54:50| 514.4|  0.2|INFORM|Committed transaction at feature '179000'
2021-04-01 20:54:50| 514.6|  0.2|INFORM|Committed transaction at feature '180000'
2021-04-01 20:54:50| 515.0|  0.4|INFORM|Committed transaction at feature '181000'
2021-04-01 20:54:51| 515.3|  0.3|INFORM|Committed transaction at feature '182000'
2021-04-01 20:54:51| 515.5|  0.3|INFORM|Committed transaction at feature '183000'
2021-04-01 20:54:51| 515.8|  0.2|INFORM|Committed transaction at feature '184000'
2021-04-01 20:54:51| 516.0|  0.3|INFORM|Committed transaction at feature '185000'
2021-04-01 20:54:52| 516.3|  0.3|INFORM|Committed transaction at feature '186000'
2021-04-01 20:54:52| 516.5|  0.2|INFORM|Committed transaction at feature '187000'
2021-04-01 20:54:52| 516.7|  0.2|INFORM|Committed transaction at feature '188000'
2021-04-01 20:54:52| 516.9|  0.2|INFORM|Committed transaction at feature '189000'
2021-04-01 20:54:53| 517.2|  0.3|INFORM|Committed transaction at feature '190000'
2021-04-01 20:54:53| 517.5|  0.4|INFORM|Committed transaction at feature '191000'
2021-04-01 20:54:53| 517.8|  0.3|INFORM|Committed transaction at feature '192000'
2021-04-01 20:54:53| 518.0|  0.2|INFORM|Committed transaction at feature '193000'
2021-04-01 20:54:54| 518.1|  0.1|INFORM|POSTGIS writer: 193316 of 614262 features written
2021-04-01 20:54:54| 518.2|  0.2|INFORM|Committed transaction at feature '194000'
2021-04-01 20:54:54| 518.4|  0.2|INFORM|Committed transaction at feature '195000'
2021-04-01 20:54:54| 518.6|  0.2|INFORM|Committed transaction at feature '196000'
2021-04-01 20:54:54| 518.9|  0.3|INFORM|Committed transaction at feature '197000'
2021-04-01 20:54:55| 519.1|  0.2|INFORM|Committed transaction at feature '198000'
2021-04-01 20:54:55| 519.3|  0.2|INFORM|Committed transaction at feature '199000'
2021-04-01 20:54:55| 519.5|  0.2|INFORM|Committed transaction at feature '200000'
2021-04-01 20:54:55| 519.8|  0.4|INFORM|Committed transaction at feature '201000'
2021-04-01 20:54:56| 520.1|  0.2|INFORM|Committed transaction at feature '202000'
2021-04-01 20:54:56| 520.3|  0.2|INFORM|Committed transaction at feature '203000'
2021-04-01 20:54:56| 520.5|  0.2|INFORM|Committed transaction at feature '204000'
2021-04-01 20:54:56| 520.8|  0.2|INFORM|Committed transaction at feature '205000'
2021-04-01 20:54:57| 520.9|  0.2|INFORM|Committed transaction at feature '206000'
2021-04-01 20:54:57| 521.1|  0.2|INFORM|Committed transaction at feature '207000'
2021-04-01 20:54:57| 521.3|  0.2|INFORM|Committed transaction at feature '208000'
2021-04-01 20:54:57| 521.5|  0.2|INFORM|Committed transaction at feature '209000'
2021-04-01 20:54:57| 521.8|  0.3|INFORM|Committed transaction at feature '210000'
2021-04-01 20:54:58| 522.2|  0.4|INFORM|Committed transaction at feature '211000'
2021-04-01 20:54:58| 522.4|  0.2|INFORM|Committed transaction at feature '212000'
2021-04-01 20:54:58| 522.6|  0.2|INFORM|Committed transaction at feature '213000'
2021-04-01 20:54:59| 522.8|  0.2|INFORM|POSTGIS writer: 213926 of 614262 features written
2021-04-01 20:54:59| 522.9|  0.0|INFORM|Committed transaction at feature '214000'
2021-04-01 20:54:59| 523.1|  0.3|INFORM|Committed transaction at feature '215000'
2021-04-01 20:54:59| 523.3|  0.2|INFORM|Committed transaction at feature '216000'
2021-04-01 20:54:59| 523.6|  0.3|INFORM|Committed transaction at feature '217000'
2021-04-01 20:55:00| 523.8|  0.2|INFORM|Committed transaction at feature '218000'
2021-04-01 20:55:00| 524.0|  0.2|INFORM|Committed transaction at feature '219000'
2021-04-01 20:55:00| 524.3|  0.2|INFORM|Committed transaction at feature '220000'
2021-04-01 20:55:00| 524.7|  0.4|INFORM|Committed transaction at feature '221000'
2021-04-01 20:55:01| 524.9|  0.2|INFORM|Committed transaction at feature '222000'
2021-04-01 20:55:01| 525.1|  0.3|INFORM|Committed transaction at feature '223000'
2021-04-01 20:55:01| 525.3|  0.2|INFORM|Committed transaction at feature '224000'
2021-04-01 20:55:01| 525.5|  0.2|INFORM|Committed transaction at feature '225000'
2021-04-01 20:55:01| 525.6|  0.1|INFORM|Committed transaction at feature '226000'
2021-04-01 20:55:02| 525.9|  0.2|INFORM|Committed transaction at feature '227000'
2021-04-01 20:55:02| 526.1|  0.2|INFORM|Committed transaction at feature '228000'
2021-04-01 20:55:02| 526.3|  0.2|INFORM|Committed transaction at feature '229000'
2021-04-01 20:55:02| 526.5|  0.2|INFORM|Committed transaction at feature '230000'
2021-04-01 20:55:03| 526.9|  0.4|INFORM|Committed transaction at feature '231000'
2021-04-01 20:55:03| 527.1|  0.2|INFORM|Committed transaction at feature '232000'
2021-04-01 20:55:03| 527.3|  0.2|INFORM|Committed transaction at feature '233000'
2021-04-01 20:55:03| 527.5|  0.2|INFORM|Committed transaction at feature '234000'
2021-04-01 20:55:04| 527.6|  0.1|INFORM|POSTGIS writer: 234522 of 614262 features written
2021-04-01 20:55:04| 527.7|  0.1|INFORM|Committed transaction at feature '235000'
2021-04-01 20:55:04| 527.9|  0.2|INFORM|Committed transaction at feature '236000'
2021-04-01 20:55:04| 528.1|  0.2|INFORM|Committed transaction at feature '237000'
2021-04-01 20:55:04| 528.3|  0.2|INFORM|Committed transaction at feature '238000'
2021-04-01 20:55:05| 528.6|  0.3|INFORM|Committed transaction at feature '239000'
2021-04-01 20:55:05| 528.8|  0.2|INFORM|Committed transaction at feature '240000'
2021-04-01 20:55:05| 529.2|  0.4|INFORM|Committed transaction at feature '241000'
2021-04-01 20:55:05| 529.4|  0.2|INFORM|Committed transaction at feature '242000'
2021-04-01 20:55:06| 529.7|  0.2|INFORM|Committed transaction at feature '243000'
2021-04-01 20:55:06| 529.8|  0.2|INFORM|Committed transaction at feature '244000'
2021-04-01 20:55:06| 530.1|  0.2|INFORM|Committed transaction at feature '245000'
2021-04-01 20:55:06| 530.3|  0.2|INFORM|Committed transaction at feature '246000'
2021-04-01 20:55:07| 530.5|  0.2|INFORM|Committed transaction at feature '247000'
2021-04-01 20:55:07| 530.7|  0.2|INFORM|Committed transaction at feature '248000'
2021-04-01 20:55:07| 531.0|  0.3|INFORM|Committed transaction at feature '249000'
2021-04-01 20:55:07| 531.2|  0.2|INFORM|Committed transaction at feature '250000'
2021-04-01 20:55:08| 531.7|  0.4|INFORM|Committed transaction at feature '251000'
2021-04-01 20:55:08| 531.9|  0.3|INFORM|Committed transaction at feature '252000'
2021-04-01 20:55:08| 532.1|  0.2|INFORM|Committed transaction at feature '253000'
2021-04-01 20:55:09| 532.4|  0.2|INFORM|POSTGIS writer: 253965 of 614262 features written
2021-04-01 20:55:09| 532.4|  0.0|INFORM|Committed transaction at feature '254000'
2021-04-01 20:55:09| 532.6|  0.2|INFORM|Committed transaction at feature '255000'
2021-04-01 20:55:09| 532.9|  0.3|INFORM|Committed transaction at feature '256000'
2021-04-01 20:55:09| 533.2|  0.3|INFORM|Committed transaction at feature '257000'
2021-04-01 20:55:10| 533.5|  0.3|INFORM|Committed transaction at feature '258000'
2021-04-01 20:55:10| 533.7|  0.3|INFORM|Committed transaction at feature '259000'
2021-04-01 20:55:10| 533.9|  0.2|INFORM|Committed transaction at feature '260000'
2021-04-01 20:55:11| 534.2|  0.3|INFORM|Committed transaction at feature '261000'
2021-04-01 20:55:11| 534.5|  0.2|INFORM|Committed transaction at feature '262000'
2021-04-01 20:55:11| 534.7|  0.2|INFORM|Committed transaction at feature '263000'
2021-04-01 20:55:11| 534.9|  0.2|INFORM|Committed transaction at feature '264000'
2021-04-01 20:55:11| 535.1|  0.2|INFORM|Committed transaction at feature '265000'
2021-04-01 20:55:12| 535.3|  0.2|INFORM|Committed transaction at feature '266000'
2021-04-01 20:55:12| 535.5|  0.2|INFORM|Committed transaction at feature '267000'
2021-04-01 20:55:12| 535.7|  0.2|INFORM|Committed transaction at feature '268000'
2021-04-01 20:55:12| 535.9|  0.2|INFORM|Committed transaction at feature '269000'
2021-04-01 20:55:13| 536.2|  0.2|INFORM|Committed transaction at feature '270000'
2021-04-01 20:55:13| 536.6|  0.4|INFORM|Committed transaction at feature '271000'
2021-04-01 20:55:13| 536.8|  0.2|INFORM|Committed transaction at feature '272000'
2021-04-01 20:55:13| 537.0|  0.3|INFORM|Committed transaction at feature '273000'
2021-04-01 20:55:14| 537.1|  0.0|INFORM|POSTGIS writer: 273122 of 614262 features written
2021-04-01 20:55:14| 537.3|  0.2|INFORM|Committed transaction at feature '274000'
2021-04-01 20:55:14| 537.5|  0.2|INFORM|Committed transaction at feature '275000'
2021-04-01 20:55:14| 537.8|  0.3|INFORM|Committed transaction at feature '276000'
2021-04-01 20:55:14| 538.0|  0.2|INFORM|Committed transaction at feature '277000'
2021-04-01 20:55:15| 538.2|  0.3|INFORM|Committed transaction at feature '278000'
2021-04-01 20:55:15| 538.5|  0.2|INFORM|Committed transaction at feature '279000'
2021-04-01 20:55:15| 538.7|  0.2|INFORM|Committed transaction at feature '280000'
2021-04-01 20:55:16| 539.1|  0.4|INFORM|Committed transaction at feature '281000'
2021-04-01 20:55:16| 539.3|  0.2|INFORM|Committed transaction at feature '282000'
2021-04-01 20:55:16| 539.6|  0.2|INFORM|Committed transaction at feature '283000'
2021-04-01 20:55:16| 539.7|  0.2|INFORM|Committed transaction at feature '284000'
2021-04-01 20:55:17| 540.0|  0.2|INFORM|Committed transaction at feature '285000'
2021-04-01 20:55:17| 540.2|  0.2|INFORM|Committed transaction at feature '286000'
2021-04-01 20:55:17| 540.3|  0.2|INFORM|Committed transaction at feature '287000'
2021-04-01 20:55:17| 540.5|  0.2|INFORM|Committed transaction at feature '288000'
2021-04-01 20:55:17| 540.8|  0.2|INFORM|Committed transaction at feature '289000'
2021-04-01 20:55:18| 541.0|  0.2|INFORM|Committed transaction at feature '290000'
2021-04-01 20:55:18| 541.4|  0.4|INFORM|Committed transaction at feature '291000'
2021-04-01 20:55:18| 541.6|  0.2|INFORM|Committed transaction at feature '292000'
2021-04-01 20:55:19| 541.8|  0.2|INFORM|POSTGIS writer: 292977 of 614262 features written
2021-04-01 20:55:19| 541.8|  0.0|INFORM|Committed transaction at feature '293000'
2021-04-01 20:55:19| 542.0|  0.2|INFORM|Committed transaction at feature '294000'
2021-04-01 20:55:19| 542.3|  0.2|INFORM|Committed transaction at feature '295000'
2021-04-01 20:55:19| 542.5|  0.2|INFORM|Committed transaction at feature '296000'
2021-04-01 20:55:19| 542.8|  0.3|INFORM|Committed transaction at feature '297000'
2021-04-01 20:55:20| 543.0|  0.2|INFORM|Committed transaction at feature '298000'
2021-04-01 20:55:20| 543.2|  0.2|INFORM|Committed transaction at feature '299000'
2021-04-01 20:55:20| 543.4|  0.2|INFORM|Committed transaction at feature '300000'
2021-04-01 20:55:21| 543.8|  0.4|INFORM|Committed transaction at feature '301000'
2021-04-01 20:55:21| 544.1|  0.2|INFORM|Committed transaction at feature '302000'
2021-04-01 20:55:21| 544.3|  0.2|INFORM|Committed transaction at feature '303000'
2021-04-01 20:55:21| 544.5|  0.2|INFORM|Committed transaction at feature '304000'
2021-04-01 20:55:22| 544.8|  0.2|INFORM|Committed transaction at feature '305000'
2021-04-01 20:55:22| 545.0|  0.2|INFORM|Committed transaction at feature '306000'
2021-04-01 20:55:22| 545.2|  0.3|INFORM|Committed transaction at feature '307000'
2021-04-01 20:55:22| 545.4|  0.2|INFORM|Committed transaction at feature '308000'
2021-04-01 20:55:23| 545.7|  0.3|INFORM|Committed transaction at feature '309000'
2021-04-01 20:55:23| 545.9|  0.2|INFORM|Committed transaction at feature '310000'
2021-04-01 20:55:23| 546.3|  0.4|INFORM|Committed transaction at feature '311000'
2021-04-01 20:55:23| 546.6|  0.2|INFORM|Committed transaction at feature '312000'
2021-04-01 20:55:24| 546.6|  0.1|INFORM|POSTGIS writer: 312425 of 614262 features written
2021-04-01 20:55:24| 546.8|  0.1|INFORM|Committed transaction at feature '313000'
2021-04-01 20:55:24| 547.0|  0.2|INFORM|Committed transaction at feature '314000'
2021-04-01 20:55:24| 547.3|  0.3|INFORM|Committed transaction at feature '315000'
2021-04-01 20:55:24| 547.5|  0.3|INFORM|Committed transaction at feature '316000'
2021-04-01 20:55:25| 547.8|  0.2|INFORM|Committed transaction at feature '317000'
2021-04-01 20:55:25| 548.0|  0.2|INFORM|Committed transaction at feature '318000'
2021-04-01 20:55:25| 548.2|  0.2|INFORM|Committed transaction at feature '319000'
2021-04-01 20:55:25| 548.4|  0.2|INFORM|Committed transaction at feature '320000'
2021-04-01 20:55:26| 548.8|  0.4|INFORM|Committed transaction at feature '321000'
2021-04-01 20:55:26| 549.1|  0.2|INFORM|Committed transaction at feature '322000'
2021-04-01 20:55:26| 549.3|  0.2|INFORM|Committed transaction at feature '323000'
2021-04-01 20:55:27| 549.6|  0.3|INFORM|Committed transaction at feature '324000'
2021-04-01 20:55:27| 549.8|  0.2|INFORM|Committed transaction at feature '325000'
2021-04-01 20:55:27| 550.0|  0.2|INFORM|Committed transaction at feature '326000'
2021-04-01 20:55:27| 550.2|  0.2|INFORM|Committed transaction at feature '327000'
2021-04-01 20:55:27| 550.4|  0.2|INFORM|Committed transaction at feature '328000'
2021-04-01 20:55:28| 550.7|  0.2|INFORM|Committed transaction at feature '329000'
2021-04-01 20:55:28| 550.9|  0.2|INFORM|Committed transaction at feature '330000'
2021-04-01 20:55:28| 551.3|  0.4|INFORM|Committed transaction at feature '331000'
2021-04-01 20:55:29| 551.4|  0.1|INFORM|POSTGIS writer: 331599 of 614262 features written
2021-04-01 20:55:29| 551.5|  0.1|INFORM|Committed transaction at feature '332000'
2021-04-01 20:55:29| 551.7|  0.2|INFORM|Committed transaction at feature '333000'
2021-04-01 20:55:29| 552.0|  0.2|INFORM|Committed transaction at feature '334000'
2021-04-01 20:55:29| 552.2|  0.3|INFORM|Committed transaction at feature '335000'
2021-04-01 20:55:30| 552.5|  0.3|INFORM|Committed transaction at feature '336000'
2021-04-01 20:55:30| 552.6|  0.2|INFORM|Committed transaction at feature '337000'
2021-04-01 20:55:30| 552.8|  0.2|INFORM|Committed transaction at feature '338000'
2021-04-01 20:55:30| 553.0|  0.2|INFORM|Committed transaction at feature '339000'
2021-04-01 20:55:30| 553.2|  0.2|INFORM|Committed transaction at feature '340000'
2021-04-01 20:55:31| 553.6|  0.4|INFORM|Committed transaction at feature '341000'
2021-04-01 20:55:31| 553.8|  0.2|INFORM|Committed transaction at feature '342000'
2021-04-01 20:55:31| 554.0|  0.2|INFORM|Committed transaction at feature '343000'
2021-04-01 20:55:31| 554.2|  0.2|INFORM|Committed transaction at feature '344000'
2021-04-01 20:55:32| 554.5|  0.2|INFORM|Committed transaction at feature '345000'
2021-04-01 20:55:32| 554.7|  0.2|INFORM|Committed transaction at feature '346000'
2021-04-01 20:55:32| 554.9|  0.3|INFORM|Committed transaction at feature '347000'
2021-04-01 20:55:33| 555.2|  0.2|INFORM|Committed transaction at feature '348000'
2021-04-01 20:55:33| 555.4|  0.2|INFORM|Committed transaction at feature '349000'
2021-04-01 20:55:33| 555.6|  0.2|INFORM|Committed transaction at feature '350000'
2021-04-01 20:55:33| 556.0|  0.4|INFORM|Committed transaction at feature '351000'
2021-04-01 20:55:34| 556.1|  0.0|INFORM|POSTGIS writer: 351209 of 614262 features written
2021-04-01 20:55:34| 556.3|  0.2|INFORM|Committed transaction at feature '352000'
2021-04-01 20:55:34| 556.5|  0.2|INFORM|Committed transaction at feature '353000'
2021-04-01 20:55:34| 556.7|  0.2|INFORM|Committed transaction at feature '354000'
2021-04-01 20:55:34| 557.0|  0.2|INFORM|Committed transaction at feature '355000'
2021-04-01 20:55:35| 557.2|  0.2|INFORM|Committed transaction at feature '356000'
2021-04-01 20:55:35| 557.4|  0.2|INFORM|Committed transaction at feature '357000'
2021-04-01 20:55:35| 557.7|  0.2|INFORM|Committed transaction at feature '358000'
2021-04-01 20:55:35| 557.8|  0.2|INFORM|Committed transaction at feature '359000'
2021-04-01 20:55:36| 558.0|  0.2|INFORM|Committed transaction at feature '360000'
2021-04-01 20:55:36| 558.4|  0.4|INFORM|Committed transaction at feature '361000'
2021-04-01 20:55:36| 558.6|  0.2|INFORM|Committed transaction at feature '362000'
2021-04-01 20:55:36| 558.8|  0.2|INFORM|Committed transaction at feature '363000'
2021-04-01 20:55:37| 559.0|  0.2|INFORM|Committed transaction at feature '364000'
2021-04-01 20:55:37| 559.3|  0.2|INFORM|Committed transaction at feature '365000'
2021-04-01 20:55:37| 559.5|  0.2|INFORM|Committed transaction at feature '366000'
2021-04-01 20:55:37| 559.7|  0.2|INFORM|Committed transaction at feature '367000'
2021-04-01 20:55:38| 559.9|  0.2|INFORM|Committed transaction at feature '368000'
2021-04-01 20:55:38| 560.1|  0.2|INFORM|Committed transaction at feature '369000'
2021-04-01 20:55:38| 560.3|  0.1|INFORM|Committed transaction at feature '370000'
2021-04-01 20:55:38| 560.7|  0.4|INFORM|Committed transaction at feature '371000'
2021-04-01 20:55:39| 560.8|  0.2|INFORM|POSTGIS writer: 371631 of 614262 features written
2021-04-01 20:55:39| 560.9|  0.1|INFORM|Committed transaction at feature '372000'
2021-04-01 20:55:39| 561.1|  0.2|INFORM|Committed transaction at feature '373000'
2021-04-01 20:55:39| 561.3|  0.2|INFORM|Committed transaction at feature '374000'
2021-04-01 20:55:39| 561.6|  0.2|INFORM|Committed transaction at feature '375000'
2021-04-01 20:55:40| 561.8|  0.3|INFORM|Committed transaction at feature '376000'
2021-04-01 20:55:40| 562.0|  0.2|INFORM|Committed transaction at feature '377000'
2021-04-01 20:55:40| 562.3|  0.3|INFORM|Committed transaction at feature '378000'
2021-04-01 20:55:40| 562.4|  0.2|INFORM|Committed transaction at feature '379000'
2021-04-01 20:55:40| 562.7|  0.2|INFORM|Committed transaction at feature '380000'
2021-04-01 20:55:41| 563.0|  0.4|INFORM|Committed transaction at feature '381000'
2021-04-01 20:55:41| 563.2|  0.2|INFORM|Committed transaction at feature '382000'
2021-04-01 20:55:41| 563.5|  0.2|INFORM|Committed transaction at feature '383000'
2021-04-01 20:55:42| 563.7|  0.2|INFORM|Committed transaction at feature '384000'
2021-04-01 20:55:42| 563.9|  0.2|INFORM|Committed transaction at feature '385000'
2021-04-01 20:55:42| 564.1|  0.2|INFORM|Committed transaction at feature '386000'
2021-04-01 20:55:42| 564.3|  0.3|INFORM|Committed transaction at feature '387000'
2021-04-01 20:55:42| 564.5|  0.2|INFORM|Committed transaction at feature '388000'
2021-04-01 20:55:43| 564.8|  0.2|INFORM|Committed transaction at feature '389000'
2021-04-01 20:55:43| 565.0|  0.2|INFORM|Committed transaction at feature '390000'
2021-04-01 20:55:43| 565.4|  0.4|INFORM|Committed transaction at feature '391000'
2021-04-01 20:55:44| 565.6|  0.2|INFORM|POSTGIS writer: 391915 of 614262 features written
2021-04-01 20:55:44| 565.6|  0.0|INFORM|Committed transaction at feature '392000'
2021-04-01 20:55:44| 565.8|  0.2|INFORM|Committed transaction at feature '393000'
2021-04-01 20:55:44| 566.0|  0.2|INFORM|Committed transaction at feature '394000'
2021-04-01 20:55:44| 566.3|  0.2|INFORM|Committed transaction at feature '395000'
2021-04-01 20:55:44| 566.5|  0.2|INFORM|Committed transaction at feature '396000'
2021-04-01 20:55:45| 566.7|  0.2|INFORM|Committed transaction at feature '397000'
2021-04-01 20:55:45| 566.9|  0.2|INFORM|Committed transaction at feature '398000'
2021-04-01 20:55:45| 567.2|  0.3|INFORM|Committed transaction at feature '399000'
2021-04-01 20:55:45| 567.4|  0.3|INFORM|Committed transaction at feature '400000'
2021-04-01 20:55:46| 567.8|  0.4|INFORM|Committed transaction at feature '401000'
2021-04-01 20:55:46| 568.0|  0.2|INFORM|Committed transaction at feature '402000'
2021-04-01 20:55:46| 568.3|  0.2|INFORM|Committed transaction at feature '403000'
2021-04-01 20:55:47| 568.5|  0.2|INFORM|Committed transaction at feature '404000'
2021-04-01 20:55:47| 568.7|  0.2|INFORM|Committed transaction at feature '405000'
2021-04-01 20:55:47| 568.9|  0.2|INFORM|Committed transaction at feature '406000'
2021-04-01 20:55:47| 569.1|  0.2|INFORM|Committed transaction at feature '407000'
2021-04-01 20:55:47| 569.3|  0.2|INFORM|Committed transaction at feature '408000'
2021-04-01 20:55:48| 569.6|  0.2|INFORM|Committed transaction at feature '409000'
2021-04-01 20:55:48| 569.8|  0.2|INFORM|Committed transaction at feature '410000'
2021-04-01 20:55:48| 570.2|  0.4|INFORM|Committed transaction at feature '411000'
2021-04-01 20:55:49| 570.4|  0.2|INFORM|POSTGIS writer: 411839 of 614262 features written
2021-04-01 20:55:49| 570.4|  0.0|INFORM|Committed transaction at feature '412000'
2021-04-01 20:55:49| 570.6|  0.2|INFORM|Committed transaction at feature '413000'
2021-04-01 20:55:49| 570.8|  0.2|INFORM|Committed transaction at feature '414000'
2021-04-01 20:55:49| 571.0|  0.2|INFORM|Committed transaction at feature '415000'
2021-04-01 20:55:49| 571.3|  0.3|INFORM|Committed transaction at feature '416000'
2021-04-01 20:55:50| 571.5|  0.2|INFORM|Committed transaction at feature '417000'
2021-04-01 20:55:50| 571.8|  0.2|INFORM|Committed transaction at feature '418000'
2021-04-01 20:55:50| 572.0|  0.3|INFORM|Committed transaction at feature '419000'
2021-04-01 20:55:50| 572.2|  0.2|INFORM|Committed transaction at feature '420000'
2021-04-01 20:55:51| 572.7|  0.4|INFORM|Committed transaction at feature '421000'
2021-04-01 20:55:51| 572.9|  0.3|INFORM|Committed transaction at feature '422000'
2021-04-01 20:55:51| 573.2|  0.3|INFORM|Committed transaction at feature '423000'
2021-04-01 20:55:52| 573.4|  0.2|INFORM|Committed transaction at feature '424000'
2021-04-01 20:55:52| 573.6|  0.2|INFORM|Committed transaction at feature '425000'
2021-04-01 20:55:52| 573.9|  0.3|INFORM|Committed transaction at feature '426000'
2021-04-01 20:55:52| 574.1|  0.2|INFORM|Committed transaction at feature '427000'
2021-04-01 20:55:53| 574.3|  0.2|INFORM|Committed transaction at feature '428000'
2021-04-01 20:55:53| 574.6|  0.2|INFORM|Committed transaction at feature '429000'
2021-04-01 20:55:53| 574.8|  0.3|INFORM|Committed transaction at feature '430000'
2021-04-01 20:55:54| 575.2|  0.4|INFORM|POSTGIS writer: 430788 of 614262 features written
2021-04-01 20:55:54| 575.3|  0.0|INFORM|Committed transaction at feature '431000'
2021-04-01 20:55:54| 575.5|  0.3|INFORM|Committed transaction at feature '432000'
2021-04-01 20:55:54| 575.8|  0.2|INFORM|Committed transaction at feature '433000'
2021-04-01 20:55:54| 575.9|  0.2|INFORM|Committed transaction at feature '434000'
2021-04-01 20:55:54| 576.0|  0.1|INFORM|Committed transaction at feature '435000'
2021-04-01 20:55:55| 576.2|  0.2|INFORM|Committed transaction at feature '436000'
2021-04-01 20:55:55| 576.4|  0.2|INFORM|Committed transaction at feature '437000'
2021-04-01 20:55:55| 576.6|  0.2|INFORM|Committed transaction at feature '438000'
2021-04-01 20:55:55| 576.8|  0.2|INFORM|Committed transaction at feature '439000'
2021-04-01 20:55:55| 577.0|  0.2|INFORM|Committed transaction at feature '440000'
2021-04-01 20:55:56| 577.4|  0.4|INFORM|Committed transaction at feature '441000'
2021-04-01 20:55:56| 577.6|  0.3|INFORM|Committed transaction at feature '442000'
2021-04-01 20:55:56| 577.9|  0.2|INFORM|Committed transaction at feature '443000'
2021-04-01 20:55:57| 578.1|  0.2|INFORM|Committed transaction at feature '444000'
2021-04-01 20:55:57| 578.3|  0.2|INFORM|Committed transaction at feature '445000'
2021-04-01 20:55:57| 578.5|  0.2|INFORM|Committed transaction at feature '446000'
2021-04-01 20:55:57| 578.8|  0.2|INFORM|Committed transaction at feature '447000'
2021-04-01 20:55:57| 579.0|  0.2|INFORM|Committed transaction at feature '448000'
2021-04-01 20:55:58| 579.2|  0.2|INFORM|Committed transaction at feature '449000'
2021-04-01 20:55:58| 579.3|  0.2|INFORM|Committed transaction at feature '450000'
2021-04-01 20:55:58| 579.7|  0.4|INFORM|Committed transaction at feature '451000'
2021-04-01 20:55:58| 579.9|  0.2|INFORM|Committed transaction at feature '452000'
2021-04-01 20:55:59| 579.9|  0.0|INFORM|POSTGIS writer: 452187 of 614262 features written
2021-04-01 20:55:59| 580.1|  0.2|INFORM|Committed transaction at feature '453000'
2021-04-01 20:55:59| 580.3|  0.2|INFORM|Committed transaction at feature '454000'
2021-04-01 20:55:59| 580.6|  0.2|INFORM|Committed transaction at feature '455000'
2021-04-01 20:55:59| 580.7|  0.2|INFORM|Committed transaction at feature '456000'
2021-04-01 20:55:59| 580.9|  0.1|INFORM|Committed transaction at feature '457000'
2021-04-01 20:56:00| 581.0|  0.2|INFORM|Committed transaction at feature '458000'
2021-04-01 20:56:00| 581.3|  0.2|INFORM|Committed transaction at feature '459000'
2021-04-01 20:56:00| 581.5|  0.2|INFORM|Committed transaction at feature '460000'
2021-04-01 20:56:01| 581.9|  0.4|INFORM|Committed transaction at feature '461000'
2021-04-01 20:56:01| 582.1|  0.2|INFORM|Committed transaction at feature '462000'
2021-04-01 20:56:01| 582.3|  0.2|INFORM|Committed transaction at feature '463000'
2021-04-01 20:56:01| 582.5|  0.2|INFORM|Committed transaction at feature '464000'
2021-04-01 20:56:01| 582.8|  0.3|INFORM|Committed transaction at feature '465000'
2021-04-01 20:56:02| 583.0|  0.2|INFORM|Committed transaction at feature '466000'
2021-04-01 20:56:02| 583.3|  0.2|INFORM|Committed transaction at feature '467000'
2021-04-01 20:56:02| 583.5|  0.2|INFORM|Committed transaction at feature '468000'
2021-04-01 20:56:02| 583.7|  0.2|INFORM|Committed transaction at feature '469000'
2021-04-01 20:56:03| 583.9|  0.2|INFORM|Committed transaction at feature '470000'
2021-04-01 20:56:03| 584.3|  0.4|INFORM|Committed transaction at feature '471000'
2021-04-01 20:56:03| 584.5|  0.2|INFORM|Committed transaction at feature '472000'
2021-04-01 20:56:03| 584.7|  0.2|INFORM|Committed transaction at feature '473000'
2021-04-01 20:56:04| 584.7|  0.0|INFORM|POSTGIS writer: 473022 of 614262 features written
2021-04-01 20:56:04| 584.9|  0.2|INFORM|Committed transaction at feature '474000'
2021-04-01 20:56:04| 585.1|  0.2|INFORM|Committed transaction at feature '475000'
2021-04-01 20:56:04| 585.4|  0.2|INFORM|Committed transaction at feature '476000'
2021-04-01 20:56:04| 585.6|  0.2|INFORM|Committed transaction at feature '477000'
2021-04-01 20:56:05| 585.8|  0.2|INFORM|Committed transaction at feature '478000'
2021-04-01 20:56:05| 586.1|  0.3|INFORM|Committed transaction at feature '479000'
2021-04-01 20:56:05| 586.3|  0.2|INFORM|Committed transaction at feature '480000'
2021-04-01 20:56:06| 586.7|  0.4|INFORM|Committed transaction at feature '481000'
2021-04-01 20:56:06| 586.9|  0.2|INFORM|Committed transaction at feature '482000'
2021-04-01 20:56:06| 587.1|  0.2|INFORM|Committed transaction at feature '483000'
2021-04-01 20:56:06| 587.3|  0.2|INFORM|Committed transaction at feature '484000'
2021-04-01 20:56:06| 587.5|  0.2|INFORM|Committed transaction at feature '485000'
2021-04-01 20:56:07| 587.8|  0.2|INFORM|Committed transaction at feature '486000'
2021-04-01 20:56:07| 588.0|  0.2|INFORM|Committed transaction at feature '487000'
2021-04-01 20:56:07| 588.2|  0.2|INFORM|Committed transaction at feature '488000'
2021-04-01 20:56:07| 588.4|  0.3|INFORM|Committed transaction at feature '489000'
2021-04-01 20:56:08| 588.7|  0.2|INFORM|Committed transaction at feature '490000'
2021-04-01 20:56:08| 589.1|  0.4|INFORM|Committed transaction at feature '491000'
2021-04-01 20:56:08| 589.3|  0.2|INFORM|Committed transaction at feature '492000'
2021-04-01 20:56:09| 589.5|  0.2|INFORM|POSTGIS writer: 492949 of 614262 features written
2021-04-01 20:56:09| 589.5|  0.0|INFORM|Committed transaction at feature '493000'
2021-04-01 20:56:09| 589.8|  0.3|INFORM|Committed transaction at feature '494000'
2021-04-01 20:56:09| 590.0|  0.3|INFORM|Committed transaction at feature '495000'
2021-04-01 20:56:09| 590.3|  0.2|INFORM|Committed transaction at feature '496000'
2021-04-01 20:56:10| 590.5|  0.2|INFORM|Committed transaction at feature '497000'
2021-04-01 20:56:10| 590.7|  0.2|INFORM|Committed transaction at feature '498000'
2021-04-01 20:56:10| 591.0|  0.2|INFORM|Committed transaction at feature '499000'
2021-04-01 20:56:10| 591.2|  0.3|INFORM|Committed transaction at feature '500000'
2021-04-01 20:56:11| 591.6|  0.4|INFORM|Committed transaction at feature '501000'
2021-04-01 20:56:11| 591.9|  0.3|INFORM|Committed transaction at feature '502000'
2021-04-01 20:56:11| 592.1|  0.3|INFORM|Committed transaction at feature '503000'
2021-04-01 20:56:11| 592.4|  0.2|INFORM|Committed transaction at feature '504000'
2021-04-01 20:56:12| 592.6|  0.2|INFORM|Committed transaction at feature '505000'
2021-04-01 20:56:12| 592.8|  0.2|INFORM|Committed transaction at feature '506000'
2021-04-01 20:56:12| 593.0|  0.2|INFORM|Committed transaction at feature '507000'
2021-04-01 20:56:12| 593.2|  0.2|INFORM|Committed transaction at feature '508000'
2021-04-01 20:56:13| 593.5|  0.3|INFORM|Committed transaction at feature '509000'
2021-04-01 20:56:13| 593.7|  0.2|INFORM|Committed transaction at feature '510000'
2021-04-01 20:56:13| 594.1|  0.4|INFORM|Committed transaction at feature '511000'
2021-04-01 20:56:13| 594.3|  0.2|INFORM|Committed transaction at feature '512000'
2021-04-01 20:56:14| 594.3|  0.0|INFORM|POSTGIS writer: 512028 of 614262 features written
2021-04-01 20:56:14| 594.5|  0.2|INFORM|Committed transaction at feature '513000'
2021-04-01 20:56:14| 594.7|  0.2|INFORM|Committed transaction at feature '514000'
2021-04-01 20:56:14| 594.9|  0.2|INFORM|Committed transaction at feature '515000'
2021-04-01 20:56:14| 595.1|  0.2|INFORM|Committed transaction at feature '516000'
2021-04-01 20:56:15| 595.3|  0.3|INFORM|Committed transaction at feature '517000'
2021-04-01 20:56:15| 595.6|  0.3|INFORM|Committed transaction at feature '518000'
2021-04-01 20:56:15| 595.8|  0.2|INFORM|Committed transaction at feature '519000'
2021-04-01 20:56:15| 596.0|  0.2|INFORM|Committed transaction at feature '520000'
2021-04-01 20:56:16| 596.4|  0.4|INFORM|Committed transaction at feature '521000'
2021-04-01 20:56:16| 596.7|  0.2|INFORM|Committed transaction at feature '522000'
2021-04-01 20:56:16| 596.9|  0.2|INFORM|Committed transaction at feature '523000'
2021-04-01 20:56:16| 597.1|  0.2|INFORM|Committed transaction at feature '524000'
2021-04-01 20:56:17| 597.3|  0.2|INFORM|Committed transaction at feature '525000'
2021-04-01 20:56:17| 597.5|  0.2|INFORM|Committed transaction at feature '526000'
2021-04-01 20:56:17| 597.8|  0.2|INFORM|Committed transaction at feature '527000'
2021-04-01 20:56:17| 598.0|  0.2|INFORM|Committed transaction at feature '528000'
2021-04-01 20:56:18| 598.2|  0.2|INFORM|Committed transaction at feature '529000'
2021-04-01 20:56:18| 598.5|  0.3|INFORM|Committed transaction at feature '530000'
2021-04-01 20:56:18| 598.9|  0.4|INFORM|Committed transaction at feature '531000'
2021-04-01 20:56:18| 599.0|  0.2|INFORM|Committed transaction at feature '532000'
2021-04-01 20:56:19| 599.1|  0.0|INFORM|POSTGIS writer: 532283 of 614262 features written
2021-04-01 20:56:19| 599.2|  0.1|INFORM|Committed transaction at feature '533000'
2021-04-01 20:56:19| 599.4|  0.2|INFORM|Committed transaction at feature '534000'
2021-04-01 20:56:19| 599.6|  0.3|INFORM|Committed transaction at feature '535000'
2021-04-01 20:56:19| 599.8|  0.2|INFORM|Committed transaction at feature '536000'
2021-04-01 20:56:19| 600.0|  0.2|INFORM|Committed transaction at feature '537000'
2021-04-01 20:56:20| 600.3|  0.2|INFORM|Committed transaction at feature '538000'
2021-04-01 20:56:20| 600.5|  0.2|INFORM|Committed transaction at feature '539000'
2021-04-01 20:56:20| 600.8|  0.3|INFORM|Committed transaction at feature '540000'
2021-04-01 20:56:21| 601.2|  0.4|INFORM|Committed transaction at feature '541000'
2021-04-01 20:56:21| 601.4|  0.2|INFORM|Committed transaction at feature '542000'
2021-04-01 20:56:21| 601.6|  0.2|INFORM|Committed transaction at feature '543000'
2021-04-01 20:56:21| 601.8|  0.3|INFORM|Committed transaction at feature '544000'
2021-04-01 20:56:22| 602.1|  0.2|INFORM|Committed transaction at feature '545000'
2021-04-01 20:56:22| 602.3|  0.2|INFORM|Committed transaction at feature '546000'
2021-04-01 20:56:22| 602.5|  0.2|INFORM|Committed transaction at feature '547000'
2021-04-01 20:56:22| 602.8|  0.2|INFORM|Committed transaction at feature '548000'
2021-04-01 20:56:23| 603.0|  0.2|INFORM|Committed transaction at feature '549000'
2021-04-01 20:56:23| 603.2|  0.2|INFORM|Committed transaction at feature '550000'
2021-04-01 20:56:23| 603.6|  0.4|INFORM|Committed transaction at feature '551000'
2021-04-01 20:56:23| 603.8|  0.2|INFORM|Committed transaction at feature '552000'
2021-04-01 20:56:24| 603.9|  0.1|INFORM|POSTGIS writer: 552205 of 614262 features written
2021-04-01 20:56:24| 604.1|  0.2|INFORM|Committed transaction at feature '553000'
2021-04-01 20:56:24| 604.3|  0.2|INFORM|Committed transaction at feature '554000'
2021-04-01 20:56:24| 604.5|  0.2|INFORM|Committed transaction at feature '555000'
2021-04-01 20:56:24| 604.7|  0.2|INFORM|Committed transaction at feature '556000'
2021-04-01 20:56:25| 604.9|  0.2|INFORM|Committed transaction at feature '557000'
2021-04-01 20:56:25| 605.2|  0.2|INFORM|Committed transaction at feature '558000'
2021-04-01 20:56:25| 605.4|  0.2|INFORM|Committed transaction at feature '559000'
2021-04-01 20:56:25| 605.7|  0.3|INFORM|Committed transaction at feature '560000'
2021-04-01 20:56:26| 606.0|  0.4|INFORM|Committed transaction at feature '561000'
2021-04-01 20:56:26| 606.3|  0.2|INFORM|Committed transaction at feature '562000'
2021-04-01 20:56:26| 606.5|  0.2|INFORM|Committed transaction at feature '563000'
2021-04-01 20:56:26| 606.7|  0.3|INFORM|Committed transaction at feature '564000'
2021-04-01 20:56:27| 607.0|  0.3|INFORM|Committed transaction at feature '565000'
2021-04-01 20:56:27| 607.2|  0.2|INFORM|Committed transaction at feature '566000'
2021-04-01 20:56:27| 607.5|  0.3|INFORM|Committed transaction at feature '567000'
2021-04-01 20:56:28| 607.8|  0.3|INFORM|Committed transaction at feature '568000'
2021-04-01 20:56:28| 608.0|  0.2|INFORM|Committed transaction at feature '569000'
2021-04-01 20:56:28| 608.2|  0.2|INFORM|Committed transaction at feature '570000'
2021-04-01 20:56:28| 608.6|  0.4|INFORM|Committed transaction at feature '571000'
2021-04-01 20:56:29| 608.6|  0.0|INFORM|POSTGIS writer: 571139 of 614262 features written
2021-04-01 20:56:29| 608.8|  0.2|INFORM|Committed transaction at feature '572000'
2021-04-01 20:56:29| 609.0|  0.2|INFORM|Committed transaction at feature '573000'
2021-04-01 20:56:29| 609.2|  0.2|INFORM|Committed transaction at feature '574000'
2021-04-01 20:56:29| 609.4|  0.2|INFORM|Committed transaction at feature '575000'
2021-04-01 20:56:30| 609.6|  0.2|INFORM|Committed transaction at feature '576000'
2021-04-01 20:56:30| 609.8|  0.2|INFORM|Committed transaction at feature '577000'
2021-04-01 20:56:30| 610.0|  0.2|INFORM|Committed transaction at feature '578000'
2021-04-01 20:56:30| 610.2|  0.2|INFORM|Committed transaction at feature '579000'
2021-04-01 20:56:30| 610.5|  0.2|INFORM|Committed transaction at feature '580000'
2021-04-01 20:56:31| 610.9|  0.4|INFORM|Committed transaction at feature '581000'
2021-04-01 20:56:31| 611.1|  0.2|INFORM|Committed transaction at feature '582000'
2021-04-01 20:56:31| 611.3|  0.2|INFORM|Committed transaction at feature '583000'
2021-04-01 20:56:32| 611.6|  0.2|INFORM|Committed transaction at feature '584000'
2021-04-01 20:56:32| 611.8|  0.2|INFORM|Committed transaction at feature '585000'
2021-04-01 20:56:32| 612.0|  0.3|INFORM|Committed transaction at feature '586000'
2021-04-01 20:56:32| 612.3|  0.2|INFORM|Committed transaction at feature '587000'
2021-04-01 20:56:33| 612.5|  0.2|INFORM|Committed transaction at feature '588000'
2021-04-01 20:56:33| 612.8|  0.3|INFORM|Committed transaction at feature '589000'
2021-04-01 20:56:33| 612.9|  0.2|INFORM|Committed transaction at feature '590000'
2021-04-01 20:56:33| 613.3|  0.4|INFORM|Committed transaction at feature '591000'
2021-04-01 20:56:34| 613.4|  0.1|INFORM|POSTGIS writer: 591657 of 614262 features written
2021-04-01 20:56:34| 613.4|  0.0|INFORM|Committed transaction at feature '592000'
2021-04-01 20:56:34| 613.6|  0.1|INFORM|Committed transaction at feature '593000'
2021-04-01 20:56:34| 613.7|  0.1|INFORM|Committed transaction at feature '594000'
2021-04-01 20:56:34| 613.9|  0.2|INFORM|Committed transaction at feature '595000'
2021-04-01 20:56:34| 614.1|  0.3|INFORM|Committed transaction at feature '596000'
2021-04-01 20:56:35| 614.4|  0.3|INFORM|Committed transaction at feature '597000'
2021-04-01 20:56:35| 614.7|  0.3|INFORM|Committed transaction at feature '598000'
2021-04-01 20:56:35| 614.9|  0.3|INFORM|Committed transaction at feature '599000'
2021-04-01 20:56:36| 615.2|  0.3|INFORM|Committed transaction at feature '600000'
2021-04-01 20:56:36| 615.6|  0.4|INFORM|Committed transaction at feature '601000'
2021-04-01 20:56:36| 615.9|  0.3|INFORM|Committed transaction at feature '602000'
2021-04-01 20:56:36| 616.1|  0.2|INFORM|Committed transaction at feature '603000'
2021-04-01 20:56:37| 616.3|  0.2|INFORM|Committed transaction at feature '604000'
2021-04-01 20:56:37| 616.6|  0.3|INFORM|Committed transaction at feature '605000'
2021-04-01 20:56:37| 616.8|  0.2|INFORM|Committed transaction at feature '606000'
2021-04-01 20:56:38| 617.1|  0.3|INFORM|Committed transaction at feature '607000'
2021-04-01 20:56:38| 617.4|  0.3|INFORM|Committed transaction at feature '608000'
2021-04-01 20:56:38| 617.7|  0.3|INFORM|Committed transaction at feature '609000'
2021-04-01 20:56:39| 617.8|  0.1|INFORM|POSTGIS writer: 609341 of 614262 features written
2021-04-01 20:56:39| 617.9|  0.2|INFORM|Committed transaction at feature '610000'
2021-04-01 20:56:39| 618.4|  0.5|INFORM|Committed transaction at feature '611000'
2021-04-01 20:56:40| 618.7|  0.3|INFORM|Committed transaction at feature '612000'
2021-04-01 20:56:40| 619.0|  0.3|INFORM|Committed transaction at feature '613000'
2021-04-01 20:56:40| 619.3|  0.3|INFORM|Committed transaction at feature '614000'
2021-04-01 20:56:40| 619.3|  0.1|INFORM|POSTGIS writer: 614262 of 614262 features written
2021-04-01 20:56:41| 619.9|  0.6|STATS |Sorter (SortFactory): Finished sorting a total of 614262 features.
2021-04-01 20:56:41| 619.9|  0.0|STATS |Sorter_SORTED Feature Counter -1 25 (TeeFactory): Cloned 614262 input feature(s) into 614262 output feature(s)
2021-04-01 20:56:41| 619.9|  0.0|STATS |Destination Feature Type Routing Correlator (RoutingFactory): Tested 614262 input feature(s), wrote 614262 output feature(s): 0 matched merge filters, 614262 were routed to output, 0 could not be routed.
2021-04-01 20:56:41| 619.9|  0.0|STATS |Final Output Nuker (TeeFactory): Cloned 0 input feature(s) into 0 output feature(s)
2021-04-01 20:56:41| 620.0|  0.0|INFORM|Creating 'BTree' index on column "wstar_id" of table 'public.tx_water_latest_build_test'...
2021-04-01 20:56:42| 620.0|  0.0|INFORM|Creating 'BTree' index on column "api" of table 'public.tx_water_latest_build_test'...
2021-04-01 20:56:42| 620.0|  0.0|INFORM|Creating 'BTree' index on column "api_cnty" of table 'public.tx_water_latest_build_test'...
2021-04-01 20:56:43| 620.0|  0.0|INFORM|Creating 'BTree' index on column "county" of table 'public.tx_water_latest_build_test'...
2021-04-01 20:56:43| 620.0|  0.0|INFORM|Creating 'GIST' index on column "geom" of table 'public.tx_water_latest_build_test'...
2021-04-01 20:56:49| 620.0|  0.0|INFORM|Successfully closed POSTGIS database writer
2021-04-01 20:56:49| 620.0|  0.0|INFORM|=-=-=-=-=-=-=-=-=-=-=-=-=-=-=-=-=-=-=-=-=-=-=-=-=-=-=-=-=-=-=-=-=-=-=-=-=-=-=-
2021-04-01 20:56:49| 620.0|  0.0|INFORM|Feature output statistics for `POSTGIS' writer using keyword `POSTGIS_1':
2021-04-01 20:56:49| 620.0|  0.0|STATS |=-=-=-=-=-=-=-=-=-=-=-=-=-=-=-=-=-=-=-=-=-=-=-=-=-=-=-=-=-=-=-=-=-=-=-=-=-=-=-
2021-04-01 20:56:49| 620.0|  0.0|STATS |                               Features Written
2021-04-01 20:56:49| 620.0|  0.0|STATS |=-=-=-=-=-=-=-=-=-=-=-=-=-=-=-=-=-=-=-=-=-=-=-=-=-=-=-=-=-=-=-=-=-=-=-=-=-=-=-
2021-04-01 20:56:49| 620.0|  0.0|STATS |public.tx_water_latest_build_test                                       614262
2021-04-01 20:56:49| 620.0|  0.0|STATS |==============================================================================
2021-04-01 20:56:49| 620.0|  0.0|STATS |Total Features Written                                                  614262
2021-04-01 20:56:49| 620.0|  0.0|STATS |=-=-=-=-=-=-=-=-=-=-=-=-=-=-=-=-=-=-=-=-=-=-=-=-=-=-=-=-=-=-=-=-=-=-=-=-=-=-=-
2021-04-01 20:56:49| 620.0|  0.0|STATS |=-=-=-=-=-=-=-=-=-=-=-=-=-=-=-=-=-=-=-=-=-=-=-=-=-=-=-=-=-=-=-=-=-=-=-=-=-=-=-
2021-04-01 20:56:49| 620.0|  0.0|STATS |                            Features Read Summary
2021-04-01 20:56:49| 620.0|  0.0|STATS |=-=-=-=-=-=-=-=-=-=-=-=-=-=-=-=-=-=-=-=-=-=-=-=-=-=-=-=-=-=-=-=-=-=-=-=-=-=-=-
2021-04-01 20:56:49| 620.0|  0.0|STATS |==============================================================================
2021-04-01 20:56:49| 620.0|  0.0|STATS |Total Features Read                                                          0
2021-04-01 20:56:49| 620.0|  0.0|STATS |=-=-=-=-=-=-=-=-=-=-=-=-=-=-=-=-=-=-=-=-=-=-=-=-=-=-=-=-=-=-=-=-=-=-=-=-=-=-=-
2021-04-01 20:56:49| 620.0|  0.0|STATS |=-=-=-=-=-=-=-=-=-=-=-=-=-=-=-=-=-=-=-=-=-=-=-=-=-=-=-=-=-=-=-=-=-=-=-=-=-=-=-
2021-04-01 20:56:49| 620.0|  0.0|STATS |                           Features Written Summary
2021-04-01 20:56:49| 620.0|  0.0|STATS |=-=-=-=-=-=-=-=-=-=-=-=-=-=-=-=-=-=-=-=-=-=-=-=-=-=-=-=-=-=-=-=-=-=-=-=-=-=-=-
2021-04-01 20:56:49| 620.0|  0.0|STATS |public.tx_water_latest_build_test                                       614262
2021-04-01 20:56:49| 620.0|  0.0|STATS |==============================================================================
2021-04-01 20:56:49| 620.0|  0.0|STATS |Total Features Written                                                  614262
2021-04-01 20:56:49| 620.0|  0.0|STATS |=-=-=-=-=-=-=-=-=-=-=-=-=-=-=-=-=-=-=-=-=-=-=-=-=-=-=-=-=-=-=-=-=-=-=-=-=-=-=-
2021-04-01 20:56:49| 620.0|  0.0|INFORM|Translation was SUCCESSFUL with 2 warning(s) (614262 feature(s) output)
2021-04-01 20:56:49| 620.0|  0.0|INFORM|FME Session Duration: 13 minutes 36.6 seconds. (CPU: 579.4s user, 40.0s system)
2021-04-01 20:56:49| 620.0|  0.0|INFORM|END - ProcessID: 11704, peak process memory usage: 3223568 kB, current process memory usage: 112196 kB
