2021-08-10 14:29:14|   0.0|  0.0|INFORM|FME 2020.2.0.0 (20201027 - Build 20787 - WIN64)
2021-08-10 14:29:14|   0.0|  0.0|INFORM|FME_HOME is 'C:\Program Files\FME\'
2021-08-10 14:29:14|   0.0|  0.0|INFORM|FME ESRI Edition (node locked-crc)
2021-08-10 14:29:14|   0.0|  0.0|INFORM|Serial Number: CY27-P78W-20C5
2021-08-10 14:29:14|   0.0|  0.0|INFORM|Permanent License.
2021-08-10 14:29:14|   0.1|  0.0|INFORM|Machine host name is: IP-C61386BF
2021-08-10 14:29:14|   0.1|  0.0|INFORM|START - ProcessID: 11408, peak process memory usage: 37340 kB, current process memory usage: 37276 kB
2021-08-10 14:29:14|   0.1|  0.0|INFORM|FME Configuration: Command line arguments are `fme' `D:\Users\rwhite\Documents\texas-wells\wells-service\fmw\permits_liner.fmw'
2021-08-10 14:29:14|   0.1|  0.0|INFORM|FME Configuration: Connection Storage: 'D:\Users\rwhite\AppData\Roaming\Safe Software\FME\'
2021-08-10 14:29:16|   1.2|  1.1|INFORM|Shared folders for formats are : C:\Program Files\FME\datasources;D:\Users\rwhite\Documents\FME\Formats
2021-08-10 14:29:16|   1.2|  0.0|INFORM|Shared folders for transformers are : D:\Users\rwhite\AppData\Roaming\Safe Software\FME\Packages\20787-win64\transformers;C:\Program Files\FME\transformers;D:\Users\rwhite\AppData\Roaming\Safe Software\FME\FME Store\Transformers
2021-08-10 14:29:16|   1.2|  0.0|INFORM|Shared folders for coordinate systems are : D:\Users\rwhite\Documents\FME\CoordinateSystems
2021-08-10 14:29:16|   1.2|  0.0|INFORM|Shared folders for coordinate system exceptions are : D:\Users\rwhite\Documents\FME\CoordinateSystemExceptions
2021-08-10 14:29:16|   1.2|  0.0|INFORM|Shared folders for coordinate system grid overrides are : D:\Users\rwhite\Documents\FME\CoordinateSystemGridOverrides
2021-08-10 14:29:16|   1.2|  0.0|INFORM|Shared folders for CS-MAP transformation exceptions are : D:\Users\rwhite\Documents\FME\CsmapTransformationExceptions
2021-08-10 14:29:16|   1.2|  0.0|INFORM|Shared folders for transformer categories are : D:\Users\rwhite\Documents\FME\TransformerCategories
2021-08-10 14:29:16|   1.2|  0.0|INFORM|FME Configuration: Reader Keyword is `MULTI_READER'
2021-08-10 14:29:16|   1.2|  0.0|INFORM|FME Configuration: Writer Keyword is `MULTI_WRITER'
2021-08-10 14:29:16|   1.2|  0.0|INFORM|FME Configuration: Writer Group Definition Keyword is `MULTI_WRITER_DEF'
2021-08-10 14:29:16|   1.2|  0.0|INFORM|FME Configuration: Reader type is `MULTI_READER'
2021-08-10 14:29:16|   1.2|  0.0|INFORM|FME Configuration: Writer type is `MULTI_WRITER'
2021-08-10 14:29:16|   1.2|  0.0|INFORM|FME Configuration: No destination coordinate system set
2021-08-10 14:29:16|   1.2|  0.0|INFORM|FME Configuration: Current working folder is `D:\Users\rwhite\Documents\texas-wells\wells-service'
2021-08-10 14:29:16|   1.2|  0.0|INFORM|FME Configuration: Temporary folder is `D:\Users\rwhite\AppData\Local\Temp\1', set from environment variable `TEMP'
2021-08-10 14:29:16|   1.2|  0.0|INFORM|FME Configuration: FME_HOME is `C:\Program Files\FME\'
2021-08-10 14:29:16|   1.2|  0.0|INFORM|FME Configuration: FME_BASE is 'no'
2021-08-10 14:29:16|   1.2|  0.0|INFORM|FME Configuration: FME_MF_DIR is 'D:\Users\rwhite\Documents\texas-wells\wells-service\fmw/'
2021-08-10 14:29:16|   1.2|  0.0|INFORM|FME Configuration: FME_MF_NAME is 'permits_liner.fmw'
2021-08-10 14:29:16|   1.2|  0.0|INFORM|FME Configuration: FME_PRODUCT_NAME is 'FME(R) 2020.2.0.0'
2021-08-10 14:29:16|   1.2|  0.0|INFORM|System Status: 216.16 GB of disk space available in the FME temporary folder (D:\Users\rwhite\AppData\Local\Temp\1)
2021-08-10 14:29:16|   1.2|  0.0|INFORM|System Status: 15.82 GB of physical memory available
2021-08-10 14:29:16|   1.2|  0.0|INFORM|System Status: 63.26 GB of virtual memory available
2021-08-10 14:29:16|   1.2|  0.0|INFORM|Operating System: Microsoft Windows Server 10 Server 4.0 64-bit  (Build 14393)
2021-08-10 14:29:16|   1.2|  0.0|INFORM|FME Platform: WIN64
2021-08-10 14:29:16|   1.2|  0.0|INFORM|Locale: en_US
2021-08-10 14:29:16|   1.2|  0.0|INFORM|System Encoding: windows-1252
2021-08-10 14:29:16|   1.2|  0.0|INFORM|FME Configuration: Start freeing memory when the process exceeds 47.45 GB
2021-08-10 14:29:16|   1.2|  0.0|INFORM|FME Configuration: Stop freeing memory when the process is below 35.59 GB
2021-08-10 14:29:16|   1.2|  0.1|INFORM|Creating writer for format: 
2021-08-10 14:29:16|   1.2|  0.0|INFORM|Creating reader for format: 
2021-08-10 14:29:16|   1.2|  0.0|INFORM|MULTI_READER(MULTI_READER): Will fail with first member reader failure
2021-08-10 14:29:16|   1.2|  0.0|INFORM|Using Multi Reader with keyword `MULTI_READER' to read multiple datasets
2021-08-10 14:29:16|   1.2|  0.0|INFORM|Using MultiWriter with keyword `MULTI_WRITER' to output data (ID_ATTRIBUTE is `multi_writer_id')
2021-08-10 14:29:16|   1.2|  0.0|INFORM|Writer output will be ordered by value of multi_writer_id
2021-08-10 14:29:16|   1.3|  0.0|INFORM|Loaded module 'QueryFactory' from file 'C:\Program Files\FME\plugins/QueryFactory.dll'
2021-08-10 14:29:16|   1.3|  0.0|INFORM|FME API version of module 'QueryFactory' matches current internal version (3.8 20200115)
2021-08-10 14:29:16|   1.3|  0.0|INFORM|FME API version of module 'QueryFactory' matches current internal version (3.8 20200115)
2021-08-10 14:29:16|   1.3|  0.0|INFORM|Loaded module 'FeatureJoinerFactory' from file 'C:\Program Files\FME\plugins/FeatureJoinerFactory.dll'
2021-08-10 14:29:16|   1.3|  0.0|INFORM|FME API version of module 'FeatureJoinerFactory' matches current internal version (3.8 20200115)
2021-08-10 14:29:16|   1.3|  0.0|INFORM|Emptying factory pipeline
2021-08-10 14:29:17|   1.4|  0.1|INFORM|FME Configuration: Using connection values from 'pg.whitestar.com' for R_1
2021-08-10 14:29:17|   1.4|  0.0|INFORM|Creating reader for format: PostgreSQL
2021-08-10 14:29:17|   1.5|  0.0|INFORM|Trying to find a DYNAMIC plugin for reader named `POSTGRES'
2021-08-10 14:29:17|   1.5|  0.0|INFORM|Loaded module 'POSTGRES' from file 'C:\Program Files\FME\plugins/POSTGIS.dll'
2021-08-10 14:29:17|   1.5|  0.0|INFORM|FME API version of module 'POSTGRES' matches current internal version (3.8 20200115)
2021-08-10 14:29:17|   1.5|  0.0|INFORM|Performing query against POSTGRES dataset `pg.whitestar.com'
2021-08-10 14:29:17|   1.5|  0.0|INFORM|Opening POSTGRES reader for dataset 'postgis20'
2021-08-10 14:29:17|   1.5|  0.0|INFORM|PostGIS client encoding: 'UTF8'
2021-08-10 14:29:17|   1.5|  0.0|INFORM|PostgreSQL 11.10 on x86_64-pc-linux-gnu, compiled by gcc (GCC) 4.8.5 20150623 (Red Hat 4.8.5-11), 64-bit
2021-08-10 14:29:17|   1.5|  0.0|INFORM|POSTGRES reader: Building features into bulk mode features
2021-08-10 14:29:17|   1.5|  0.0|INFORM|Executing custom data query: 'select distinct
wb_api as api,
wb_line_count as lnr_count,
wb_top_of_liner as top_liner,
wb_bottom_of_liner as btm_liner,
wb_lin_inch as lnr_thick,
wb_lin_frac_denom as lnr_frac_d,
wb_lin_frac_num as lnr_frac_n,
wb_sacks_of_cement as sacks_cmnt
from wb08'
2021-08-10 14:29:19|   3.4|  1.9|STATS |SQLCreator_2_Creator (CreationFactory): Created 1 features
2021-08-10 14:29:19|   3.4|  0.0|INFORM|Successfully closed POSTGRES database reader
2021-08-10 14:29:19|   3.4|  0.0|INFORM|Successfully closed POSTGRES database reader
2021-08-10 14:29:19|   3.4|  0.0|STATS |SQLCreator_2 <REJECTED> Transformer Output Nuker (TeeFactory): Cloned 0 input feature(s) into 0 output feature(s)
2021-08-10 14:29:19|   3.4|  0.0|STATS |SQLCreator_2_RESULT Brancher -1 17 (BranchingFactory): Branched 66127 input features -- 1 feature routed to the target factory, and 0 features routed to the fallback factory.
2021-08-10 14:29:19|   3.5|  0.1|INFORM|FME Configuration: Using connection values from 'pg.whitestar.com' for R_2
2021-08-10 14:29:19|   3.6|  0.0|INFORM|Creating reader for format: PostGIS
2021-08-10 14:29:19|   3.6|  0.0|INFORM|Trying to find a DYNAMIC plugin for reader named `POSTGIS'
2021-08-10 14:29:19|   3.6|  0.0|INFORM|FME Configuration: Source coordinate system for reader R_2[POSTGIS] set to `LL27'
2021-08-10 14:29:19|   3.6|  0.0|INFORM|Coordinate System `LL27' parameters: CS_NAME=`LL27' DESC_NM=`NAD27 datum, Latitude-Longitude; Degrees' DT_NAME=`NAD27' EPSG_QD=`-1' GROUP=`LL' MAP_SCL=`1' MAX_LAT=`85.16666666666667' MAX_LNG=`-45.733333333333334' MIN_LAT=`5.983333333333333' MIN_LNG=`-194.35' PROJ=`LL' QUAD=`1' SCL_RED=`1' SOURCE=`Mentor Software' UNIT=`DEGREE'
2021-08-10 14:29:19|   3.6|  0.0|INFORM|FME API version of module 'POSTGIS' matches current internal version (3.8 20200115)
2021-08-10 14:29:19|   3.6|  0.0|INFORM|Performing query against POSTGIS dataset `pg.whitestar.com'
2021-08-10 14:29:19|   3.6|  0.0|INFORM|Opening POSTGIS reader for dataset 'postgis20'
2021-08-10 14:29:19|   3.6|  0.0|INFORM|PostGIS client encoding: 'UTF8'
2021-08-10 14:29:19|   3.6|  0.0|INFORM|PostgreSQL 11.10 on x86_64-pc-linux-gnu, compiled by gcc (GCC) 4.8.5 20150623 (Red Hat 4.8.5-11), 64-bit
2021-08-10 14:29:19|   3.6|  0.0|INFORM|2.5 USE_GEOS=1 USE_PROJ=1 USE_STATS=1
2021-08-10 14:29:19|   3.6|  0.0|INFORM|POSTGIS reader: Building features into bulk mode features
2021-08-10 14:29:19|   3.6|  0.0|INFORM|Executing custom data query: 'select *
from tx_header_pre_cum
where length(api) = 8'
2021-08-10 14:29:19|   3.8|  0.2|WARN  |NOT changing coordinate system of reader identified by keyword `R_2' from `LL27' to `EPSG:4267' -- mapping file setting of `LL27' overrides coordinate system `EPSG:4267' read from file
2021-08-10 14:29:25|   9.3|  5.5|INFORM|POSTGIS reader: Read 20000 features
2021-08-10 14:29:30|  14.5|  5.2|INFORM|POSTGIS reader: Read 40000 features
2021-08-10 14:29:36|  19.8|  5.3|INFORM|POSTGIS reader: Read 60000 features
2021-08-10 14:29:41|  25.2|  5.4|INFORM|POSTGIS reader: Read 80000 features
2021-08-10 14:29:47|  30.9|  5.8|INFORM|POSTGIS reader: Read 100000 features
2021-08-10 14:29:52|  36.3|  5.4|INFORM|POSTGIS reader: Read 120000 features
2021-08-10 14:29:58|  41.6|  5.3|INFORM|POSTGIS reader: Read 140000 features
2021-08-10 14:30:04|  47.1|  5.5|INFORM|POSTGIS reader: Read 160000 features
2021-08-10 14:30:09|  52.7|  5.6|INFORM|POSTGIS reader: Read 180000 features
2021-08-10 14:30:15|  58.1|  5.4|INFORM|POSTGIS reader: Read 200000 features
2021-08-10 14:30:21|  63.7|  5.6|INFORM|POSTGIS reader: Read 220000 features
2021-08-10 14:30:26|  69.3|  5.6|INFORM|POSTGIS reader: Read 240000 features
2021-08-10 14:30:33|  75.6|  6.3|INFORM|POSTGIS reader: Read 260000 features
2021-08-10 14:30:38|  80.9|  5.3|INFORM|POSTGIS reader: Read 280000 features
2021-08-10 14:30:44|  86.3|  5.4|INFORM|POSTGIS reader: Read 300000 features
2021-08-10 14:30:49|  91.9|  5.6|INFORM|POSTGIS reader: Read 320000 features
2021-08-10 14:30:55|  97.2|  5.3|INFORM|POSTGIS reader: Read 340000 features
2021-08-10 14:31:00| 102.3|  5.1|INFORM|POSTGIS reader: Read 360000 features
2021-08-10 14:31:05| 108.0|  5.7|INFORM|POSTGIS reader: Read 380000 features
2021-08-10 14:31:11| 113.6|  5.7|INFORM|POSTGIS reader: Read 400000 features
2021-08-10 14:31:17| 119.1|  5.5|INFORM|POSTGIS reader: Read 420000 features
2021-08-10 14:31:22| 124.6|  5.5|INFORM|POSTGIS reader: Read 440000 features
2021-08-10 14:31:27| 129.8|  5.3|INFORM|POSTGIS reader: Read 460000 features
2021-08-10 14:31:33| 135.6|  5.8|INFORM|POSTGIS reader: Read 480000 features
2021-08-10 14:31:39| 141.4|  5.8|INFORM|POSTGIS reader: Read 500000 features
2021-08-10 14:31:45| 147.1|  5.6|INFORM|POSTGIS reader: Read 520000 features
2021-08-10 14:31:51| 152.6|  5.5|INFORM|POSTGIS reader: Read 540000 features
2021-08-10 14:31:57| 158.6|  6.0|INFORM|POSTGIS reader: Read 560000 features
2021-08-10 14:32:03| 164.3|  5.7|INFORM|POSTGIS reader: Read 580000 features
2021-08-10 14:32:09| 169.8|  5.5|INFORM|POSTGIS reader: Read 600000 features
2021-08-10 14:32:15| 175.4|  5.6|INFORM|POSTGIS reader: Read 620000 features
2021-08-10 14:32:20| 181.0|  5.6|INFORM|POSTGIS reader: Read 640000 features
2021-08-10 14:32:26| 186.5|  5.6|INFORM|POSTGIS reader: Read 660000 features
2021-08-10 14:32:32| 192.2|  5.6|INFORM|POSTGIS reader: Read 680000 features
2021-08-10 14:32:38| 197.8|  5.7|INFORM|POSTGIS reader: Read 700000 features
2021-08-10 14:32:43| 203.4|  5.5|INFORM|POSTGIS reader: Read 720000 features
2021-08-10 14:32:49| 209.1|  5.7|INFORM|POSTGIS reader: Read 740000 features
2021-08-10 14:32:55| 214.7|  5.7|INFORM|POSTGIS reader: Read 760000 features
2021-08-10 14:33:01| 220.5|  5.7|INFORM|POSTGIS reader: Read 780000 features
2021-08-10 14:33:07| 226.3|  5.8|INFORM|POSTGIS reader: Read 800000 features
2021-08-10 14:33:13| 232.1|  5.8|INFORM|POSTGIS reader: Read 820000 features
2021-08-10 14:33:19| 237.6|  5.5|INFORM|POSTGIS reader: Read 840000 features
2021-08-10 14:33:24| 242.7|  5.1|INFORM|POSTGIS reader: Read 860000 features
2021-08-10 14:33:29| 247.8|  5.2|INFORM|POSTGIS reader: Read 880000 features
2021-08-10 14:33:35| 253.1|  5.3|INFORM|POSTGIS reader: Read 900000 features
2021-08-10 14:33:41| 258.7|  5.5|INFORM|POSTGIS reader: Read 920000 features
2021-08-10 14:33:46| 264.1|  5.4|INFORM|POSTGIS reader: Read 940000 features
2021-08-10 14:33:52| 269.4|  5.3|INFORM|POSTGIS reader: Read 960000 features
2021-08-10 14:33:55| 272.9|  3.5|STATS |SQLCreator_3_Creator (CreationFactory): Created 1 features
2021-08-10 14:33:55| 272.9|  0.0|INFORM|Successfully closed POSTGIS database reader
2021-08-10 14:33:56| 273.1|  0.1|INFORM|Successfully closed POSTGIS database reader
2021-08-10 14:33:56| 273.1|  0.0|STATS |SQLCreator_3 <REJECTED> Transformer Output Nuker (TeeFactory): Cloned 0 input feature(s) into 0 output feature(s)
2021-08-10 14:33:56| 273.1|  0.0|STATS |SQLCreator_3_RESULT Brancher -1 18 (BranchingFactory): Branched 972112 input features -- 10 features routed to the target factory, and 0 features routed to the fallback factory.
2021-08-10 14:33:56| 273.1|  0.0|STATS |_CREATOR_BRANCH_TARGET (TeeFactory): Cloned 1038239 input feature(s) into 1038239 output feature(s)
2021-08-10 14:34:02| 278.8|  5.7|INFORM|FeatureJoiner (FeatureJoinerFactory): Joining features: Processed 260000 / 972112
2021-08-10 14:34:07| 283.7|  5.0|INFORM|FeatureJoiner (FeatureJoinerFactory): Joining features: Processed 530000 / 972112
2021-08-10 14:34:12| 288.7|  4.9|INFORM|FeatureJoiner (FeatureJoinerFactory): Joining features: Processed 800000 / 972112
2021-08-10 14:34:15| 291.9|  3.2|INFORM|FeatureJoiner (FeatureJoinerFactory): Joining features: Processed 972112 / 972112
2021-08-10 14:34:19| 295.8|  4.0|STATS |StringLengthCalculator_3 (TeeFactory): Cloned 66051 input feature(s) into 66051 output feature(s)
2021-08-10 14:34:19| 295.8|  0.0|STATS |Tester_2 (TestFactory): Tested 66051 input feature(s) -- 0 feature(s) passed and 66051 feature(s) failed
2021-08-10 14:34:19| 295.8|  0.0|STATS |StringPadder_3_CheckWidth (TestFactory): Tested 0 input feature(s) -- 0 feature(s) passed and 0 feature(s) failed
2021-08-10 14:34:19| 295.8|  0.0|STATS |StringPadder_3_StringPadder (TeeFactory): Cloned 0 input feature(s) into 0 output feature(s)
2021-08-10 14:34:33| 310.0| 14.1|INFORM|FME Configuration: Using FME Reprojection Engine
2021-08-10 14:34:33| 310.1|  0.1|INFORM|FME Configuration: Using connection values from 'pg.whitestar.com' for POSTGIS_1
2021-08-10 14:34:33| 310.1|  0.0|INFORM|Creating writer for format: PostGIS
2021-08-10 14:34:33| 310.1|  0.0|INFORM|Trying to find a DYNAMIC plugin for writer named `POSTGIS'
2021-08-10 14:34:33| 310.1|  0.0|INFORM|FME API version of module 'POSTGIS' matches current internal version (3.8 20200115)
2021-08-10 14:34:33| 310.1|  0.0|INFORM|FME Configuration: Destination coordinate system set to `LL27'
2021-08-10 14:34:33| 310.1|  0.0|INFORM|Coordinate System `LL27' parameters: CS_NAME=`LL27' DESC_NM=`NAD27 datum, Latitude-Longitude; Degrees' DT_NAME=`NAD27' EPSG_QD=`-1' GROUP=`LL' MAP_SCL=`1' MAX_LAT=`85.16666666666667' MAX_LNG=`-45.733333333333334' MIN_LAT=`5.983333333333333' MIN_LNG=`-194.35' PROJ=`LL' QUAD=`1' SCL_RED=`1' SOURCE=`Mentor Software' UNIT=`DEGREE'
2021-08-10 14:34:33| 310.1|  0.0|INFORM|POSTGIS writer: Splitting bulk mode features into features
2021-08-10 14:34:34| 310.4|  0.3|INFORM|FME API version of module 'POSTGIS' matches current internal version (3.8 20200115)
2021-08-10 14:34:34| 310.4|  0.0|INFORM|Writer `POSTGIS_1' of type `POSTGIS' using group definition keyword `POSTGIS_1_DEF'
2021-08-10 14:34:34| 310.4|  0.0|INFORM|FME API version of module 'POSTGIS' matches current internal version (3.8 20200115)
2021-08-10 14:34:34| 310.4|  0.0|INFORM|Opening POSTGIS writer for dataset 'postgis20'...
2021-08-10 14:34:34| 310.4|  0.0|INFORM|PostGIS client encoding: 'UTF8'
2021-08-10 14:34:34| 310.4|  0.0|INFORM|PostgreSQL 11.10 on x86_64-pc-linux-gnu, compiled by gcc (GCC) 4.8.5 20150623 (Red Hat 4.8.5-11), 64-bit
2021-08-10 14:34:34| 310.4|  0.0|INFORM|2.5 USE_GEOS=1 USE_PROJ=1 USE_STATS=1
2021-08-10 14:34:34| 310.4|  0.0|INFORM|Testing for the existence of table 'public.tx_liners_latest_build'...
2021-08-10 14:34:34| 310.4|  0.0|INFORM|Creating table 'public.tx_liners_latest_build'...
2021-08-10 14:34:35| 310.8|  0.4|INFORM|POSTGIS Writer: Creating 'unquoted WKB' geometry processor for feature type 'public.tx_liners_latest_build'
2021-08-10 14:34:35| 310.8|  0.0|INFORM|POSTGIS Writer: Creating 'streaming Bulk Copy' feature type processor for feature type 'public.tx_liners_latest_build'
2021-08-10 14:34:35| 310.9|  0.1|INFORM|Committed transaction at feature '1000'
2021-08-10 14:34:35| 311.0|  0.1|INFORM|Committed transaction at feature '2000'
2021-08-10 14:34:35| 311.2|  0.1|INFORM|Committed transaction at feature '3000'
2021-08-10 14:34:35| 311.3|  0.1|INFORM|Committed transaction at feature '4000'
2021-08-10 14:34:35| 311.4|  0.1|INFORM|Committed transaction at feature '5000'
2021-08-10 14:34:35| 311.5|  0.1|INFORM|Committed transaction at feature '6000'
2021-08-10 14:34:36| 311.7|  0.1|INFORM|Committed transaction at feature '7000'
2021-08-10 14:34:36| 311.8|  0.1|INFORM|Committed transaction at feature '8000'
2021-08-10 14:34:36| 311.9|  0.1|INFORM|Committed transaction at feature '9000'
2021-08-10 14:34:36| 312.0|  0.1|INFORM|Committed transaction at feature '10000'
2021-08-10 14:34:36| 312.3|  0.2|INFORM|Committed transaction at feature '11000'
2021-08-10 14:34:36| 312.4|  0.1|INFORM|Committed transaction at feature '12000'
2021-08-10 14:34:36| 312.5|  0.1|INFORM|Committed transaction at feature '13000'
2021-08-10 14:34:37| 312.6|  0.1|INFORM|Committed transaction at feature '14000'
2021-08-10 14:34:37| 312.7|  0.1|INFORM|Committed transaction at feature '15000'
2021-08-10 14:34:37| 312.8|  0.1|INFORM|Committed transaction at feature '16000'
2021-08-10 14:34:37| 312.9|  0.1|INFORM|Committed transaction at feature '17000'
2021-08-10 14:34:37| 313.1|  0.1|INFORM|Committed transaction at feature '18000'
2021-08-10 14:34:37| 313.2|  0.1|INFORM|Committed transaction at feature '19000'
2021-08-10 14:34:37| 313.3|  0.1|INFORM|Committed transaction at feature '20000'
2021-08-10 14:34:38| 313.5|  0.2|INFORM|Committed transaction at feature '21000'
2021-08-10 14:34:38| 313.6|  0.1|INFORM|Committed transaction at feature '22000'
2021-08-10 14:34:38| 313.8|  0.1|INFORM|Committed transaction at feature '23000'
2021-08-10 14:34:38| 313.9|  0.1|INFORM|Committed transaction at feature '24000'
2021-08-10 14:34:38| 314.0|  0.1|INFORM|Committed transaction at feature '25000'
2021-08-10 14:34:38| 314.1|  0.1|INFORM|Committed transaction at feature '26000'
2021-08-10 14:34:38| 314.3|  0.1|INFORM|Committed transaction at feature '27000'
2021-08-10 14:34:39| 314.4|  0.1|INFORM|POSTGIS writer: 27609 of 66051 features written
2021-08-10 14:34:39| 314.4|  0.0|INFORM|Committed transaction at feature '28000'
2021-08-10 14:34:39| 314.6|  0.2|INFORM|Committed transaction at feature '29000'
2021-08-10 14:34:39| 314.7|  0.1|INFORM|Committed transaction at feature '30000'
2021-08-10 14:34:39| 315.0|  0.3|INFORM|Committed transaction at feature '31000'
2021-08-10 14:34:39| 315.1|  0.1|INFORM|Committed transaction at feature '32000'
2021-08-10 14:34:39| 315.2|  0.1|INFORM|Committed transaction at feature '33000'
2021-08-10 14:34:40| 315.4|  0.2|INFORM|Committed transaction at feature '34000'
2021-08-10 14:34:40| 315.5|  0.1|INFORM|Committed transaction at feature '35000'
2021-08-10 14:34:40| 315.6|  0.1|INFORM|Committed transaction at feature '36000'
2021-08-10 14:34:40| 315.7|  0.1|INFORM|Committed transaction at feature '37000'
2021-08-10 14:34:41| 315.9|  0.2|INFORM|Committed transaction at feature '38000'
2021-08-10 14:34:41| 316.0|  0.1|INFORM|Committed transaction at feature '39000'
2021-08-10 14:34:41| 316.1|  0.1|INFORM|Committed transaction at feature '40000'
2021-08-10 14:34:41| 316.3|  0.2|INFORM|Committed transaction at feature '41000'
2021-08-10 14:34:41| 316.5|  0.1|INFORM|Committed transaction at feature '42000'
2021-08-10 14:34:41| 316.6|  0.1|INFORM|Committed transaction at feature '43000'
2021-08-10 14:34:41| 316.8|  0.2|INFORM|Committed transaction at feature '44000'
2021-08-10 14:34:42| 316.9|  0.1|INFORM|Committed transaction at feature '45000'
2021-08-10 14:34:42| 317.0|  0.1|INFORM|Committed transaction at feature '46000'
2021-08-10 14:34:42| 317.1|  0.1|INFORM|Committed transaction at feature '47000'
2021-08-10 14:34:42| 317.2|  0.1|INFORM|Committed transaction at feature '48000'
2021-08-10 14:34:42| 317.4|  0.1|INFORM|Committed transaction at feature '49000'
2021-08-10 14:34:42| 317.5|  0.1|INFORM|Committed transaction at feature '50000'
2021-08-10 14:34:43| 317.7|  0.2|INFORM|Committed transaction at feature '51000'
2021-08-10 14:34:43| 317.8|  0.1|INFORM|Committed transaction at feature '52000'
2021-08-10 14:34:43| 318.0|  0.2|INFORM|Committed transaction at feature '53000'
2021-08-10 14:34:43| 318.2|  0.2|INFORM|Committed transaction at feature '54000'
2021-08-10 14:34:43| 318.3|  0.1|INFORM|Committed transaction at feature '55000'
2021-08-10 14:34:43| 318.4|  0.1|INFORM|Committed transaction at feature '56000'
2021-08-10 14:34:44| 318.5|  0.1|INFORM|POSTGIS writer: 56532 of 66051 features written
2021-08-10 14:34:44| 318.5|  0.1|INFORM|Committed transaction at feature '57000'
2021-08-10 14:34:44| 318.6|  0.1|INFORM|Committed transaction at feature '58000'
2021-08-10 14:34:44| 318.8|  0.1|INFORM|Committed transaction at feature '59000'
2021-08-10 14:34:44| 318.9|  0.1|INFORM|Committed transaction at feature '60000'
2021-08-10 14:34:44| 319.0|  0.2|INFORM|Committed transaction at feature '61000'
2021-08-10 14:34:44| 319.2|  0.1|INFORM|Committed transaction at feature '62000'
2021-08-10 14:34:44| 319.3|  0.1|INFORM|Committed transaction at feature '63000'
2021-08-10 14:34:45| 319.4|  0.1|INFORM|Committed transaction at feature '64000'
2021-08-10 14:34:45| 319.5|  0.1|INFORM|Committed transaction at feature '65000'
2021-08-10 14:34:45| 319.7|  0.1|INFORM|Committed transaction at feature '66000'
2021-08-10 14:34:45| 319.7|  0.0|INFORM|POSTGIS writer: 66051 of 66051 features written
2021-08-10 14:34:45| 320.0|  0.3|STATS |Sorter (SortFactory): Finished sorting a total of 66051 features.
2021-08-10 14:34:45| 320.0|  0.0|STATS |Destination Feature Type Routing Correlator (RoutingFactory): Tested 66051 input feature(s), wrote 66051 output feature(s): 0 matched merge filters, 66051 were routed to output, 0 could not be routed.
2021-08-10 14:34:45| 320.0|  0.0|STATS |Final Output Nuker (TeeFactory): Cloned 0 input feature(s) into 0 output feature(s)
2021-08-10 14:34:45| 320.0|  0.0|INFORM|Creating 'BTree' index on column "wstar_id" of table 'public.tx_liners_latest_build'...
2021-08-10 14:34:46| 320.0|  0.0|INFORM|Creating 'BTree' index on column "api" of table 'public.tx_liners_latest_build'...
2021-08-10 14:34:46| 320.0|  0.0|INFORM|Creating 'BTree' index on column "api_cnty" of table 'public.tx_liners_latest_build'...
2021-08-10 14:34:46| 320.0|  0.0|INFORM|Creating 'BTree' index on column "county" of table 'public.tx_liners_latest_build'...
2021-08-10 14:34:46| 320.0|  0.0|INFORM|Creating 'GIST' index on column "geom" of table 'public.tx_liners_latest_build'...
2021-08-10 14:34:47| 320.0|  0.0|INFORM|Successfully closed POSTGIS database writer
2021-08-10 14:34:47| 320.0|  0.0|INFORM|=-=-=-=-=-=-=-=-=-=-=-=-=-=-=-=-=-=-=-=-=-=-=-=-=-=-=-=-=-=-=-=-=-=-=-=-=-=-=-
2021-08-10 14:34:47| 320.0|  0.0|INFORM|Feature output statistics for `POSTGIS' writer using keyword `POSTGIS_1':
2021-08-10 14:34:47| 320.0|  0.0|STATS |=-=-=-=-=-=-=-=-=-=-=-=-=-=-=-=-=-=-=-=-=-=-=-=-=-=-=-=-=-=-=-=-=-=-=-=-=-=-=-
2021-08-10 14:34:47| 320.0|  0.0|STATS |                               Features Written
2021-08-10 14:34:47| 320.0|  0.0|STATS |=-=-=-=-=-=-=-=-=-=-=-=-=-=-=-=-=-=-=-=-=-=-=-=-=-=-=-=-=-=-=-=-=-=-=-=-=-=-=-
2021-08-10 14:34:47| 320.0|  0.0|STATS |public.tx_liners_latest_build                                            66051
2021-08-10 14:34:47| 320.0|  0.0|STATS |==============================================================================
2021-08-10 14:34:47| 320.0|  0.0|STATS |Total Features Written                                                   66051
2021-08-10 14:34:47| 320.0|  0.0|STATS |=-=-=-=-=-=-=-=-=-=-=-=-=-=-=-=-=-=-=-=-=-=-=-=-=-=-=-=-=-=-=-=-=-=-=-=-=-=-=-
2021-08-10 14:34:47| 320.0|  0.0|STATS |=-=-=-=-=-=-=-=-=-=-=-=-=-=-=-=-=-=-=-=-=-=-=-=-=-=-=-=-=-=-=-=-=-=-=-=-=-=-=-
2021-08-10 14:34:47| 320.0|  0.0|STATS |                            Features Read Summary
2021-08-10 14:34:47| 320.0|  0.0|STATS |=-=-=-=-=-=-=-=-=-=-=-=-=-=-=-=-=-=-=-=-=-=-=-=-=-=-=-=-=-=-=-=-=-=-=-=-=-=-=-
2021-08-10 14:34:47| 320.0|  0.0|STATS |==============================================================================
2021-08-10 14:34:47| 320.0|  0.0|STATS |Total Features Read                                                          0
2021-08-10 14:34:47| 320.0|  0.0|STATS |=-=-=-=-=-=-=-=-=-=-=-=-=-=-=-=-=-=-=-=-=-=-=-=-=-=-=-=-=-=-=-=-=-=-=-=-=-=-=-
2021-08-10 14:34:47| 320.0|  0.0|STATS |=-=-=-=-=-=-=-=-=-=-=-=-=-=-=-=-=-=-=-=-=-=-=-=-=-=-=-=-=-=-=-=-=-=-=-=-=-=-=-
2021-08-10 14:34:47| 320.0|  0.0|STATS |                           Features Written Summary
2021-08-10 14:34:47| 320.0|  0.0|STATS |=-=-=-=-=-=-=-=-=-=-=-=-=-=-=-=-=-=-=-=-=-=-=-=-=-=-=-=-=-=-=-=-=-=-=-=-=-=-=-
2021-08-10 14:34:47| 320.0|  0.0|STATS |public.tx_liners_latest_build                                            66051
2021-08-10 14:34:47| 320.0|  0.0|STATS |==============================================================================
2021-08-10 14:34:47| 320.0|  0.0|STATS |Total Features Written                                                   66051
2021-08-10 14:34:47| 320.0|  0.0|STATS |=-=-=-=-=-=-=-=-=-=-=-=-=-=-=-=-=-=-=-=-=-=-=-=-=-=-=-=-=-=-=-=-=-=-=-=-=-=-=-
2021-08-10 14:34:47| 320.0|  0.0|INFORM|Translation was SUCCESSFUL with 1 warning(s) (66051 feature(s) output)
2021-08-10 14:34:47| 320.1|  0.0|INFORM|FME Session Duration: 5 minutes 32.3 seconds. (CPU: 307.9s user, 11.0s system)
2021-08-10 14:34:47| 320.1|  0.0|INFORM|END - ProcessID: 11408, peak process memory usage: 2438156 kB, current process memory usage: 104428 kB
