2021-08-02 21:07:33|   0.1|  0.1|INFORM|FME 2020.2.0.0 (20201027 - Build 20787 - WIN64)
2021-08-02 21:07:33|   0.1|  0.0|INFORM|FME_HOME is 'C:\Program Files\FME\'
2021-08-02 21:07:33|   0.1|  0.0|INFORM|FME ESRI Edition (node locked-crc)
2021-08-02 21:07:33|   0.1|  0.0|INFORM|Serial Number: CY27-P78W-20C5
2021-08-02 21:07:33|   0.1|  0.0|INFORM|Permanent License.
2021-08-02 21:07:33|   0.1|  0.0|INFORM|Machine host name is: IP-C61386BF
2021-08-02 21:07:33|   0.1|  0.0|INFORM|START - ProcessID: 2592, peak process memory usage: 37588 kB, current process memory usage: 37524 kB
2021-08-02 21:07:33|   0.1|  0.0|INFORM|FME Configuration: Command line arguments are `fme' `D:\Users\rwhite\Documents\texas-wells\wells-service\fmw\permits_bh.fmw'
2021-08-02 21:07:33|   0.1|  0.0|INFORM|FME Configuration: Connection Storage: 'D:\Users\rwhite\AppData\Roaming\Safe Software\FME\'
2021-08-02 21:07:33|   0.6|  0.5|INFORM|Shared folders for formats are : C:\Program Files\FME\datasources;D:\Users\rwhite\Documents\FME\Formats
2021-08-02 21:07:33|   0.6|  0.0|INFORM|Shared folders for transformers are : D:\Users\rwhite\AppData\Roaming\Safe Software\FME\Packages\20787-win64\transformers;C:\Program Files\FME\transformers;D:\Users\rwhite\AppData\Roaming\Safe Software\FME\FME Store\Transformers
2021-08-02 21:07:33|   0.6|  0.0|INFORM|Shared folders for coordinate systems are : D:\Users\rwhite\Documents\FME\CoordinateSystems
2021-08-02 21:07:33|   0.6|  0.0|INFORM|Shared folders for coordinate system exceptions are : D:\Users\rwhite\Documents\FME\CoordinateSystemExceptions
2021-08-02 21:07:33|   0.6|  0.0|INFORM|Shared folders for coordinate system grid overrides are : D:\Users\rwhite\Documents\FME\CoordinateSystemGridOverrides
2021-08-02 21:07:33|   0.6|  0.0|INFORM|Shared folders for CS-MAP transformation exceptions are : D:\Users\rwhite\Documents\FME\CsmapTransformationExceptions
2021-08-02 21:07:33|   0.6|  0.0|INFORM|Shared folders for transformer categories are : D:\Users\rwhite\Documents\FME\TransformerCategories
2021-08-02 21:07:33|   0.6|  0.0|INFORM|FME Configuration: Reader Keyword is `MULTI_READER'
2021-08-02 21:07:33|   0.6|  0.0|INFORM|FME Configuration: Writer Keyword is `MULTI_WRITER'
2021-08-02 21:07:33|   0.6|  0.0|INFORM|FME Configuration: Writer Group Definition Keyword is `MULTI_WRITER_DEF'
2021-08-02 21:07:33|   0.6|  0.0|INFORM|FME Configuration: Reader type is `MULTI_READER'
2021-08-02 21:07:33|   0.6|  0.0|INFORM|FME Configuration: Writer type is `MULTI_WRITER'
2021-08-02 21:07:33|   0.6|  0.0|INFORM|FME Configuration: No destination coordinate system set
2021-08-02 21:07:33|   0.6|  0.0|INFORM|FME Configuration: Current working folder is `D:\Users\rwhite\Documents\texas-wells\wells-service'
2021-08-02 21:07:33|   0.6|  0.0|INFORM|FME Configuration: Temporary folder is `D:\Users\rwhite\AppData\Local\Temp\1', set from environment variable `TEMP'
2021-08-02 21:07:33|   0.6|  0.0|INFORM|FME Configuration: FME_HOME is `C:\Program Files\FME\'
2021-08-02 21:07:33|   0.6|  0.0|INFORM|FME Configuration: FME_BASE is 'no'
2021-08-02 21:07:33|   0.6|  0.0|INFORM|FME Configuration: FME_MF_DIR is 'D:\Users\rwhite\Documents\texas-wells\wells-service\fmw/'
2021-08-02 21:07:33|   0.6|  0.0|INFORM|FME Configuration: FME_MF_NAME is 'permits_bh.fmw'
2021-08-02 21:07:33|   0.6|  0.0|INFORM|FME Configuration: FME_PRODUCT_NAME is 'FME(R) 2020.2.0.0'
2021-08-02 21:07:33|   0.6|  0.0|INFORM|System Status: 271.88 GB of disk space available in the FME temporary folder (D:\Users\rwhite\AppData\Local\Temp\1)
2021-08-02 21:07:33|   0.6|  0.0|INFORM|System Status: 15.82 GB of physical memory available
2021-08-02 21:07:33|   0.6|  0.0|INFORM|System Status: 63.26 GB of virtual memory available
2021-08-02 21:07:33|   0.6|  0.0|INFORM|Operating System: Microsoft Windows Server 10 Server 4.0 64-bit  (Build 14393)
2021-08-02 21:07:33|   0.6|  0.0|INFORM|FME Platform: WIN64
2021-08-02 21:07:33|   0.6|  0.0|INFORM|Locale: en_US
2021-08-02 21:07:33|   0.6|  0.0|INFORM|System Encoding: windows-1252
2021-08-02 21:07:33|   0.6|  0.0|INFORM|FME Configuration: Start freeing memory when the process exceeds 47.45 GB
2021-08-02 21:07:33|   0.6|  0.0|INFORM|FME Configuration: Stop freeing memory when the process is below 35.59 GB
2021-08-02 21:07:33|   0.7|  0.0|INFORM|Creating writer for format: 
2021-08-02 21:07:33|   0.7|  0.0|INFORM|Creating reader for format: 
2021-08-02 21:07:33|   0.7|  0.0|INFORM|MULTI_READER(MULTI_READER): Will fail with first member reader failure
2021-08-02 21:07:33|   0.7|  0.0|INFORM|MULTI_READER(MULTI_READER): Adding POSTGIS Reader with keyword POSTGIS_1
2021-08-02 21:07:33|   0.7|  0.0|INFORM|MULTI_READER(MULTI_READER): Adding POSTGIS Reader with keyword POSTGIS_2
2021-08-02 21:07:33|   0.7|  0.0|INFORM|Using Multi Reader with keyword `MULTI_READER' to read multiple datasets
2021-08-02 21:07:33|   0.7|  0.0|INFORM|FME Configuration: Using connection values from 'pg.whitestar.com' for POSTGIS_1
2021-08-02 21:07:33|   0.7|  0.0|INFORM|Creating reader for format: PostGIS
2021-08-02 21:07:33|   0.8|  0.0|INFORM|Trying to find a DYNAMIC plugin for reader named `POSTGIS'
2021-08-02 21:07:33|   0.8|  0.0|INFORM|Loaded module 'POSTGIS' from file 'C:\Program Files\FME\plugins/POSTGIS.dll'
2021-08-02 21:07:33|   0.8|  0.0|INFORM|FME API version of module 'POSTGIS' matches current internal version (3.8 20200115)
2021-08-02 21:07:33|   0.8|  0.0|INFORM|Opening POSTGIS reader for dataset 'postgis20'
2021-08-02 21:07:33|   0.8|  0.0|INFORM|PostGIS client encoding: 'UTF8'
2021-08-02 21:07:33|   0.8|  0.0|INFORM|PostgreSQL 11.10 on x86_64-pc-linux-gnu, compiled by gcc (GCC) 4.8.5 20150623 (Red Hat 4.8.5-11), 64-bit
2021-08-02 21:07:33|   0.8|  0.0|INFORM|2.5 USE_GEOS=1 USE_PROJ=1 USE_STATS=1
2021-08-02 21:07:33|   0.8|  0.0|INFORM|POSTGIS reader: Building features into bulk mode features
2021-08-02 21:07:33|   0.8|  0.0|INFORM|Using MultiWriter with keyword `MULTI_WRITER' to output data (ID_ATTRIBUTE is `multi_writer_id')
2021-08-02 21:07:33|   0.8|  0.0|INFORM|Writer output will be ordered by value of multi_writer_id
2021-08-02 21:07:33|   0.8|  0.0|INFORM|Loaded module 'QueryFactory' from file 'C:\Program Files\FME\plugins/QueryFactory.dll'
2021-08-02 21:07:33|   0.8|  0.0|INFORM|FME API version of module 'QueryFactory' matches current internal version (3.8 20200115)
2021-08-02 21:07:33|   0.8|  0.0|INFORM|Loaded module 'VertexCreatorFactory' from file 'C:\Program Files\FME\plugins/VertexCreatorFactory.dll'
2021-08-02 21:07:33|   0.8|  0.0|INFORM|FME API version of module 'VertexCreatorFactory' matches current internal version (3.8 20200115)
2021-08-02 21:07:33|   0.8|  0.0|INFORM|FME Configuration: Using FME Reprojection Engine
2021-08-02 21:07:34|   0.8|  0.0|INFORM|Executing data query: 'declare "public_TX_ABSTRACT_crsr" cursor for select "objectid","POSTAL","COUNTY","CTY_API","DISTRICT","BLOCKNA","BLOCKNO","BLOOVNA","BLOOVNO","SURVNA","SURVNO","SUROVNA","SUROVNO","ABSNA","ABSNO","ABSOVNA","ABSOVNO","SUBDNA","SUBDNO","LOTNA","LOTNO","TRACTNA","TRACTNO","AMODDATE","GMODDATE","DATUM","SOURCE", ST_AsEWKB("geom") as "geom" from "public"."TX_ABSTRACT"'
2021-08-02 21:07:34|   0.8|  0.0|INFORM|Reading POSTGIS table: 'public.TX_ABSTRACT'...
2021-08-02 21:07:34|   1.0|  0.2|INFORM|FME Configuration: Source coordinate system for reader POSTGIS_1[POSTGIS] set to `EPSG:4267' as read from input data
2021-08-02 21:07:34|   1.3|  0.3|INFORM|Coordinate System `EPSG:4267' parameters: CS_NAME=`LL27' DESC_NM=`NAD27 datum, Latitude-Longitude; Degrees' DT_NAME=`NAD27' EPSG_QD=`-1' GROUP=`LL' MAP_SCL=`1' MAX_LAT=`85.16666666666667' MAX_LNG=`-45.733333333333334' MIN_LAT=`5.983333333333333' MIN_LNG=`-194.35' PROJ=`LL' QUAD=`1' SCL_RED=`1' SOURCE=`Mentor Software' UNIT=`DEGREE'
2021-08-02 21:07:38|   4.7|  3.4|INFORM|POSTGIS reader: Read 30000 features
2021-08-02 21:07:43|   9.7|  5.0|INFORM|POSTGIS reader: Read 80000 features
2021-08-02 21:07:45|  11.9|  2.1|INFORM|FME Configuration: Using connection values from 'pg.whitestar.com' for R_1
2021-08-02 21:07:45|  11.9|  0.0|INFORM|Creating reader for format: PostGIS
2021-08-02 21:07:45|  11.9|  0.0|INFORM|Trying to find a DYNAMIC plugin for reader named `POSTGIS'
2021-08-02 21:07:45|  11.9|  0.0|INFORM|FME API version of module 'POSTGIS' matches current internal version (3.8 20200115)
2021-08-02 21:07:45|  11.9|  0.0|INFORM|Performing query against POSTGIS dataset `pg.whitestar.com'
2021-08-02 21:07:45|  11.9|  0.0|INFORM|Opening POSTGIS reader for dataset 'postgis20'
2021-08-02 21:07:45|  11.9|  0.0|INFORM|PostGIS client encoding: 'UTF8'
2021-08-02 21:07:45|  11.9|  0.0|INFORM|PostgreSQL 11.10 on x86_64-pc-linux-gnu, compiled by gcc (GCC) 4.8.5 20150623 (Red Hat 4.8.5-11), 64-bit
2021-08-02 21:07:45|  11.9|  0.0|INFORM|2.5 USE_GEOS=1 USE_PROJ=1 USE_STATS=1
2021-08-02 21:07:45|  11.9|  0.0|INFORM|POSTGIS reader: Building features into bulk mode features
2021-08-02 21:07:45|  11.9|  0.0|INFORM|Executing custom data query: 'select 
api,
apinum,
bottom_id,
cwellnum as well_num,
lat27,
lat83,
long27,
long83,
out_fips,
radioact as radioactv,
reliab,
stcode,
surface_id,
symnum,
wellid
from well_b
order by surface_id'
2021-08-02 21:07:50|  14.6|  2.7|INFORM|POSTGIS reader: Read 80000 features
2021-08-02 21:07:55|  19.1|  4.5|INFORM|AttributeCreator_2 (AttrSetFactory): Processed 66364 of 100000 features
2021-08-02 21:08:00|  24.4|  5.3|INFORM|VertexCreator (VertexCreatorFactory): Splitting bulk mode features into features
2021-08-02 21:08:02|  26.4|  2.0|INFORM|SubstringExtractor(@Tcl2): Processed 100000 features
2021-08-02 21:08:02|  26.4|  0.0|INFORM|AttributeCreator_2 (AttrSetFactory): Processed 100000 of 100000 features
2021-08-02 21:08:02|  26.8|  0.4|INFORM|POSTGIS reader: Read 110000 features
2021-08-02 21:08:10|  33.8|  7.0|INFORM|AttributeCreator_2 (AttrSetFactory): Processed 68910 of 100000 features
2021-08-02 21:08:15|  39.1|  5.3|INFORM|VertexCreator (VertexCreatorFactory): Splitting bulk mode features into features
2021-08-02 21:08:17|  41.2|  2.1|INFORM|SubstringExtractor(@Tcl2): Processed 100000 features
2021-08-02 21:08:17|  41.3|  0.0|INFORM|AttributeCreator_2 (AttrSetFactory): Processed 100000 of 100000 features
2021-08-02 21:08:17|  41.6|  0.4|INFORM|POSTGIS reader: Read 210000 features
2021-08-02 21:08:25|  48.5|  6.9|INFORM|AttributeCreator_2 (AttrSetFactory): Processed 71006 of 100000 features
2021-08-02 21:08:30|  53.6|  5.1|INFORM|VertexCreator (VertexCreatorFactory): Splitting bulk mode features into features
2021-08-02 21:08:32|  56.0|  2.5|INFORM|SubstringExtractor(@Tcl2): Processed 100000 features
2021-08-02 21:08:32|  56.1|  0.0|INFORM|AttributeCreator_2 (AttrSetFactory): Processed 100000 of 100000 features
2021-08-02 21:08:33|  56.6|  0.6|INFORM|POSTGIS reader: Read 310000 features
2021-08-02 21:08:38|  60.6|  3.9|INFORM|POSTGIS reader: Read 400000 features
2021-08-02 21:08:43|  65.2|  4.7|INFORM|AttributeCreator_2 (AttrSetFactory): Processed 66707 of 100000 features
2021-08-02 21:08:49|  71.4|  6.2|INFORM|VertexCreator (VertexCreatorFactory): Splitting bulk mode features into features
2021-08-02 21:08:51|  73.5|  2.0|INFORM|SubstringExtractor(@Tcl2): Processed 100000 features
2021-08-02 21:08:51|  73.5|  0.0|INFORM|AttributeCreator_2 (AttrSetFactory): Processed 100000 of 100000 features
2021-08-02 21:08:51|  73.9|  0.4|INFORM|POSTGIS reader: Read 410000 features
2021-08-02 21:09:00|  81.9|  8.0|INFORM|AttributeCreator_2 (AttrSetFactory): Processed 80866 of 100000 features
2021-08-02 21:09:04|  86.4|  4.5|INFORM|VertexCreator (VertexCreatorFactory): Splitting bulk mode features into features
2021-08-02 21:09:06|  88.5|  2.1|INFORM|SubstringExtractor(@Tcl2): Processed 100000 features
2021-08-02 21:09:06|  88.6|  0.0|INFORM|AttributeCreator_2 (AttrSetFactory): Processed 100000 of 100000 features
2021-08-02 21:09:07|  88.9|  0.4|INFORM|POSTGIS reader: Read 510000 features
2021-08-02 21:09:15|  96.7|  7.7|INFORM|AttributeCreator_2 (AttrSetFactory): Processed 82898 of 100000 features
2021-08-02 21:09:19| 101.2|  4.5|INFORM|VertexCreator (VertexCreatorFactory): Splitting bulk mode features into features
2021-08-02 21:09:21| 103.3|  2.2|INFORM|SubstringExtractor(@Tcl2): Processed 100000 features
2021-08-02 21:09:21| 103.4|  0.0|INFORM|AttributeCreator_2 (AttrSetFactory): Processed 100000 of 100000 features
2021-08-02 21:09:22| 103.7|  0.3|INFORM|POSTGIS reader: Read 610000 features
2021-08-02 21:09:30| 111.5|  7.8|INFORM|AttributeCreator_2 (AttrSetFactory): Processed 80724 of 100000 features
2021-08-02 21:09:34| 115.9|  4.5|INFORM|VertexCreator (VertexCreatorFactory): Splitting bulk mode features into features
2021-08-02 21:09:36| 118.0|  2.1|INFORM|SubstringExtractor(@Tcl2): Processed 100000 features
2021-08-02 21:09:36| 118.1|  0.0|INFORM|AttributeCreator_2 (AttrSetFactory): Processed 100000 of 100000 features
2021-08-02 21:09:36| 118.4|  0.3|INFORM|POSTGIS reader: Read 710000 features
2021-08-02 21:09:45| 126.2|  7.8|INFORM|AttributeCreator_2 (AttrSetFactory): Processed 80818 of 100000 features
2021-08-02 21:09:49| 131.0|  4.8|INFORM|VertexCreator (VertexCreatorFactory): Splitting bulk mode features into features
2021-08-02 21:09:51| 133.2|  2.2|INFORM|SubstringExtractor(@Tcl2): Processed 100000 features
2021-08-02 21:09:51| 133.2|  0.0|INFORM|AttributeCreator_2 (AttrSetFactory): Processed 100000 of 100000 features
2021-08-02 21:09:52| 133.5|  0.3|INFORM|POSTGIS reader: Read 810000 features
2021-08-02 21:10:00| 141.0|  7.5|INFORM|AttributeCreator_2 (AttrSetFactory): Processed 76991 of 100000 features
2021-08-02 21:10:05| 146.1|  5.1|INFORM|VertexCreator (VertexCreatorFactory): Splitting bulk mode features into features
2021-08-02 21:10:07| 148.3|  2.1|INFORM|SubstringExtractor(@Tcl2): Processed 100000 features
2021-08-02 21:10:07| 148.3|  0.0|INFORM|AttributeCreator_2 (AttrSetFactory): Processed 100000 of 100000 features
2021-08-02 21:10:07| 148.7|  0.4|INFORM|POSTGIS reader: Read 910000 features
2021-08-02 21:10:15| 155.7|  7.1|INFORM|AttributeCreator_2 (AttrSetFactory): Processed 72732 of 100000 features
2021-08-02 21:10:19| 160.7|  5.0|INFORM|VertexCreator (VertexCreatorFactory): Splitting bulk mode features into features
2021-08-02 21:10:22| 162.8|  2.2|INFORM|SubstringExtractor(@Tcl2): Processed 100000 features
2021-08-02 21:10:22| 162.9|  0.0|INFORM|AttributeCreator_2 (AttrSetFactory): Processed 100000 of 100000 features
2021-08-02 21:10:22| 163.3|  0.4|INFORM|POSTGIS reader: Read 1010000 features
2021-08-02 21:10:30| 170.6|  7.3|INFORM|AttributeCreator_2 (AttrSetFactory): Processed 76288 of 100000 features
2021-08-02 21:10:34| 175.2|  4.7|INFORM|VertexCreator (VertexCreatorFactory): Splitting bulk mode features into features
2021-08-02 21:10:36| 177.3|  2.1|INFORM|SubstringExtractor(@Tcl2): Processed 100000 features
2021-08-02 21:10:36| 177.4|  0.0|INFORM|AttributeCreator_2 (AttrSetFactory): Processed 100000 of 100000 features
2021-08-02 21:10:37| 177.7|  0.4|INFORM|POSTGIS reader: Read 1110000 features
2021-08-02 21:10:45| 185.4|  7.6|INFORM|AttributeCreator_2 (AttrSetFactory): Processed 80350 of 100000 features
2021-08-02 21:10:49| 189.9|  4.5|INFORM|VertexCreator (VertexCreatorFactory): Splitting bulk mode features into features
2021-08-02 21:10:51| 192.0|  2.2|INFORM|SubstringExtractor(@Tcl2): Processed 100000 features
2021-08-02 21:10:51| 192.1|  0.0|INFORM|AttributeCreator_2 (AttrSetFactory): Processed 100000 of 100000 features
2021-08-02 21:10:52| 192.5|  0.4|INFORM|POSTGIS reader: Read 1210000 features
2021-08-02 21:11:00| 200.2|  7.7|INFORM|AttributeCreator_2 (AttrSetFactory): Processed 81388 of 100000 features
2021-08-02 21:11:04| 204.7|  4.5|INFORM|VertexCreator (VertexCreatorFactory): Splitting bulk mode features into features
2021-08-02 21:11:05| 205.8|  1.1|WARN  |Warning: not all FMESessions that were created were destroyed before shutdown.  This may cause instability
2021-08-02 21:11:05| 205.8|  0.0|WARN  |Warning: not all Stashed Objects that were registered were dropped before shutdown.  This may cause instability
