2021-08-10 16:10:55|   0.1|  0.1|INFORM|FME 2020.2.0.0 (20201027 - Build 20787 - WIN64)
2021-08-10 16:10:55|   0.1|  0.0|INFORM|FME_HOME is 'C:\Program Files\FME\'
2021-08-10 16:10:55|   0.1|  0.0|INFORM|FME ESRI Edition (node locked-crc)
2021-08-10 16:10:55|   0.1|  0.0|INFORM|Serial Number: CY27-P78W-20C5
2021-08-10 16:10:55|   0.1|  0.0|INFORM|Permanent License.
2021-08-10 16:10:55|   0.1|  0.0|INFORM|Machine host name is: IP-C61386BF
2021-08-10 16:10:55|   0.1|  0.0|INFORM|START - ProcessID: 13280, peak process memory usage: 37584 kB, current process memory usage: 37520 kB
2021-08-10 16:10:55|   0.1|  0.0|INFORM|FME Configuration: Command line arguments are `fme' `D:\Users\rwhite\Documents\texas-wells\wells-service\fmw\permits_tubing.fmw'
2021-08-10 16:10:55|   0.1|  0.0|INFORM|FME Configuration: Connection Storage: 'D:\Users\rwhite\AppData\Roaming\Safe Software\FME\'
2021-08-10 16:10:57|   1.3|  1.2|INFORM|Shared folders for formats are : C:\Program Files\FME\datasources;D:\Users\rwhite\Documents\FME\Formats
2021-08-10 16:10:57|   1.3|  0.0|INFORM|Shared folders for transformers are : D:\Users\rwhite\AppData\Roaming\Safe Software\FME\Packages\20787-win64\transformers;C:\Program Files\FME\transformers;D:\Users\rwhite\AppData\Roaming\Safe Software\FME\FME Store\Transformers
2021-08-10 16:10:57|   1.3|  0.0|INFORM|Shared folders for coordinate systems are : D:\Users\rwhite\Documents\FME\CoordinateSystems
2021-08-10 16:10:57|   1.3|  0.0|INFORM|Shared folders for coordinate system exceptions are : D:\Users\rwhite\Documents\FME\CoordinateSystemExceptions
2021-08-10 16:10:57|   1.3|  0.0|INFORM|Shared folders for coordinate system grid overrides are : D:\Users\rwhite\Documents\FME\CoordinateSystemGridOverrides
2021-08-10 16:10:57|   1.3|  0.0|INFORM|Shared folders for CS-MAP transformation exceptions are : D:\Users\rwhite\Documents\FME\CsmapTransformationExceptions
2021-08-10 16:10:57|   1.3|  0.0|INFORM|Shared folders for transformer categories are : D:\Users\rwhite\Documents\FME\TransformerCategories
2021-08-10 16:10:57|   1.3|  0.0|INFORM|FME Configuration: Reader Keyword is `MULTI_READER'
2021-08-10 16:10:57|   1.3|  0.0|INFORM|FME Configuration: Writer Keyword is `MULTI_WRITER'
2021-08-10 16:10:57|   1.3|  0.0|INFORM|FME Configuration: Writer Group Definition Keyword is `MULTI_WRITER_DEF'
2021-08-10 16:10:57|   1.3|  0.0|INFORM|FME Configuration: Reader type is `MULTI_READER'
2021-08-10 16:10:57|   1.3|  0.0|INFORM|FME Configuration: Writer type is `MULTI_WRITER'
2021-08-10 16:10:57|   1.3|  0.0|INFORM|FME Configuration: No destination coordinate system set
2021-08-10 16:10:57|   1.3|  0.0|INFORM|FME Configuration: Current working folder is `D:\Users\rwhite\Documents\texas-wells\wells-service'
2021-08-10 16:10:57|   1.3|  0.0|INFORM|FME Configuration: Temporary folder is `D:\Users\rwhite\AppData\Local\Temp\1', set from environment variable `TEMP'
2021-08-10 16:10:57|   1.3|  0.0|INFORM|FME Configuration: FME_HOME is `C:\Program Files\FME\'
2021-08-10 16:10:57|   1.3|  0.0|INFORM|FME Configuration: FME_BASE is 'no'
2021-08-10 16:10:57|   1.3|  0.0|INFORM|FME Configuration: FME_MF_DIR is 'D:\Users\rwhite\Documents\texas-wells\wells-service\fmw/'
2021-08-10 16:10:57|   1.3|  0.0|INFORM|FME Configuration: FME_MF_NAME is 'permits_tubing.fmw'
2021-08-10 16:10:57|   1.3|  0.0|INFORM|FME Configuration: FME_PRODUCT_NAME is 'FME(R) 2020.2.0.0'
2021-08-10 16:10:57|   1.3|  0.0|INFORM|System Status: 234.67 GB of disk space available in the FME temporary folder (D:\Users\rwhite\AppData\Local\Temp\1)
2021-08-10 16:10:57|   1.3|  0.0|INFORM|System Status: 15.82 GB of physical memory available
2021-08-10 16:10:57|   1.3|  0.0|INFORM|System Status: 63.26 GB of virtual memory available
2021-08-10 16:10:57|   1.3|  0.0|INFORM|Operating System: Microsoft Windows Server 10 Server 4.0 64-bit  (Build 14393)
2021-08-10 16:10:57|   1.3|  0.0|INFORM|FME Platform: WIN64
2021-08-10 16:10:57|   1.3|  0.0|INFORM|Locale: en_US
2021-08-10 16:10:57|   1.3|  0.0|INFORM|System Encoding: windows-1252
2021-08-10 16:10:57|   1.3|  0.0|INFORM|FME Configuration: Start freeing memory when the process exceeds 47.45 GB
2021-08-10 16:10:57|   1.3|  0.0|INFORM|FME Configuration: Stop freeing memory when the process is below 35.59 GB
2021-08-10 16:10:57|   1.5|  0.1|INFORM|Creating writer for format: 
2021-08-10 16:10:57|   1.5|  0.0|INFORM|Creating reader for format: 
2021-08-10 16:10:57|   1.5|  0.0|INFORM|MULTI_READER(MULTI_READER): Will fail with first member reader failure
2021-08-10 16:10:57|   1.5|  0.0|INFORM|Using Multi Reader with keyword `MULTI_READER' to read multiple datasets
2021-08-10 16:10:57|   1.5|  0.0|INFORM|Using MultiWriter with keyword `MULTI_WRITER' to output data (ID_ATTRIBUTE is `multi_writer_id')
2021-08-10 16:10:57|   1.5|  0.0|INFORM|Writer output will be ordered by value of multi_writer_id
2021-08-10 16:10:57|   1.5|  0.0|INFORM|Loaded module 'QueryFactory' from file 'C:\Program Files\FME\plugins/QueryFactory.dll'
2021-08-10 16:10:57|   1.5|  0.0|INFORM|FME API version of module 'QueryFactory' matches current internal version (3.8 20200115)
2021-08-10 16:10:57|   1.5|  0.0|INFORM|FME API version of module 'QueryFactory' matches current internal version (3.8 20200115)
2021-08-10 16:10:57|   1.5|  0.0|INFORM|Loaded module 'FeatureJoinerFactory' from file 'C:\Program Files\FME\plugins/FeatureJoinerFactory.dll'
2021-08-10 16:10:57|   1.5|  0.0|INFORM|FME API version of module 'FeatureJoinerFactory' matches current internal version (3.8 20200115)
2021-08-10 16:10:57|   1.5|  0.0|INFORM|Emptying factory pipeline
2021-08-10 16:10:58|   1.7|  0.1|INFORM|FME Configuration: Using connection values from 'pg.whitestar.com' for R_1
2021-08-10 16:10:58|   1.7|  0.0|INFORM|Creating reader for format: PostgreSQL
2021-08-10 16:10:58|   1.7|  0.0|INFORM|Trying to find a DYNAMIC plugin for reader named `POSTGRES'
2021-08-10 16:10:58|   1.7|  0.0|INFORM|Loaded module 'POSTGRES' from file 'C:\Program Files\FME\plugins/POSTGIS.dll'
2021-08-10 16:10:58|   1.7|  0.0|INFORM|FME API version of module 'POSTGRES' matches current internal version (3.8 20200115)
2021-08-10 16:10:58|   1.7|  0.0|INFORM|Performing query against POSTGRES dataset `pg.whitestar.com'
2021-08-10 16:10:58|   1.7|  0.0|INFORM|Opening POSTGRES reader for dataset 'postgis20'
2021-08-10 16:10:58|   1.8|  0.1|INFORM|PostGIS client encoding: 'UTF8'
2021-08-10 16:10:58|   1.8|  0.0|INFORM|PostgreSQL 11.10 on x86_64-pc-linux-gnu, compiled by gcc (GCC) 4.8.5 20150623 (Red Hat 4.8.5-11), 64-bit
2021-08-10 16:10:58|   1.8|  0.0|INFORM|POSTGRES reader: Building features into bulk mode features
2021-08-10 16:10:58|   1.8|  0.0|INFORM|Executing custom data query: 'select distinct
wb_api as api,
wb_segment_counter as seg_cntr,
wb_tubing_inches as tubng_inch,
wb_tubing_numerator as tubng_numr,
wb_tubing_denominator as tubng_denm,
wb_depth_set as depth_set,
wb_packer_set as packer_set
from wb05'
2021-08-10 16:11:03|   4.6|  2.8|INFORM|POSTGRES reader: Read 100000 features
2021-08-10 16:11:08|   9.0|  4.4|INFORM|POSTGRES reader: Read 260000 features
2021-08-10 16:11:13|  13.8|  4.8|INFORM|POSTGRES reader: Read 430000 features
2021-08-10 16:11:16|  17.2|  3.5|STATS |SQLCreator_2_Creator (CreationFactory): Created 1 features
2021-08-10 16:11:16|  17.2|  0.0|INFORM|Successfully closed POSTGRES database reader
2021-08-10 16:11:16|  17.3|  0.0|INFORM|Successfully closed POSTGRES database reader
2021-08-10 16:11:16|  17.3|  0.0|STATS |SQLCreator_2 <REJECTED> Transformer Output Nuker (TeeFactory): Cloned 0 input feature(s) into 0 output feature(s)
2021-08-10 16:11:16|  17.3|  0.0|STATS |SQLCreator_2_RESULT Brancher -1 18 (BranchingFactory): Branched 554585 input features -- 6 features routed to the target factory, and 0 features routed to the fallback factory.
2021-08-10 16:11:17|  17.4|  0.1|INFORM|FME Configuration: Using connection values from 'pg.whitestar.com' for R_2
2021-08-10 16:11:17|  17.4|  0.0|INFORM|Creating reader for format: PostGIS
2021-08-10 16:11:17|  17.4|  0.0|INFORM|Trying to find a DYNAMIC plugin for reader named `POSTGIS'
2021-08-10 16:11:17|  17.4|  0.0|INFORM|FME Configuration: Source coordinate system for reader R_2[POSTGIS] set to `LL27'
2021-08-10 16:11:17|  17.4|  0.0|INFORM|Coordinate System `LL27' parameters: CS_NAME=`LL27' DESC_NM=`NAD27 datum, Latitude-Longitude; Degrees' DT_NAME=`NAD27' EPSG_QD=`-1' GROUP=`LL' MAP_SCL=`1' MAX_LAT=`85.16666666666667' MAX_LNG=`-45.733333333333334' MIN_LAT=`5.983333333333333' MIN_LNG=`-194.35' PROJ=`LL' QUAD=`1' SCL_RED=`1' SOURCE=`Mentor Software' UNIT=`DEGREE'
2021-08-10 16:11:17|  17.4|  0.0|INFORM|FME API version of module 'POSTGIS' matches current internal version (3.8 20200115)
2021-08-10 16:11:17|  17.4|  0.0|INFORM|Performing query against POSTGIS dataset `pg.whitestar.com'
2021-08-10 16:11:17|  17.4|  0.0|INFORM|Opening POSTGIS reader for dataset 'postgis20'
2021-08-10 16:11:17|  17.5|  0.0|INFORM|PostGIS client encoding: 'UTF8'
2021-08-10 16:11:17|  17.5|  0.0|INFORM|PostgreSQL 11.10 on x86_64-pc-linux-gnu, compiled by gcc (GCC) 4.8.5 20150623 (Red Hat 4.8.5-11), 64-bit
2021-08-10 16:11:17|  17.5|  0.0|INFORM|2.5 USE_GEOS=1 USE_PROJ=1 USE_STATS=1
2021-08-10 16:11:17|  17.5|  0.0|INFORM|POSTGIS reader: Building features into bulk mode features
2021-08-10 16:11:17|  17.5|  0.0|INFORM|Executing custom data query: 'select *
from tx_header_pre_cum
where length(api) = 8'
2021-08-10 16:11:17|  17.6|  0.2|WARN  |NOT changing coordinate system of reader identified by keyword `R_2' from `LL27' to `EPSG:4267' -- mapping file setting of `LL27' overrides coordinate system `EPSG:4267' read from file
2021-08-10 16:11:22|  22.8|  5.2|INFORM|POSTGIS reader: Read 20000 features
2021-08-10 16:11:28|  27.8|  5.0|INFORM|POSTGIS reader: Read 40000 features
2021-08-10 16:11:33|  33.0|  5.2|INFORM|POSTGIS reader: Read 60000 features
2021-08-10 16:11:39|  38.5|  5.5|INFORM|POSTGIS reader: Read 80000 features
2021-08-10 16:11:44|  43.6|  5.1|INFORM|POSTGIS reader: Read 100000 features
2021-08-10 16:11:49|  48.9|  5.3|INFORM|POSTGIS reader: Read 120000 features
2021-08-10 16:11:55|  54.0|  5.1|INFORM|POSTGIS reader: Read 140000 features
2021-08-10 16:12:00|  59.3|  5.3|INFORM|POSTGIS reader: Read 160000 features
2021-08-10 16:12:06|  64.9|  5.6|INFORM|POSTGIS reader: Read 180000 features
2021-08-10 16:12:11|  70.5|  5.5|INFORM|POSTGIS reader: Read 200000 features
2021-08-10 16:12:17|  75.7|  5.2|INFORM|POSTGIS reader: Read 220000 features
2021-08-10 16:12:22|  81.0|  5.3|INFORM|POSTGIS reader: Read 240000 features
2021-08-10 16:12:28|  86.4|  5.4|INFORM|POSTGIS reader: Read 260000 features
2021-08-10 16:12:33|  91.6|  5.3|INFORM|POSTGIS reader: Read 280000 features
2021-08-10 16:12:38|  97.0|  5.4|INFORM|POSTGIS reader: Read 300000 features
2021-08-10 16:12:44| 102.3|  5.3|INFORM|POSTGIS reader: Read 320000 features
2021-08-10 16:12:49| 107.5|  5.3|INFORM|POSTGIS reader: Read 340000 features
2021-08-10 16:12:55| 112.6|  5.0|INFORM|POSTGIS reader: Read 360000 features
2021-08-10 16:13:00| 118.1|  5.5|INFORM|POSTGIS reader: Read 380000 features
2021-08-10 16:13:06| 123.8|  5.7|INFORM|POSTGIS reader: Read 400000 features
2021-08-10 16:13:12| 129.5|  5.7|INFORM|POSTGIS reader: Read 420000 features
2021-08-10 16:13:18| 134.8|  5.3|INFORM|POSTGIS reader: Read 440000 features
2021-08-10 16:13:24| 140.2|  5.4|INFORM|POSTGIS reader: Read 460000 features
2021-08-10 16:13:29| 145.4|  5.2|INFORM|POSTGIS reader: Read 480000 features
2021-08-10 16:13:35| 150.8|  5.4|INFORM|POSTGIS reader: Read 500000 features
2021-08-10 16:13:40| 156.0|  5.2|INFORM|POSTGIS reader: Read 520000 features
2021-08-10 16:13:46| 161.2|  5.2|INFORM|POSTGIS reader: Read 540000 features
2021-08-10 16:13:51| 166.6|  5.4|INFORM|POSTGIS reader: Read 560000 features
2021-08-10 16:13:57| 172.3|  5.7|INFORM|POSTGIS reader: Read 580000 features
2021-08-10 16:14:03| 177.7|  5.4|INFORM|POSTGIS reader: Read 600000 features
2021-08-10 16:14:08| 182.9|  5.2|INFORM|POSTGIS reader: Read 620000 features
2021-08-10 16:14:14| 188.4|  5.5|INFORM|POSTGIS reader: Read 640000 features
2021-08-10 16:14:19| 193.6|  5.2|INFORM|POSTGIS reader: Read 660000 features
2021-08-10 16:14:24| 198.5|  5.0|INFORM|POSTGIS reader: Read 680000 features
2021-08-10 16:14:30| 203.8|  5.3|INFORM|POSTGIS reader: Read 700000 features
2021-08-10 16:14:35| 208.7|  4.9|INFORM|POSTGIS reader: Read 720000 features
2021-08-10 16:14:40| 213.7|  5.0|INFORM|POSTGIS reader: Read 740000 features
2021-08-10 16:14:45| 218.8|  5.1|INFORM|POSTGIS reader: Read 760000 features
2021-08-10 16:14:50| 223.9|  5.1|INFORM|POSTGIS reader: Read 780000 features
2021-08-10 16:14:55| 229.2|  5.3|INFORM|POSTGIS reader: Read 800000 features
2021-08-10 16:15:01| 234.6|  5.4|INFORM|POSTGIS reader: Read 820000 features
2021-08-10 16:15:07| 240.1|  5.5|INFORM|POSTGIS reader: Read 840000 features
2021-08-10 16:15:12| 245.7|  5.7|INFORM|POSTGIS reader: Read 860000 features
2021-08-10 16:15:19| 251.2|  5.4|INFORM|POSTGIS reader: Read 880000 features
2021-08-10 16:15:25| 256.4|  5.2|INFORM|POSTGIS reader: Read 900000 features
2021-08-10 16:15:30| 262.0|  5.6|INFORM|POSTGIS reader: Read 920000 features
2021-08-10 16:15:35| 267.0|  5.0|INFORM|POSTGIS reader: Read 940000 features
2021-08-10 16:15:41| 272.3|  5.3|INFORM|POSTGIS reader: Read 960000 features
2021-08-10 16:15:44| 275.5|  3.2|STATS |SQLCreator_4_Creator (CreationFactory): Created 1 features
2021-08-10 16:15:44| 275.5|  0.0|INFORM|Successfully closed POSTGIS database reader
2021-08-10 16:15:44| 275.6|  0.1|INFORM|Successfully closed POSTGIS database reader
2021-08-10 16:15:44| 275.6|  0.0|STATS |SQLCreator_4 <REJECTED> Transformer Output Nuker (TeeFactory): Cloned 0 input feature(s) into 0 output feature(s)
2021-08-10 16:15:44| 275.6|  0.0|STATS |SQLCreator_4_RESULT Brancher -1 19 (BranchingFactory): Branched 972112 input features -- 10 features routed to the target factory, and 0 features routed to the fallback factory.
2021-08-10 16:15:44| 275.6|  0.0|STATS |_CREATOR_BRANCH_TARGET (TeeFactory): Cloned 1526697 input feature(s) into 1526697 output feature(s)
2021-08-10 16:15:53| 284.2|  8.6|INFORM|FeatureJoiner (FeatureJoinerFactory): Joining features: Processed 180000 / 972112
2021-08-10 16:15:59| 290.7|  6.5|INFORM|StringLengthCalculator_3(@Tcl2): Processed 100000 features
2021-08-10 16:16:00| 291.1|  0.4|INFORM|FeatureJoiner (FeatureJoinerFactory): Joining features: Processed 200000 / 972112
2021-08-10 16:16:05| 295.8|  4.6|INFORM|FeatureJoiner (FeatureJoinerFactory): Joining features: Processed 330000 / 972112
2021-08-10 16:16:11| 302.5|  6.8|INFORM|StringLengthCalculator_3(@Tcl2): Processed 100000 features
2021-08-10 16:16:12| 302.8|  0.3|INFORM|FeatureJoiner (FeatureJoinerFactory): Joining features: Processed 370000 / 972112
2021-08-10 16:16:17| 307.9|  5.1|INFORM|FeatureJoiner (FeatureJoinerFactory): Joining features: Processed 490000 / 972112
2021-08-10 16:16:25| 316.1|  8.2|INFORM|StringLengthCalculator_3(@Tcl2): Processed 100000 features
2021-08-10 16:16:25| 316.4|  0.4|INFORM|FeatureJoiner (FeatureJoinerFactory): Joining features: Processed 540000 / 972112
2021-08-10 16:16:30| 320.7|  4.2|INFORM|FeatureJoiner (FeatureJoinerFactory): Joining features: Processed 650000 / 972112
2021-08-10 16:16:39| 329.5|  8.8|INFORM|Tester_2 (TestFactory): Processed 90001 of 100000 features
2021-08-10 16:16:39| 329.6|  0.1|INFORM|Tester_2 (TestFactory): Processed 100000 of 100000 features
2021-08-10 16:16:39| 329.8|  0.1|INFORM|StringLengthCalculator_3(@Tcl2): Processed 100000 features
2021-08-10 16:16:39| 330.0|  0.2|INFORM|FeatureJoiner (FeatureJoinerFactory): Joining features: Processed 700000 / 972112
2021-08-10 16:16:44| 334.5|  4.5|INFORM|FeatureJoiner (FeatureJoinerFactory): Joining features: Processed 810000 / 972112
2021-08-10 16:16:54| 344.3|  9.8|INFORM|StringLengthCalculator_3(@Tcl2): Processed 100000 features
2021-08-10 16:16:54| 344.5|  0.2|INFORM|FeatureJoiner (FeatureJoinerFactory): Joining features: Processed 880000 / 972112
2021-08-10 16:16:57| 347.4|  2.9|INFORM|FeatureJoiner (FeatureJoinerFactory): Joining features: Processed 972112 / 972112
2021-08-10 16:17:01| 351.3|  3.9|STATS |StringLengthCalculator_3 (TeeFactory): Cloned 553881 input feature(s) into 553881 output feature(s)
2021-08-10 16:17:01| 351.3|  0.0|STATS |Tester_2 (TestFactory): Tested 553881 input feature(s) -- 0 feature(s) passed and 553881 feature(s) failed
2021-08-10 16:17:01| 351.3|  0.0|STATS |StringPadder_3_CheckWidth (TestFactory): Tested 0 input feature(s) -- 0 feature(s) passed and 0 feature(s) failed
2021-08-10 16:17:01| 351.3|  0.0|STATS |StringPadder_3_StringPadder (TeeFactory): Cloned 0 input feature(s) into 0 output feature(s)
2021-08-10 16:17:11| 360.8|  9.5|INFORM|Sorting: Loaded 120000 of 553881 features
2021-08-10 16:17:18| 368.3|  7.4|WARN  |Failed to free sufficient memory to reach the process usage limit. To improve stability and performance please increase the memory available to FME. Available memory can be increased by adding physical RAM, increasing swap space, or closing other applications
2021-08-10 16:17:18| 368.3|  0.0|INFORM|Sorting: Loaded 160000 of 553881 features
2021-08-10 16:17:28| 377.8|  9.5|INFORM|Sorting: Loaded 320000 of 553881 features
2021-08-10 16:17:39| 387.8| 10.0|INFORM|Sorting: Loaded 480000 of 553881 features
2021-08-10 16:17:40| 389.3|  1.5|INFORM|Sorting: Loaded 553881 of 553881 features
2021-08-10 16:17:46| 394.5|  5.3|INFORM|Sorting: 9.03% complete
2021-08-10 16:17:51| 399.3|  4.7|INFORM|Sorting: 32.5% complete
2021-08-10 16:17:56| 404.4|  5.2|INFORM|Sorting: 57.77% complete
2021-08-10 16:18:01| 409.3|  4.9|INFORM|Sorting: 81.24% complete
2021-08-10 16:18:10| 418.8|  9.4|INFORM|FME Configuration: Using connection values from 'pg.whitestar.com' for POSTGIS_1
2021-08-10 16:18:10| 418.8|  0.0|INFORM|Creating writer for format: PostGIS
2021-08-10 16:18:10| 418.8|  0.0|INFORM|Trying to find a DYNAMIC plugin for writer named `POSTGIS'
2021-08-10 16:18:10| 418.8|  0.0|INFORM|FME API version of module 'POSTGIS' matches current internal version (3.8 20200115)
2021-08-10 16:18:10| 418.8|  0.0|INFORM|FME Configuration: No destination coordinate system set
2021-08-10 16:18:10| 418.8|  0.0|INFORM|POSTGIS writer: Splitting bulk mode features into features
2021-08-10 16:18:11| 419.1|  0.3|INFORM|FME API version of module 'POSTGIS' matches current internal version (3.8 20200115)
2021-08-10 16:18:11| 419.1|  0.0|INFORM|Writer `POSTGIS_1' of type `POSTGIS' using group definition keyword `POSTGIS_1_DEF'
2021-08-10 16:18:11| 419.1|  0.0|INFORM|FME API version of module 'POSTGIS' matches current internal version (3.8 20200115)
2021-08-10 16:18:11| 419.1|  0.0|INFORM|Opening POSTGIS writer for dataset 'postgis20'...
2021-08-10 16:18:11| 419.1|  0.0|INFORM|PostGIS client encoding: 'UTF8'
2021-08-10 16:18:11| 419.1|  0.0|INFORM|PostgreSQL 11.10 on x86_64-pc-linux-gnu, compiled by gcc (GCC) 4.8.5 20150623 (Red Hat 4.8.5-11), 64-bit
2021-08-10 16:18:11| 419.1|  0.0|INFORM|2.5 USE_GEOS=1 USE_PROJ=1 USE_STATS=1
2021-08-10 16:18:11| 419.1|  0.0|INFORM|Testing for the existence of table 'public.tx_tubing_latest_build'...
2021-08-10 16:18:11| 419.1|  0.0|INFORM|Creating table 'public.tx_tubing_latest_build'...
2021-08-10 16:18:12| 419.9|  0.8|INFORM|POSTGIS Writer: Creating 'unquoted WKB' geometry processor for feature type 'public.tx_tubing_latest_build'
2021-08-10 16:18:12| 419.9|  0.0|INFORM|POSTGIS Writer: Creating 'streaming Bulk Copy' feature type processor for feature type 'public.tx_tubing_latest_build'
2021-08-10 16:18:12| 420.0|  0.1|INFORM|Committed transaction at feature '1000'
2021-08-10 16:18:12| 420.2|  0.1|INFORM|Committed transaction at feature '2000'
2021-08-10 16:18:12| 420.2|  0.1|INFORM|Committed transaction at feature '3000'
2021-08-10 16:18:12| 420.4|  0.1|INFORM|Committed transaction at feature '4000'
2021-08-10 16:18:12| 420.5|  0.1|INFORM|Committed transaction at feature '5000'
2021-08-10 16:18:12| 420.6|  0.1|INFORM|Committed transaction at feature '6000'
2021-08-10 16:18:13| 420.7|  0.1|INFORM|Committed transaction at feature '7000'
2021-08-10 16:18:13| 420.8|  0.1|INFORM|Committed transaction at feature '8000'
2021-08-10 16:18:13| 420.9|  0.1|INFORM|Committed transaction at feature '9000'
2021-08-10 16:18:13| 421.0|  0.1|INFORM|Committed transaction at feature '10000'
2021-08-10 16:18:13| 421.2|  0.2|INFORM|Committed transaction at feature '11000'
2021-08-10 16:18:13| 421.3|  0.1|INFORM|Committed transaction at feature '12000'
2021-08-10 16:18:13| 421.5|  0.2|INFORM|Committed transaction at feature '13000'
2021-08-10 16:18:14| 421.6|  0.1|INFORM|Committed transaction at feature '14000'
2021-08-10 16:18:14| 421.7|  0.1|INFORM|Committed transaction at feature '15000'
2021-08-10 16:18:14| 421.8|  0.1|INFORM|Committed transaction at feature '16000'
2021-08-10 16:18:14| 421.9|  0.1|INFORM|Committed transaction at feature '17000'
2021-08-10 16:18:14| 422.0|  0.1|INFORM|Committed transaction at feature '18000'
2021-08-10 16:18:14| 422.1|  0.1|INFORM|Committed transaction at feature '19000'
2021-08-10 16:18:14| 422.2|  0.1|INFORM|Committed transaction at feature '20000'
2021-08-10 16:18:15| 422.4|  0.2|INFORM|POSTGIS writer: 20793 of 553881 features written
2021-08-10 16:18:15| 422.4|  0.0|INFORM|Committed transaction at feature '21000'
2021-08-10 16:18:15| 422.5|  0.1|INFORM|Committed transaction at feature '22000'
2021-08-10 16:18:15| 422.6|  0.1|INFORM|Committed transaction at feature '23000'
2021-08-10 16:18:15| 422.8|  0.1|INFORM|Committed transaction at feature '24000'
2021-08-10 16:18:15| 422.9|  0.1|INFORM|Committed transaction at feature '25000'
2021-08-10 16:18:15| 423.0|  0.1|INFORM|Committed transaction at feature '26000'
2021-08-10 16:18:15| 423.1|  0.1|INFORM|Committed transaction at feature '27000'
2021-08-10 16:18:15| 423.2|  0.1|INFORM|Committed transaction at feature '28000'
2021-08-10 16:18:16| 423.3|  0.1|INFORM|Committed transaction at feature '29000'
2021-08-10 16:18:16| 423.4|  0.1|INFORM|Committed transaction at feature '30000'
2021-08-10 16:18:16| 423.6|  0.2|INFORM|Committed transaction at feature '31000'
2021-08-10 16:18:16| 423.7|  0.1|INFORM|Committed transaction at feature '32000'
2021-08-10 16:18:16| 423.8|  0.1|INFORM|Committed transaction at feature '33000'
2021-08-10 16:18:16| 424.0|  0.1|INFORM|Committed transaction at feature '34000'
2021-08-10 16:18:16| 424.1|  0.1|INFORM|Committed transaction at feature '35000'
2021-08-10 16:18:16| 424.2|  0.1|INFORM|Committed transaction at feature '36000'
2021-08-10 16:18:17| 424.3|  0.1|INFORM|Committed transaction at feature '37000'
2021-08-10 16:18:17| 424.4|  0.1|INFORM|Committed transaction at feature '38000'
2021-08-10 16:18:17| 424.6|  0.2|INFORM|Committed transaction at feature '39000'
2021-08-10 16:18:17| 424.7|  0.2|INFORM|Committed transaction at feature '40000'
2021-08-10 16:18:17| 424.9|  0.2|INFORM|Committed transaction at feature '41000'
2021-08-10 16:18:17| 425.1|  0.1|INFORM|Committed transaction at feature '42000'
2021-08-10 16:18:18| 425.2|  0.1|INFORM|Committed transaction at feature '43000'
2021-08-10 16:18:18| 425.3|  0.1|INFORM|Committed transaction at feature '44000'
2021-08-10 16:18:18| 425.4|  0.1|INFORM|Committed transaction at feature '45000'
2021-08-10 16:18:18| 425.5|  0.1|INFORM|Committed transaction at feature '46000'
2021-08-10 16:18:18| 425.6|  0.1|INFORM|Committed transaction at feature '47000'
2021-08-10 16:18:18| 425.7|  0.1|INFORM|Committed transaction at feature '48000'
2021-08-10 16:18:18| 425.8|  0.1|INFORM|Committed transaction at feature '49000'
2021-08-10 16:18:18| 425.9|  0.1|INFORM|Committed transaction at feature '50000'
2021-08-10 16:18:19| 426.1|  0.2|INFORM|Committed transaction at feature '51000'
2021-08-10 16:18:19| 426.3|  0.1|INFORM|Committed transaction at feature '52000'
2021-08-10 16:18:19| 426.3|  0.1|INFORM|Committed transaction at feature '53000'
2021-08-10 16:18:19| 426.5|  0.1|INFORM|Committed transaction at feature '54000'
2021-08-10 16:18:19| 426.6|  0.1|INFORM|Committed transaction at feature '55000'
2021-08-10 16:18:19| 426.7|  0.1|INFORM|Committed transaction at feature '56000'
2021-08-10 16:18:19| 426.8|  0.1|INFORM|Committed transaction at feature '57000'
2021-08-10 16:18:19| 426.9|  0.1|INFORM|Committed transaction at feature '58000'
2021-08-10 16:18:19| 427.1|  0.1|INFORM|Committed transaction at feature '59000'
2021-08-10 16:18:20| 427.1|  0.0|INFORM|POSTGIS writer: 59000 of 553881 features written
2021-08-10 16:18:20| 427.2|  0.1|INFORM|Committed transaction at feature '60000'
2021-08-10 16:18:20| 427.4|  0.3|INFORM|Committed transaction at feature '61000'
2021-08-10 16:18:20| 427.5|  0.1|INFORM|Committed transaction at feature '62000'
2021-08-10 16:18:20| 427.6|  0.1|INFORM|Committed transaction at feature '63000'
2021-08-10 16:18:20| 427.7|  0.1|INFORM|Committed transaction at feature '64000'
2021-08-10 16:18:20| 427.8|  0.1|INFORM|Committed transaction at feature '65000'
2021-08-10 16:18:20| 428.0|  0.1|INFORM|Committed transaction at feature '66000'
2021-08-10 16:18:21| 428.1|  0.1|INFORM|Committed transaction at feature '67000'
2021-08-10 16:18:21| 428.2|  0.1|INFORM|Committed transaction at feature '68000'
2021-08-10 16:18:21| 428.3|  0.1|INFORM|Committed transaction at feature '69000'
2021-08-10 16:18:21| 428.4|  0.1|INFORM|Committed transaction at feature '70000'
2021-08-10 16:18:21| 428.6|  0.2|INFORM|Committed transaction at feature '71000'
2021-08-10 16:18:21| 428.7|  0.1|INFORM|Committed transaction at feature '72000'
2021-08-10 16:18:21| 428.8|  0.1|INFORM|Committed transaction at feature '73000'
2021-08-10 16:18:21| 428.9|  0.1|INFORM|Committed transaction at feature '74000'
2021-08-10 16:18:22| 429.0|  0.1|INFORM|Committed transaction at feature '75000'
2021-08-10 16:18:22| 429.2|  0.1|INFORM|Committed transaction at feature '76000'
2021-08-10 16:18:22| 429.3|  0.2|INFORM|Committed transaction at feature '77000'
2021-08-10 16:18:22| 429.5|  0.1|INFORM|Committed transaction at feature '78000'
2021-08-10 16:18:22| 429.6|  0.1|INFORM|Committed transaction at feature '79000'
2021-08-10 16:18:22| 429.7|  0.1|INFORM|Committed transaction at feature '80000'
2021-08-10 16:18:23| 430.0|  0.3|INFORM|Committed transaction at feature '81000'
2021-08-10 16:18:23| 430.1|  0.1|INFORM|Committed transaction at feature '82000'
2021-08-10 16:18:23| 430.2|  0.1|INFORM|Committed transaction at feature '83000'
2021-08-10 16:18:23| 430.3|  0.1|INFORM|Committed transaction at feature '84000'
2021-08-10 16:18:23| 430.5|  0.1|INFORM|Committed transaction at feature '85000'
2021-08-10 16:18:23| 430.6|  0.1|INFORM|Committed transaction at feature '86000'
2021-08-10 16:18:23| 430.7|  0.1|INFORM|Committed transaction at feature '87000'
2021-08-10 16:18:24| 430.8|  0.1|INFORM|Committed transaction at feature '88000'
2021-08-10 16:18:24| 430.9|  0.1|INFORM|Committed transaction at feature '89000'
2021-08-10 16:18:24| 431.0|  0.1|INFORM|Committed transaction at feature '90000'
2021-08-10 16:18:24| 431.3|  0.3|INFORM|Committed transaction at feature '91000'
2021-08-10 16:18:24| 431.4|  0.1|INFORM|Committed transaction at feature '92000'
2021-08-10 16:18:24| 431.5|  0.1|INFORM|Committed transaction at feature '93000'
2021-08-10 16:18:25| 431.6|  0.1|INFORM|Committed transaction at feature '94000'
2021-08-10 16:18:25| 431.6|  0.0|INFORM|POSTGIS writer: 94000 of 553881 features written
2021-08-10 16:18:25| 431.7|  0.1|INFORM|Committed transaction at feature '95000'
2021-08-10 16:18:25| 431.8|  0.1|INFORM|Committed transaction at feature '96000'
2021-08-10 16:18:25| 431.9|  0.1|INFORM|Committed transaction at feature '97000'
2021-08-10 16:18:25| 432.0|  0.1|INFORM|Committed transaction at feature '98000'
2021-08-10 16:18:25| 432.1|  0.1|INFORM|Committed transaction at feature '99000'
2021-08-10 16:18:25| 432.3|  0.1|INFORM|Committed transaction at feature '100000'
2021-08-10 16:18:25| 432.5|  0.2|INFORM|Committed transaction at feature '101000'
2021-08-10 16:18:26| 432.6|  0.1|INFORM|Committed transaction at feature '102000'
2021-08-10 16:18:26| 432.7|  0.1|INFORM|Committed transaction at feature '103000'
2021-08-10 16:18:26| 432.8|  0.1|INFORM|Committed transaction at feature '104000'
2021-08-10 16:18:26| 432.9|  0.1|INFORM|Committed transaction at feature '105000'
2021-08-10 16:18:26| 433.0|  0.1|INFORM|Committed transaction at feature '106000'
2021-08-10 16:18:26| 433.1|  0.1|INFORM|Committed transaction at feature '107000'
2021-08-10 16:18:26| 433.2|  0.1|INFORM|Committed transaction at feature '108000'
2021-08-10 16:18:26| 433.3|  0.1|INFORM|Committed transaction at feature '109000'
2021-08-10 16:18:26| 433.4|  0.1|INFORM|Committed transaction at feature '110000'
2021-08-10 16:18:27| 433.7|  0.2|INFORM|Committed transaction at feature '111000'
2021-08-10 16:18:27| 433.8|  0.1|INFORM|Committed transaction at feature '112000'
2021-08-10 16:18:27| 433.9|  0.1|INFORM|Committed transaction at feature '113000'
2021-08-10 16:18:27| 434.0|  0.1|INFORM|Committed transaction at feature '114000'
2021-08-10 16:18:27| 434.1|  0.1|INFORM|Committed transaction at feature '115000'
2021-08-10 16:18:27| 434.2|  0.1|INFORM|Committed transaction at feature '116000'
2021-08-10 16:18:27| 434.3|  0.1|INFORM|Committed transaction at feature '117000'
2021-08-10 16:18:28| 434.4|  0.1|INFORM|Committed transaction at feature '118000'
2021-08-10 16:18:28| 434.5|  0.1|INFORM|Committed transaction at feature '119000'
2021-08-10 16:18:28| 434.6|  0.1|INFORM|Committed transaction at feature '120000'
2021-08-10 16:18:29| 434.8|  0.2|INFORM|Committed transaction at feature '121000'
2021-08-10 16:18:29| 434.9|  0.1|INFORM|Committed transaction at feature '122000'
2021-08-10 16:18:29| 435.1|  0.1|INFORM|Committed transaction at feature '123000'
2021-08-10 16:18:29| 435.3|  0.2|INFORM|Committed transaction at feature '124000'
2021-08-10 16:18:29| 435.5|  0.3|INFORM|Committed transaction at feature '125000'
2021-08-10 16:18:30| 435.6|  0.1|INFORM|POSTGIS writer: 125783 of 553881 features written
2021-08-10 16:18:30| 435.7|  0.0|INFORM|Committed transaction at feature '126000'
2021-08-10 16:18:30| 435.8|  0.1|INFORM|Committed transaction at feature '127000'
2021-08-10 16:18:30| 435.9|  0.1|INFORM|Committed transaction at feature '128000'
2021-08-10 16:18:30| 436.0|  0.1|INFORM|Committed transaction at feature '129000'
2021-08-10 16:18:30| 436.1|  0.1|INFORM|Committed transaction at feature '130000'
2021-08-10 16:18:30| 436.4|  0.3|INFORM|Committed transaction at feature '131000'
2021-08-10 16:18:30| 436.5|  0.1|INFORM|Committed transaction at feature '132000'
2021-08-10 16:18:31| 436.6|  0.1|INFORM|Committed transaction at feature '133000'
2021-08-10 16:18:31| 436.8|  0.1|INFORM|Committed transaction at feature '134000'
2021-08-10 16:18:31| 436.9|  0.1|INFORM|Committed transaction at feature '135000'
2021-08-10 16:18:31| 437.0|  0.1|INFORM|Committed transaction at feature '136000'
2021-08-10 16:18:32| 437.1|  0.1|INFORM|Committed transaction at feature '137000'
2021-08-10 16:18:32| 437.2|  0.1|INFORM|Committed transaction at feature '138000'
2021-08-10 16:18:32| 437.4|  0.2|INFORM|Committed transaction at feature '139000'
2021-08-10 16:18:32| 437.5|  0.1|INFORM|Committed transaction at feature '140000'
2021-08-10 16:18:32| 437.7|  0.2|INFORM|Committed transaction at feature '141000'
2021-08-10 16:18:33| 437.8|  0.1|INFORM|Committed transaction at feature '142000'
2021-08-10 16:18:33| 437.9|  0.1|INFORM|Committed transaction at feature '143000'
2021-08-10 16:18:33| 438.0|  0.1|INFORM|Committed transaction at feature '144000'
2021-08-10 16:18:33| 438.2|  0.1|INFORM|Committed transaction at feature '145000'
2021-08-10 16:18:33| 438.3|  0.1|INFORM|Committed transaction at feature '146000'
2021-08-10 16:18:33| 438.3|  0.1|INFORM|Committed transaction at feature '147000'
2021-08-10 16:18:33| 438.4|  0.1|INFORM|Committed transaction at feature '148000'
2021-08-10 16:18:33| 438.5|  0.1|INFORM|Committed transaction at feature '149000'
2021-08-10 16:18:33| 438.6|  0.1|INFORM|Committed transaction at feature '150000'
2021-08-10 16:18:34| 438.8|  0.2|INFORM|Committed transaction at feature '151000'
2021-08-10 16:18:34| 438.9|  0.1|INFORM|Committed transaction at feature '152000'
2021-08-10 16:18:34| 439.0|  0.1|INFORM|Committed transaction at feature '153000'
2021-08-10 16:18:35| 439.1|  0.1|INFORM|Committed transaction at feature '154000'
2021-08-10 16:18:35| 439.1|  0.0|INFORM|POSTGIS writer: 154000 of 553881 features written
2021-08-10 16:18:36| 439.2|  0.1|INFORM|Committed transaction at feature '155000'
2021-08-10 16:18:37| 439.3|  0.2|INFORM|Committed transaction at feature '156000'
2021-08-10 16:18:38| 439.5|  0.1|INFORM|Committed transaction at feature '157000'
2021-08-10 16:18:38| 439.6|  0.1|INFORM|Committed transaction at feature '158000'
2021-08-10 16:18:39| 439.7|  0.1|INFORM|Committed transaction at feature '159000'
2021-08-10 16:18:40| 439.8|  0.1|INFORM|Committed transaction at feature '160000'
2021-08-10 16:18:40| 439.8|  0.0|INFORM|POSTGIS writer: 160000 of 553881 features written
2021-08-10 16:18:40| 440.0|  0.2|INFORM|Committed transaction at feature '161000'
2021-08-10 16:18:41| 440.1|  0.1|INFORM|Committed transaction at feature '162000'
2021-08-10 16:18:41| 440.2|  0.1|INFORM|Committed transaction at feature '163000'
2021-08-10 16:18:41| 440.4|  0.1|INFORM|Committed transaction at feature '164000'
2021-08-10 16:18:41| 440.5|  0.1|INFORM|Committed transaction at feature '165000'
2021-08-10 16:18:41| 440.6|  0.1|INFORM|Committed transaction at feature '166000'
2021-08-10 16:18:42| 440.7|  0.1|INFORM|Committed transaction at feature '167000'
2021-08-10 16:18:42| 440.8|  0.1|INFORM|Committed transaction at feature '168000'
2021-08-10 16:18:42| 440.9|  0.1|INFORM|Committed transaction at feature '169000'
2021-08-10 16:18:42| 441.0|  0.1|INFORM|Committed transaction at feature '170000'
2021-08-10 16:18:42| 441.2|  0.2|INFORM|Committed transaction at feature '171000'
2021-08-10 16:18:42| 441.3|  0.1|INFORM|Committed transaction at feature '172000'
2021-08-10 16:18:43| 441.4|  0.1|INFORM|Committed transaction at feature '173000'
2021-08-10 16:18:43| 441.5|  0.1|INFORM|Committed transaction at feature '174000'
2021-08-10 16:18:43| 441.7|  0.1|INFORM|Committed transaction at feature '175000'
2021-08-10 16:18:43| 441.8|  0.1|INFORM|Committed transaction at feature '176000'
2021-08-10 16:18:43| 441.9|  0.1|INFORM|Committed transaction at feature '177000'
2021-08-10 16:18:43| 442.0|  0.1|INFORM|Committed transaction at feature '178000'
2021-08-10 16:18:43| 442.1|  0.1|INFORM|Committed transaction at feature '179000'
2021-08-10 16:18:43| 442.2|  0.1|INFORM|Committed transaction at feature '180000'
2021-08-10 16:18:44| 442.5|  0.3|INFORM|Committed transaction at feature '181000'
2021-08-10 16:18:44| 442.7|  0.1|INFORM|Committed transaction at feature '182000'
2021-08-10 16:18:44| 442.8|  0.1|INFORM|Committed transaction at feature '183000'
2021-08-10 16:18:44| 442.9|  0.1|INFORM|Committed transaction at feature '184000'
2021-08-10 16:18:44| 443.0|  0.1|INFORM|Committed transaction at feature '185000'
2021-08-10 16:18:44| 443.1|  0.1|INFORM|Committed transaction at feature '186000'
2021-08-10 16:18:44| 443.3|  0.1|INFORM|Committed transaction at feature '187000'
2021-08-10 16:18:45| 443.3|  0.0|INFORM|POSTGIS writer: 187090 of 553881 features written
2021-08-10 16:18:45| 443.4|  0.1|INFORM|Committed transaction at feature '188000'
2021-08-10 16:18:45| 443.5|  0.1|INFORM|Committed transaction at feature '189000'
2021-08-10 16:18:45| 443.6|  0.1|INFORM|Committed transaction at feature '190000'
2021-08-10 16:18:45| 443.9|  0.3|INFORM|Committed transaction at feature '191000'
2021-08-10 16:18:45| 444.0|  0.1|INFORM|Committed transaction at feature '192000'
2021-08-10 16:18:45| 444.1|  0.1|INFORM|Committed transaction at feature '193000'
2021-08-10 16:18:46| 444.2|  0.1|INFORM|Committed transaction at feature '194000'
2021-08-10 16:18:46| 444.4|  0.1|INFORM|Committed transaction at feature '195000'
2021-08-10 16:18:46| 444.5|  0.1|INFORM|Committed transaction at feature '196000'
2021-08-10 16:18:46| 444.6|  0.1|INFORM|Committed transaction at feature '197000'
2021-08-10 16:18:46| 444.7|  0.1|INFORM|Committed transaction at feature '198000'
2021-08-10 16:18:46| 444.8|  0.1|INFORM|Committed transaction at feature '199000'
2021-08-10 16:18:46| 444.9|  0.1|INFORM|Committed transaction at feature '200000'
2021-08-10 16:18:47| 445.2|  0.3|INFORM|Committed transaction at feature '201000'
2021-08-10 16:18:47| 445.3|  0.1|INFORM|Committed transaction at feature '202000'
2021-08-10 16:18:47| 445.4|  0.1|INFORM|Committed transaction at feature '203000'
2021-08-10 16:18:47| 445.5|  0.1|INFORM|Committed transaction at feature '204000'
2021-08-10 16:18:47| 445.6|  0.1|INFORM|Committed transaction at feature '205000'
2021-08-10 16:18:47| 445.7|  0.1|INFORM|Committed transaction at feature '206000'
2021-08-10 16:18:47| 445.9|  0.1|INFORM|Committed transaction at feature '207000'
2021-08-10 16:18:48| 446.0|  0.1|INFORM|Committed transaction at feature '208000'
2021-08-10 16:18:48| 446.1|  0.1|INFORM|Committed transaction at feature '209000'
2021-08-10 16:18:48| 446.3|  0.2|INFORM|Committed transaction at feature '210000'
2021-08-10 16:18:48| 446.6|  0.3|INFORM|Committed transaction at feature '211000'
2021-08-10 16:18:48| 446.8|  0.2|INFORM|Committed transaction at feature '212000'
2021-08-10 16:18:49| 446.9|  0.2|INFORM|Committed transaction at feature '213000'
2021-08-10 16:18:49| 447.0|  0.1|INFORM|Committed transaction at feature '214000'
2021-08-10 16:18:49| 447.1|  0.1|INFORM|Committed transaction at feature '215000'
2021-08-10 16:18:49| 447.3|  0.1|INFORM|Committed transaction at feature '216000'
2021-08-10 16:18:49| 447.4|  0.1|INFORM|Committed transaction at feature '217000'
2021-08-10 16:18:49| 447.5|  0.1|INFORM|Committed transaction at feature '218000'
2021-08-10 16:18:49| 447.6|  0.1|INFORM|Committed transaction at feature '219000'
2021-08-10 16:18:49| 447.8|  0.1|INFORM|Committed transaction at feature '220000'
2021-08-10 16:18:50| 447.9|  0.1|INFORM|POSTGIS writer: 220001 of 553881 features written
2021-08-10 16:18:50| 448.0|  0.1|INFORM|Committed transaction at feature '221000'
2021-08-10 16:18:50| 448.1|  0.1|INFORM|Committed transaction at feature '222000'
2021-08-10 16:18:50| 448.2|  0.1|INFORM|Committed transaction at feature '223000'
2021-08-10 16:18:50| 448.3|  0.1|INFORM|Committed transaction at feature '224000'
2021-08-10 16:18:50| 448.5|  0.1|INFORM|Committed transaction at feature '225000'
2021-08-10 16:18:50| 448.6|  0.2|INFORM|Committed transaction at feature '226000'
2021-08-10 16:18:50| 448.7|  0.1|INFORM|Committed transaction at feature '227000'
2021-08-10 16:18:51| 448.9|  0.1|INFORM|Committed transaction at feature '228000'
2021-08-10 16:18:51| 449.0|  0.1|INFORM|Committed transaction at feature '229000'
2021-08-10 16:18:51| 449.1|  0.1|INFORM|Committed transaction at feature '230000'
2021-08-10 16:18:51| 449.4|  0.3|INFORM|Committed transaction at feature '231000'
2021-08-10 16:18:51| 449.6|  0.2|INFORM|Committed transaction at feature '232000'
2021-08-10 16:18:52| 449.7|  0.1|INFORM|Committed transaction at feature '233000'
2021-08-10 16:18:52| 449.8|  0.1|INFORM|Committed transaction at feature '234000'
2021-08-10 16:18:52| 449.9|  0.1|INFORM|Committed transaction at feature '235000'
2021-08-10 16:18:52| 450.0|  0.1|INFORM|Committed transaction at feature '236000'
2021-08-10 16:18:52| 450.2|  0.1|INFORM|Committed transaction at feature '237000'
2021-08-10 16:18:52| 450.3|  0.1|INFORM|Committed transaction at feature '238000'
2021-08-10 16:18:52| 450.4|  0.1|INFORM|Committed transaction at feature '239000'
2021-08-10 16:18:52| 450.5|  0.1|INFORM|Committed transaction at feature '240000'
2021-08-10 16:18:53| 450.8|  0.3|INFORM|Committed transaction at feature '241000'
2021-08-10 16:18:53| 450.9|  0.1|INFORM|Committed transaction at feature '242000'
2021-08-10 16:18:53| 451.0|  0.1|INFORM|Committed transaction at feature '243000'
2021-08-10 16:18:53| 451.1|  0.1|INFORM|Committed transaction at feature '244000'
2021-08-10 16:18:53| 451.2|  0.1|INFORM|Committed transaction at feature '245000'
2021-08-10 16:18:53| 451.3|  0.1|INFORM|Committed transaction at feature '246000'
2021-08-10 16:18:53| 451.4|  0.1|INFORM|Committed transaction at feature '247000'
2021-08-10 16:18:54| 451.6|  0.1|INFORM|Committed transaction at feature '248000'
2021-08-10 16:18:54| 451.7|  0.1|INFORM|Committed transaction at feature '249000'
2021-08-10 16:18:54| 451.8|  0.1|INFORM|Committed transaction at feature '250000'
2021-08-10 16:18:54| 452.0|  0.3|INFORM|Committed transaction at feature '251000'
2021-08-10 16:18:54| 452.2|  0.1|INFORM|Committed transaction at feature '252000'
2021-08-10 16:18:54| 452.3|  0.1|INFORM|Committed transaction at feature '253000'
2021-08-10 16:18:55| 452.4|  0.1|INFORM|POSTGIS writer: 253253 of 553881 features written
2021-08-10 16:18:55| 452.5|  0.1|INFORM|Committed transaction at feature '254000'
2021-08-10 16:18:55| 452.6|  0.1|INFORM|Committed transaction at feature '255000'
2021-08-10 16:18:55| 452.7|  0.1|INFORM|Committed transaction at feature '256000'
2021-08-10 16:18:55| 452.8|  0.1|INFORM|Committed transaction at feature '257000'
2021-08-10 16:18:55| 452.9|  0.1|INFORM|Committed transaction at feature '258000'
2021-08-10 16:18:55| 453.0|  0.1|INFORM|Committed transaction at feature '259000'
2021-08-10 16:18:55| 453.1|  0.1|INFORM|Committed transaction at feature '260000'
2021-08-10 16:18:56| 453.4|  0.2|INFORM|Committed transaction at feature '261000'
2021-08-10 16:18:56| 453.5|  0.1|INFORM|Committed transaction at feature '262000'
2021-08-10 16:18:56| 453.6|  0.1|INFORM|Committed transaction at feature '263000'
2021-08-10 16:18:56| 453.7|  0.1|INFORM|Committed transaction at feature '264000'
2021-08-10 16:18:56| 453.8|  0.1|INFORM|Committed transaction at feature '265000'
2021-08-10 16:18:56| 454.0|  0.1|INFORM|Committed transaction at feature '266000'
2021-08-10 16:18:56| 454.1|  0.1|INFORM|Committed transaction at feature '267000'
2021-08-10 16:18:56| 454.3|  0.2|INFORM|Committed transaction at feature '268000'
2021-08-10 16:18:57| 454.4|  0.1|INFORM|Committed transaction at feature '269000'
2021-08-10 16:18:57| 454.5|  0.1|INFORM|Committed transaction at feature '270000'
2021-08-10 16:18:57| 454.8|  0.3|INFORM|Committed transaction at feature '271000'
2021-08-10 16:18:57| 454.9|  0.1|INFORM|Committed transaction at feature '272000'
2021-08-10 16:18:57| 455.0|  0.1|INFORM|Committed transaction at feature '273000'
2021-08-10 16:18:58| 455.1|  0.1|INFORM|Committed transaction at feature '274000'
2021-08-10 16:18:58| 455.3|  0.1|INFORM|Committed transaction at feature '275000'
2021-08-10 16:18:58| 455.4|  0.1|INFORM|Committed transaction at feature '276000'
2021-08-10 16:18:58| 455.5|  0.1|INFORM|Committed transaction at feature '277000'
2021-08-10 16:18:58| 455.7|  0.1|INFORM|Committed transaction at feature '278000'
2021-08-10 16:18:58| 455.8|  0.1|INFORM|Committed transaction at feature '279000'
2021-08-10 16:18:58| 455.9|  0.1|INFORM|Committed transaction at feature '280000'
2021-08-10 16:18:59| 456.1|  0.3|INFORM|Committed transaction at feature '281000'
2021-08-10 16:18:59| 456.2|  0.1|INFORM|Committed transaction at feature '282000'
2021-08-10 16:18:59| 456.4|  0.1|INFORM|Committed transaction at feature '283000'
2021-08-10 16:18:59| 456.5|  0.1|INFORM|Committed transaction at feature '284000'
2021-08-10 16:18:59| 456.6|  0.1|INFORM|Committed transaction at feature '285000'
2021-08-10 16:18:59| 456.7|  0.1|INFORM|Committed transaction at feature '286000'
2021-08-10 16:18:59| 456.8|  0.1|INFORM|Committed transaction at feature '287000'
2021-08-10 16:19:00| 456.8|  0.0|INFORM|POSTGIS writer: 287362 of 553881 features written
2021-08-10 16:19:00| 456.9|  0.1|INFORM|Committed transaction at feature '288000'
2021-08-10 16:19:00| 457.0|  0.1|INFORM|Committed transaction at feature '289000'
2021-08-10 16:19:00| 457.2|  0.1|INFORM|Committed transaction at feature '290000'
2021-08-10 16:19:00| 457.5|  0.3|INFORM|Committed transaction at feature '291000'
2021-08-10 16:19:00| 457.6|  0.2|INFORM|Committed transaction at feature '292000'
2021-08-10 16:19:01| 457.8|  0.2|INFORM|Committed transaction at feature '293000'
2021-08-10 16:19:01| 457.9|  0.1|INFORM|Committed transaction at feature '294000'
2021-08-10 16:19:01| 458.0|  0.1|INFORM|Committed transaction at feature '295000'
2021-08-10 16:19:01| 458.2|  0.2|INFORM|Committed transaction at feature '296000'
2021-08-10 16:19:01| 458.3|  0.1|INFORM|Committed transaction at feature '297000'
2021-08-10 16:19:02| 458.4|  0.1|INFORM|Committed transaction at feature '298000'
2021-08-10 16:19:02| 458.5|  0.1|INFORM|Committed transaction at feature '299000'
2021-08-10 16:19:02| 458.6|  0.1|INFORM|Committed transaction at feature '300000'
2021-08-10 16:19:02| 458.9|  0.3|INFORM|Committed transaction at feature '301000'
2021-08-10 16:19:03| 459.0|  0.1|INFORM|Committed transaction at feature '302000'
2021-08-10 16:19:03| 459.1|  0.1|INFORM|Committed transaction at feature '303000'
2021-08-10 16:19:03| 459.3|  0.1|INFORM|Committed transaction at feature '304000'
2021-08-10 16:19:03| 459.4|  0.1|INFORM|Committed transaction at feature '305000'
2021-08-10 16:19:03| 459.5|  0.1|INFORM|Committed transaction at feature '306000'
2021-08-10 16:19:03| 459.6|  0.1|INFORM|Committed transaction at feature '307000'
2021-08-10 16:19:03| 459.7|  0.1|INFORM|Committed transaction at feature '308000'
2021-08-10 16:19:04| 459.8|  0.1|INFORM|Committed transaction at feature '309000'
2021-08-10 16:19:04| 459.9|  0.1|INFORM|Committed transaction at feature '310000'
2021-08-10 16:19:05| 460.2|  0.3|INFORM|Committed transaction at feature '311000'
2021-08-10 16:19:05| 460.2|  0.0|INFORM|POSTGIS writer: 311000 of 553881 features written
2021-08-10 16:19:05| 460.3|  0.1|INFORM|Committed transaction at feature '312000'
2021-08-10 16:19:05| 460.4|  0.1|INFORM|Committed transaction at feature '313000'
2021-08-10 16:19:05| 460.5|  0.1|INFORM|Committed transaction at feature '314000'
2021-08-10 16:19:05| 460.6|  0.1|INFORM|Committed transaction at feature '315000'
2021-08-10 16:19:05| 460.8|  0.1|INFORM|Committed transaction at feature '316000'
2021-08-10 16:19:05| 460.9|  0.1|INFORM|Committed transaction at feature '317000'
2021-08-10 16:19:05| 461.0|  0.2|INFORM|Committed transaction at feature '318000'
2021-08-10 16:19:06| 461.2|  0.1|INFORM|Committed transaction at feature '319000'
2021-08-10 16:19:06| 461.3|  0.1|INFORM|Committed transaction at feature '320000'
2021-08-10 16:19:06| 461.6|  0.3|INFORM|Committed transaction at feature '321000'
2021-08-10 16:19:08| 461.7|  0.1|INFORM|Committed transaction at feature '322000'
2021-08-10 16:19:09| 461.8|  0.1|INFORM|Committed transaction at feature '323000'
2021-08-10 16:19:10| 461.9|  0.1|INFORM|Committed transaction at feature '324000'
2021-08-10 16:19:10| 461.9|  0.0|INFORM|POSTGIS writer: 324000 of 553881 features written
2021-08-10 16:19:11| 462.0|  0.1|INFORM|Committed transaction at feature '325000'
2021-08-10 16:19:12| 462.2|  0.1|INFORM|Committed transaction at feature '326000'
2021-08-10 16:19:12| 462.3|  0.1|INFORM|Committed transaction at feature '327000'
2021-08-10 16:19:13| 462.4|  0.1|INFORM|Committed transaction at feature '328000'
2021-08-10 16:19:13| 462.5|  0.1|INFORM|Committed transaction at feature '329000'
2021-08-10 16:19:13| 462.7|  0.1|INFORM|Committed transaction at feature '330000'
2021-08-10 16:19:13| 463.0|  0.3|INFORM|Committed transaction at feature '331000'
2021-08-10 16:19:13| 463.1|  0.1|INFORM|Committed transaction at feature '332000'
2021-08-10 16:19:14| 463.2|  0.1|INFORM|Committed transaction at feature '333000'
2021-08-10 16:19:14| 463.3|  0.1|INFORM|Committed transaction at feature '334000'
2021-08-10 16:19:14| 463.5|  0.1|INFORM|Committed transaction at feature '335000'
2021-08-10 16:19:14| 463.6|  0.1|INFORM|Committed transaction at feature '336000'
2021-08-10 16:19:14| 463.7|  0.1|INFORM|Committed transaction at feature '337000'
2021-08-10 16:19:14| 463.8|  0.1|INFORM|Committed transaction at feature '338000'
2021-08-10 16:19:14| 463.9|  0.1|INFORM|Committed transaction at feature '339000'
2021-08-10 16:19:15| 464.0|  0.1|INFORM|POSTGIS writer: 339280 of 553881 features written
2021-08-10 16:19:15| 464.1|  0.1|INFORM|Committed transaction at feature '340000'
2021-08-10 16:19:15| 464.4|  0.3|INFORM|Committed transaction at feature '341000'
2021-08-10 16:19:15| 464.5|  0.1|INFORM|Committed transaction at feature '342000'
2021-08-10 16:19:15| 464.6|  0.1|INFORM|Committed transaction at feature '343000'
2021-08-10 16:19:15| 464.7|  0.1|INFORM|Committed transaction at feature '344000'
2021-08-10 16:19:15| 464.8|  0.1|INFORM|Committed transaction at feature '345000'
2021-08-10 16:19:15| 465.0|  0.1|INFORM|Committed transaction at feature '346000'
2021-08-10 16:19:16| 465.1|  0.1|INFORM|Committed transaction at feature '347000'
2021-08-10 16:19:16| 465.2|  0.2|INFORM|Committed transaction at feature '348000'
2021-08-10 16:19:16| 465.3|  0.1|INFORM|Committed transaction at feature '349000'
2021-08-10 16:19:16| 465.4|  0.1|INFORM|Committed transaction at feature '350000'
2021-08-10 16:19:16| 465.7|  0.2|INFORM|Committed transaction at feature '351000'
2021-08-10 16:19:16| 465.8|  0.1|INFORM|Committed transaction at feature '352000'
2021-08-10 16:19:16| 465.9|  0.1|INFORM|Committed transaction at feature '353000'
2021-08-10 16:19:17| 466.0|  0.1|INFORM|Committed transaction at feature '354000'
2021-08-10 16:19:17| 466.1|  0.1|INFORM|Committed transaction at feature '355000'
2021-08-10 16:19:17| 466.3|  0.1|INFORM|Committed transaction at feature '356000'
2021-08-10 16:19:17| 466.4|  0.1|INFORM|Committed transaction at feature '357000'
2021-08-10 16:19:17| 466.5|  0.1|INFORM|Committed transaction at feature '358000'
2021-08-10 16:19:17| 466.6|  0.1|INFORM|Committed transaction at feature '359000'
2021-08-10 16:19:17| 466.7|  0.1|INFORM|Committed transaction at feature '360000'
2021-08-10 16:19:18| 467.0|  0.2|INFORM|Committed transaction at feature '361000'
2021-08-10 16:19:18| 467.1|  0.1|INFORM|Committed transaction at feature '362000'
2021-08-10 16:19:18| 467.2|  0.1|INFORM|Committed transaction at feature '363000'
2021-08-10 16:19:18| 467.3|  0.1|INFORM|Committed transaction at feature '364000'
2021-08-10 16:19:18| 467.5|  0.1|INFORM|Committed transaction at feature '365000'
2021-08-10 16:19:18| 467.6|  0.1|INFORM|Committed transaction at feature '366000'
2021-08-10 16:19:18| 467.7|  0.1|INFORM|Committed transaction at feature '367000'
2021-08-10 16:19:18| 467.8|  0.1|INFORM|Committed transaction at feature '368000'
2021-08-10 16:19:19| 467.9|  0.1|INFORM|Committed transaction at feature '369000'
2021-08-10 16:19:19| 468.1|  0.1|INFORM|Committed transaction at feature '370000'
2021-08-10 16:19:19| 468.3|  0.3|INFORM|Committed transaction at feature '371000'
2021-08-10 16:19:19| 468.5|  0.1|INFORM|Committed transaction at feature '372000'
2021-08-10 16:19:19| 468.6|  0.1|INFORM|Committed transaction at feature '373000'
2021-08-10 16:19:19| 468.7|  0.1|INFORM|Committed transaction at feature '374000'
2021-08-10 16:19:20| 468.8|  0.0|INFORM|POSTGIS writer: 374417 of 553881 features written
2021-08-10 16:19:20| 468.8|  0.1|INFORM|Committed transaction at feature '375000'
2021-08-10 16:19:20| 469.0|  0.1|INFORM|Committed transaction at feature '376000'
2021-08-10 16:19:20| 469.1|  0.1|INFORM|Committed transaction at feature '377000'
2021-08-10 16:19:20| 469.2|  0.1|INFORM|Committed transaction at feature '378000'
2021-08-10 16:19:20| 469.3|  0.1|INFORM|Committed transaction at feature '379000'
2021-08-10 16:19:20| 469.4|  0.1|INFORM|Committed transaction at feature '380000'
2021-08-10 16:19:20| 469.7|  0.3|INFORM|Committed transaction at feature '381000'
2021-08-10 16:19:21| 469.8|  0.1|INFORM|Committed transaction at feature '382000'
2021-08-10 16:19:21| 469.9|  0.1|INFORM|Committed transaction at feature '383000'
2021-08-10 16:19:21| 470.0|  0.1|INFORM|Committed transaction at feature '384000'
2021-08-10 16:19:21| 470.1|  0.1|INFORM|Committed transaction at feature '385000'
2021-08-10 16:19:21| 470.2|  0.1|INFORM|Committed transaction at feature '386000'
2021-08-10 16:19:21| 470.3|  0.1|INFORM|Committed transaction at feature '387000'
2021-08-10 16:19:21| 470.5|  0.1|INFORM|Committed transaction at feature '388000'
2021-08-10 16:19:21| 470.6|  0.1|INFORM|Committed transaction at feature '389000'
2021-08-10 16:19:22| 470.7|  0.1|INFORM|Committed transaction at feature '390000'
2021-08-10 16:19:22| 470.9|  0.3|INFORM|Committed transaction at feature '391000'
2021-08-10 16:19:22| 471.0|  0.1|INFORM|Committed transaction at feature '392000'
2021-08-10 16:19:22| 471.2|  0.1|INFORM|Committed transaction at feature '393000'
2021-08-10 16:19:22| 471.3|  0.1|INFORM|Committed transaction at feature '394000'
2021-08-10 16:19:22| 471.4|  0.1|INFORM|Committed transaction at feature '395000'
2021-08-10 16:19:22| 471.5|  0.1|INFORM|Committed transaction at feature '396000'
2021-08-10 16:19:23| 471.6|  0.1|INFORM|Committed transaction at feature '397000'
2021-08-10 16:19:23| 471.8|  0.1|INFORM|Committed transaction at feature '398000'
2021-08-10 16:19:23| 471.9|  0.1|INFORM|Committed transaction at feature '399000'
2021-08-10 16:19:23| 472.0|  0.1|INFORM|Committed transaction at feature '400000'
2021-08-10 16:19:23| 472.2|  0.2|INFORM|Committed transaction at feature '401000'
2021-08-10 16:19:23| 472.3|  0.1|INFORM|Committed transaction at feature '402000'
2021-08-10 16:19:23| 472.5|  0.1|INFORM|Committed transaction at feature '403000'
2021-08-10 16:19:24| 472.6|  0.1|INFORM|Committed transaction at feature '404000'
2021-08-10 16:19:24| 472.7|  0.1|INFORM|Committed transaction at feature '405000'
2021-08-10 16:19:24| 472.8|  0.1|INFORM|Committed transaction at feature '406000'
2021-08-10 16:19:24| 472.9|  0.1|INFORM|Committed transaction at feature '407000'
2021-08-10 16:19:24| 473.0|  0.1|INFORM|Committed transaction at feature '408000'
2021-08-10 16:19:24| 473.2|  0.1|INFORM|Committed transaction at feature '409000'
2021-08-10 16:19:24| 473.3|  0.1|INFORM|Committed transaction at feature '410000'
2021-08-10 16:19:25| 473.5|  0.2|INFORM|POSTGIS writer: 410001 of 553881 features written
2021-08-10 16:19:25| 473.6|  0.1|INFORM|Committed transaction at feature '411000'
2021-08-10 16:19:25| 473.8|  0.1|INFORM|Committed transaction at feature '412000'
2021-08-10 16:19:25| 473.9|  0.1|INFORM|Committed transaction at feature '413000'
2021-08-10 16:19:26| 474.0|  0.1|INFORM|Committed transaction at feature '414000'
2021-08-10 16:19:26| 474.2|  0.2|INFORM|Committed transaction at feature '415000'
2021-08-10 16:19:26| 474.3|  0.1|INFORM|Committed transaction at feature '416000'
2021-08-10 16:19:26| 474.4|  0.1|INFORM|Committed transaction at feature '417000'
2021-08-10 16:19:26| 474.5|  0.1|INFORM|Committed transaction at feature '418000'
2021-08-10 16:19:26| 474.7|  0.1|INFORM|Committed transaction at feature '419000'
2021-08-10 16:19:26| 474.8|  0.1|INFORM|Committed transaction at feature '420000'
2021-08-10 16:19:27| 475.0|  0.3|INFORM|Committed transaction at feature '421000'
2021-08-10 16:19:27| 475.2|  0.1|INFORM|Committed transaction at feature '422000'
2021-08-10 16:19:27| 475.3|  0.1|INFORM|Committed transaction at feature '423000'
2021-08-10 16:19:27| 475.4|  0.1|INFORM|Committed transaction at feature '424000'
2021-08-10 16:19:27| 475.5|  0.1|INFORM|Committed transaction at feature '425000'
2021-08-10 16:19:27| 475.6|  0.1|INFORM|Committed transaction at feature '426000'
2021-08-10 16:19:27| 475.8|  0.1|INFORM|Committed transaction at feature '427000'
2021-08-10 16:19:28| 475.9|  0.1|INFORM|Committed transaction at feature '428000'
2021-08-10 16:19:28| 476.0|  0.1|INFORM|Committed transaction at feature '429000'
2021-08-10 16:19:28| 476.1|  0.1|INFORM|Committed transaction at feature '430000'
2021-08-10 16:19:28| 476.3|  0.2|INFORM|Committed transaction at feature '431000'
2021-08-10 16:19:28| 476.4|  0.1|INFORM|Committed transaction at feature '432000'
2021-08-10 16:19:28| 476.5|  0.1|INFORM|Committed transaction at feature '433000'
2021-08-10 16:19:28| 476.6|  0.1|INFORM|Committed transaction at feature '434000'
2021-08-10 16:19:29| 476.7|  0.1|INFORM|Committed transaction at feature '435000'
2021-08-10 16:19:29| 476.9|  0.1|INFORM|Committed transaction at feature '436000'
2021-08-10 16:19:29| 477.0|  0.1|INFORM|Committed transaction at feature '437000'
2021-08-10 16:19:29| 477.1|  0.1|INFORM|Committed transaction at feature '438000'
2021-08-10 16:19:29| 477.2|  0.1|INFORM|Committed transaction at feature '439000'
2021-08-10 16:19:29| 477.4|  0.2|INFORM|Committed transaction at feature '440000'
2021-08-10 16:19:30| 477.6|  0.2|INFORM|POSTGIS writer: 440800 of 553881 features written
2021-08-10 16:19:30| 477.6|  0.0|INFORM|Committed transaction at feature '441000'
2021-08-10 16:19:30| 477.7|  0.1|INFORM|Committed transaction at feature '442000'
2021-08-10 16:19:30| 477.8|  0.1|INFORM|Committed transaction at feature '443000'
2021-08-10 16:19:30| 477.9|  0.1|INFORM|Committed transaction at feature '444000'
2021-08-10 16:19:30| 478.0|  0.1|INFORM|Committed transaction at feature '445000'
2021-08-10 16:19:30| 478.2|  0.1|INFORM|Committed transaction at feature '446000'
2021-08-10 16:19:30| 478.3|  0.1|INFORM|Committed transaction at feature '447000'
2021-08-10 16:19:30| 478.4|  0.1|INFORM|Committed transaction at feature '448000'
2021-08-10 16:19:31| 478.5|  0.1|INFORM|Committed transaction at feature '449000'
2021-08-10 16:19:31| 478.6|  0.1|INFORM|Committed transaction at feature '450000'
2021-08-10 16:19:32| 478.9|  0.3|INFORM|Committed transaction at feature '451000'
2021-08-10 16:19:32| 479.0|  0.1|INFORM|Committed transaction at feature '452000'
2021-08-10 16:19:32| 479.2|  0.1|INFORM|Committed transaction at feature '453000'
2021-08-10 16:19:33| 479.3|  0.1|INFORM|Committed transaction at feature '454000'
2021-08-10 16:19:33| 479.4|  0.1|INFORM|Committed transaction at feature '455000'
2021-08-10 16:19:33| 479.5|  0.1|INFORM|Committed transaction at feature '456000'
2021-08-10 16:19:33| 479.6|  0.1|INFORM|Committed transaction at feature '457000'
2021-08-10 16:19:33| 479.7|  0.1|INFORM|Committed transaction at feature '458000'
2021-08-10 16:19:33| 479.8|  0.1|INFORM|Committed transaction at feature '459000'
2021-08-10 16:19:33| 480.0|  0.1|INFORM|Committed transaction at feature '460000'
2021-08-10 16:19:34| 480.3|  0.3|INFORM|Committed transaction at feature '461000'
2021-08-10 16:19:34| 480.4|  0.1|INFORM|Committed transaction at feature '462000'
2021-08-10 16:19:34| 480.5|  0.1|INFORM|Committed transaction at feature '463000'
2021-08-10 16:19:34| 480.6|  0.1|INFORM|Committed transaction at feature '464000'
2021-08-10 16:19:34| 480.7|  0.1|INFORM|Committed transaction at feature '465000'
2021-08-10 16:19:34| 480.8|  0.1|INFORM|Committed transaction at feature '466000'
2021-08-10 16:19:34| 480.9|  0.1|INFORM|Committed transaction at feature '467000'
2021-08-10 16:19:34| 481.0|  0.1|INFORM|Committed transaction at feature '468000'
2021-08-10 16:19:35| 481.1|  0.0|INFORM|POSTGIS writer: 468167 of 553881 features written
2021-08-10 16:19:35| 481.2|  0.1|INFORM|Committed transaction at feature '469000'
2021-08-10 16:19:35| 481.3|  0.1|INFORM|Committed transaction at feature '470000'
2021-08-10 16:19:37| 481.5|  0.2|INFORM|Committed transaction at feature '471000'
2021-08-10 16:19:38| 481.6|  0.1|INFORM|Committed transaction at feature '472000'
2021-08-10 16:19:39| 481.7|  0.1|INFORM|Committed transaction at feature '473000'
2021-08-10 16:19:40| 481.8|  0.1|INFORM|Committed transaction at feature '474000'
2021-08-10 16:19:40| 481.8|  0.0|INFORM|POSTGIS writer: 474000 of 553881 features written
2021-08-10 16:19:40| 482.0|  0.1|INFORM|Committed transaction at feature '475000'
2021-08-10 16:19:41| 482.1|  0.1|INFORM|Committed transaction at feature '476000'
2021-08-10 16:19:41| 482.2|  0.1|INFORM|Committed transaction at feature '477000'
2021-08-10 16:19:42| 482.4|  0.1|INFORM|Committed transaction at feature '478000'
2021-08-10 16:19:42| 482.5|  0.1|INFORM|Committed transaction at feature '479000'
2021-08-10 16:19:42| 482.6|  0.1|INFORM|Committed transaction at feature '480000'
2021-08-10 16:19:42| 482.8|  0.2|INFORM|Committed transaction at feature '481000'
2021-08-10 16:19:42| 482.9|  0.1|INFORM|Committed transaction at feature '482000'
2021-08-10 16:19:42| 483.0|  0.1|INFORM|Committed transaction at feature '483000'
2021-08-10 16:19:43| 483.1|  0.1|INFORM|Committed transaction at feature '484000'
2021-08-10 16:19:43| 483.3|  0.1|INFORM|Committed transaction at feature '485000'
2021-08-10 16:19:43| 483.3|  0.1|INFORM|Committed transaction at feature '486000'
2021-08-10 16:19:43| 483.5|  0.1|INFORM|Committed transaction at feature '487000'
2021-08-10 16:19:43| 483.6|  0.1|INFORM|Committed transaction at feature '488000'
2021-08-10 16:19:43| 483.7|  0.1|INFORM|Committed transaction at feature '489000'
2021-08-10 16:19:43| 483.8|  0.1|INFORM|Committed transaction at feature '490000'
2021-08-10 16:19:44| 484.1|  0.2|INFORM|Committed transaction at feature '491000'
2021-08-10 16:19:44| 484.2|  0.1|INFORM|Committed transaction at feature '492000'
2021-08-10 16:19:44| 484.3|  0.1|INFORM|Committed transaction at feature '493000'
2021-08-10 16:19:44| 484.4|  0.1|INFORM|Committed transaction at feature '494000'
2021-08-10 16:19:44| 484.5|  0.1|INFORM|Committed transaction at feature '495000'
2021-08-10 16:19:44| 484.6|  0.1|INFORM|Committed transaction at feature '496000'
2021-08-10 16:19:44| 484.7|  0.1|INFORM|Committed transaction at feature '497000'
2021-08-10 16:19:44| 484.8|  0.1|INFORM|Committed transaction at feature '498000'
2021-08-10 16:19:45| 484.9|  0.1|INFORM|POSTGIS writer: 498540 of 553881 features written
2021-08-10 16:19:45| 485.0|  0.1|INFORM|Committed transaction at feature '499000'
2021-08-10 16:19:45| 485.0|  0.1|INFORM|Committed transaction at feature '500000'
2021-08-10 16:19:45| 485.3|  0.2|INFORM|Committed transaction at feature '501000'
2021-08-10 16:19:45| 485.4|  0.1|INFORM|Committed transaction at feature '502000'
2021-08-10 16:19:45| 485.5|  0.1|INFORM|Committed transaction at feature '503000'
2021-08-10 16:19:45| 485.6|  0.1|INFORM|Committed transaction at feature '504000'
2021-08-10 16:19:45| 485.7|  0.1|INFORM|Committed transaction at feature '505000'
2021-08-10 16:19:46| 485.8|  0.1|INFORM|Committed transaction at feature '506000'
2021-08-10 16:19:46| 486.0|  0.1|INFORM|Committed transaction at feature '507000'
2021-08-10 16:19:46| 486.1|  0.1|INFORM|Committed transaction at feature '508000'
2021-08-10 16:19:46| 486.2|  0.1|INFORM|Committed transaction at feature '509000'
2021-08-10 16:19:46| 486.3|  0.1|INFORM|Committed transaction at feature '510000'
2021-08-10 16:19:47| 486.5|  0.3|INFORM|Committed transaction at feature '511000'
2021-08-10 16:19:47| 486.7|  0.1|INFORM|Committed transaction at feature '512000'
2021-08-10 16:19:47| 486.8|  0.1|INFORM|Committed transaction at feature '513000'
2021-08-10 16:19:47| 486.9|  0.1|INFORM|Committed transaction at feature '514000'
2021-08-10 16:19:47| 487.0|  0.1|INFORM|Committed transaction at feature '515000'
2021-08-10 16:19:47| 487.2|  0.1|INFORM|Committed transaction at feature '516000'
2021-08-10 16:19:47| 487.3|  0.1|INFORM|Committed transaction at feature '517000'
2021-08-10 16:19:48| 487.5|  0.1|INFORM|Committed transaction at feature '518000'
2021-08-10 16:19:48| 487.6|  0.1|INFORM|Committed transaction at feature '519000'
2021-08-10 16:19:48| 487.7|  0.1|INFORM|Committed transaction at feature '520000'
2021-08-10 16:19:48| 487.9|  0.2|INFORM|Committed transaction at feature '521000'
2021-08-10 16:19:48| 488.0|  0.1|INFORM|Committed transaction at feature '522000'
2021-08-10 16:19:48| 488.1|  0.1|INFORM|Committed transaction at feature '523000'
2021-08-10 16:19:48| 488.3|  0.1|INFORM|Committed transaction at feature '524000'
2021-08-10 16:19:49| 488.3|  0.1|INFORM|Committed transaction at feature '525000'
2021-08-10 16:19:49| 488.5|  0.1|INFORM|Committed transaction at feature '526000'
2021-08-10 16:19:49| 488.6|  0.1|INFORM|Committed transaction at feature '527000'
2021-08-10 16:19:49| 488.7|  0.1|INFORM|Committed transaction at feature '528000'
2021-08-10 16:19:49| 488.8|  0.1|INFORM|Committed transaction at feature '529000'
2021-08-10 16:19:49| 488.9|  0.1|INFORM|Committed transaction at feature '530000'
2021-08-10 16:19:50| 489.2|  0.3|INFORM|POSTGIS writer: 530402 of 553881 features written
2021-08-10 16:19:50| 489.3|  0.1|INFORM|Committed transaction at feature '531000'
2021-08-10 16:19:50| 489.5|  0.2|INFORM|Committed transaction at feature '532000'
2021-08-10 16:19:50| 489.6|  0.1|INFORM|Committed transaction at feature '533000'
2021-08-10 16:19:50| 489.7|  0.1|INFORM|Committed transaction at feature '534000'
2021-08-10 16:19:50| 489.8|  0.1|INFORM|Committed transaction at feature '535000'
2021-08-10 16:19:50| 490.0|  0.1|INFORM|Committed transaction at feature '536000'
2021-08-10 16:19:50| 490.1|  0.1|INFORM|Committed transaction at feature '537000'
2021-08-10 16:19:51| 490.2|  0.1|INFORM|Committed transaction at feature '538000'
2021-08-10 16:19:51| 490.3|  0.1|INFORM|Committed transaction at feature '539000'
2021-08-10 16:19:51| 490.4|  0.1|INFORM|Committed transaction at feature '540000'
2021-08-10 16:19:51| 490.7|  0.2|INFORM|Committed transaction at feature '541000'
2021-08-10 16:19:51| 490.8|  0.1|INFORM|Committed transaction at feature '542000'
2021-08-10 16:19:51| 490.9|  0.1|INFORM|Committed transaction at feature '543000'
2021-08-10 16:19:52| 491.0|  0.1|INFORM|Committed transaction at feature '544000'
2021-08-10 16:19:52| 491.1|  0.1|INFORM|Committed transaction at feature '545000'
2021-08-10 16:19:52| 491.3|  0.1|INFORM|Committed transaction at feature '546000'
2021-08-10 16:19:52| 491.4|  0.1|INFORM|Committed transaction at feature '547000'
2021-08-10 16:19:52| 491.5|  0.1|INFORM|Committed transaction at feature '548000'
2021-08-10 16:19:52| 491.6|  0.1|INFORM|Committed transaction at feature '549000'
2021-08-10 16:19:52| 491.7|  0.1|INFORM|Committed transaction at feature '550000'
2021-08-10 16:19:53| 491.9|  0.2|INFORM|Committed transaction at feature '551000'
2021-08-10 16:19:53| 492.0|  0.1|INFORM|Committed transaction at feature '552000'
2021-08-10 16:19:53| 492.1|  0.1|INFORM|Committed transaction at feature '553000'
2021-08-10 16:19:53| 492.2|  0.1|INFORM|POSTGIS writer: 553881 of 553881 features written
2021-08-10 16:19:53| 492.7|  0.5|STATS |Sorter (SortFactory): Finished sorting a total of 553881 features.
2021-08-10 16:19:53| 492.7|  0.0|STATS |Destination Feature Type Routing Correlator (RoutingFactory): Tested 553881 input feature(s), wrote 553881 output feature(s): 0 matched merge filters, 553881 were routed to output, 0 could not be routed.
2021-08-10 16:19:53| 492.7|  0.0|STATS |Final Output Nuker (TeeFactory): Cloned 0 input feature(s) into 0 output feature(s)
2021-08-10 16:19:53| 492.7|  0.0|INFORM|Creating 'BTree' index on column "wstar_id" of table 'public.tx_tubing_latest_build'...
2021-08-10 16:19:55| 492.7|  0.0|INFORM|Creating 'BTree' index on column "api" of table 'public.tx_tubing_latest_build'...
2021-08-10 16:19:56| 492.7|  0.0|INFORM|Creating 'BTree' index on column "api_cnty" of table 'public.tx_tubing_latest_build'...
2021-08-10 16:19:57| 492.7|  0.0|INFORM|Creating 'BTree' index on column "county" of table 'public.tx_tubing_latest_build'...
2021-08-10 16:19:57| 492.8|  0.0|INFORM|Creating 'GIST' index on column "geom" of table 'public.tx_tubing_latest_build'...
2021-08-10 16:20:03| 492.8|  0.0|INFORM|Successfully closed POSTGIS database writer
2021-08-10 16:20:03| 492.8|  0.0|INFORM|=-=-=-=-=-=-=-=-=-=-=-=-=-=-=-=-=-=-=-=-=-=-=-=-=-=-=-=-=-=-=-=-=-=-=-=-=-=-=-
2021-08-10 16:20:03| 492.8|  0.0|INFORM|Feature output statistics for `POSTGIS' writer using keyword `POSTGIS_1':
2021-08-10 16:20:03| 492.8|  0.0|STATS |=-=-=-=-=-=-=-=-=-=-=-=-=-=-=-=-=-=-=-=-=-=-=-=-=-=-=-=-=-=-=-=-=-=-=-=-=-=-=-
2021-08-10 16:20:03| 492.8|  0.0|STATS |                               Features Written
2021-08-10 16:20:03| 492.8|  0.0|STATS |=-=-=-=-=-=-=-=-=-=-=-=-=-=-=-=-=-=-=-=-=-=-=-=-=-=-=-=-=-=-=-=-=-=-=-=-=-=-=-
2021-08-10 16:20:03| 492.8|  0.0|STATS |public.tx_tubing_latest_build                                           553881
2021-08-10 16:20:03| 492.8|  0.0|STATS |==============================================================================
2021-08-10 16:20:03| 492.8|  0.0|STATS |Total Features Written                                                  553881
2021-08-10 16:20:03| 492.8|  0.0|STATS |=-=-=-=-=-=-=-=-=-=-=-=-=-=-=-=-=-=-=-=-=-=-=-=-=-=-=-=-=-=-=-=-=-=-=-=-=-=-=-
2021-08-10 16:20:03| 492.8|  0.0|STATS |=-=-=-=-=-=-=-=-=-=-=-=-=-=-=-=-=-=-=-=-=-=-=-=-=-=-=-=-=-=-=-=-=-=-=-=-=-=-=-
2021-08-10 16:20:03| 492.8|  0.0|STATS |                            Features Read Summary
2021-08-10 16:20:03| 492.8|  0.0|STATS |=-=-=-=-=-=-=-=-=-=-=-=-=-=-=-=-=-=-=-=-=-=-=-=-=-=-=-=-=-=-=-=-=-=-=-=-=-=-=-
2021-08-10 16:20:03| 492.8|  0.0|STATS |==============================================================================
2021-08-10 16:20:03| 492.8|  0.0|STATS |Total Features Read                                                          0
2021-08-10 16:20:03| 492.8|  0.0|STATS |=-=-=-=-=-=-=-=-=-=-=-=-=-=-=-=-=-=-=-=-=-=-=-=-=-=-=-=-=-=-=-=-=-=-=-=-=-=-=-
2021-08-10 16:20:03| 492.8|  0.0|STATS |=-=-=-=-=-=-=-=-=-=-=-=-=-=-=-=-=-=-=-=-=-=-=-=-=-=-=-=-=-=-=-=-=-=-=-=-=-=-=-
2021-08-10 16:20:03| 492.8|  0.0|STATS |                           Features Written Summary
2021-08-10 16:20:03| 492.8|  0.0|STATS |=-=-=-=-=-=-=-=-=-=-=-=-=-=-=-=-=-=-=-=-=-=-=-=-=-=-=-=-=-=-=-=-=-=-=-=-=-=-=-
2021-08-10 16:20:03| 492.8|  0.0|STATS |public.tx_tubing_latest_build                                           553881
2021-08-10 16:20:03| 492.8|  0.0|STATS |==============================================================================
2021-08-10 16:20:03| 492.8|  0.0|STATS |Total Features Written                                                  553881
2021-08-10 16:20:03| 492.8|  0.0|STATS |=-=-=-=-=-=-=-=-=-=-=-=-=-=-=-=-=-=-=-=-=-=-=-=-=-=-=-=-=-=-=-=-=-=-=-=-=-=-=-
2021-08-10 16:20:03| 492.8|  0.0|INFORM|Translation was SUCCESSFUL with 2 warning(s) (553881 feature(s) output)
2021-08-10 16:20:03| 492.8|  0.0|INFORM|FME Session Duration: 9 minutes 7.9 seconds. (CPU: 464.8s user, 26.9s system)
2021-08-10 16:20:03| 492.8|  0.0|INFORM|END - ProcessID: 13280, peak process memory usage: 3453508 kB, current process memory usage: 111000 kB
